[2022-03-14 03:46:10.354892] Slave 1 OP: send_SMP_0x0B
[2022-03-14 03:46:10.366659] Slave 2 OP: end_send_SMP_0x0B
[2022-03-14 03:46:10.673934] Master 1 OP: recv_SMP_0x0B
[2022-03-14 03:46:10.678682] Slave 3 OP: recv_SMP_0x01
[2022-03-14 03:46:10.680227] Master 2 OP: end_recv_SMP_0x0B
[2022-03-14 03:46:10.683067] Master 3 OP: send_SMP_0x01
[2022-03-14 03:46:10.684783] Master 4 OP: end_send_SMP_0x01
[2022-03-14 03:46:10.692705] Slave 4 OP: end_recv_SMP_0x01
[2022-03-14 03:46:10.694735] Slave 5 OP: send_SMP_0x02
[2022-03-14 03:46:10.696868] Slave 6 OP: end_send_SMP_0x02
[2022-03-14 03:46:10.865881] Master 5 OP: recv_SMP_0x02
[2022-03-14 03:46:10.878023] Master 6 OP: end_recv_SMP_0x02
[2022-03-14 03:46:10.897347] Master 7 OP: send_SMP_0x0C
[2022-03-14 03:46:10.898065] Master 8 OP: end_send_SMP_0x0C
[2022-03-14 03:46:10.936941] Slave 7 OP: recv_SMP_0x0C
[2022-03-14 03:46:10.953006] Slave 8 OP: end_recv_SMP_0x0C
[2022-03-14 03:46:10.957836] Slave 9 OP: send_SMP_0x0C
[2022-03-14 03:46:10.960773] Slave 10 OP: end_send_SMP_0x0C
[2022-03-14 03:46:11.220684] Slave 11 OP: recv_SMP_0x03
[2022-03-14 03:46:11.229719] Slave 12 OP: end_recv_SMP_0x03
[2022-03-14 03:46:11.231708] Slave 13 OP: send_SMP_0x03
[2022-03-14 03:46:11.240283] Slave 14 OP: end_send_SMP_0x03
[2022-03-14 03:46:11.373969] Master 9 OP: recv_SMP_0x0C
[2022-03-14 03:46:11.380688] Slave 15 OP: recv_SMP_0x04
[2022-03-14 03:46:11.386975] Master 10 OP: end_recv_SMP_0x0C
[2022-03-14 03:46:11.394858] Master 11 OP: send_SMP_0x03
[2022-03-14 03:46:11.396947] Slave 16 OP: end_recv_SMP_0x04
[2022-03-14 03:46:11.398792] Slave 17 OP: send_SMP_0x04
[2022-03-14 03:46:11.400366] Master 12 OP: end_send_SMP_0x03
[2022-03-14 03:46:11.403409] Slave 18 OP: end_send_SMP_0x04
[2022-03-14 03:46:11.570703] Slave 19 OP: recv_SMP_0x03
[2022-03-14 03:46:11.579722] Slave 20 OP: end_recv_SMP_0x03
[2022-03-14 03:46:11.581685] Slave 21 OP: send_SMP_0x03
[2022-03-14 03:46:11.589678] Slave 22 OP: end_send_SMP_0x03
[2022-03-14 03:46:11.590304] Master 13 OP: recv_SMP_0x03
[2022-03-14 03:46:11.594854] Master 14 OP: end_recv_SMP_0x03
[2022-03-14 03:46:11.597890] Master 15 OP: send_SMP_0x04
[2022-03-14 03:46:11.598923] Master 16 OP: end_send_SMP_0x04
[2022-03-14 03:46:11.730735] Slave 23 OP: recv_SMP_0x04
[2022-03-14 03:46:11.745724] Slave 24 OP: end_recv_SMP_0x04
[2022-03-14 03:46:11.747706] Slave 25 OP: send_SMP_0x04
[2022-03-14 03:46:11.749880] Slave 26 OP: end_send_SMP_0x04
[2022-03-14 03:46:11.751417] Master 17 OP: recv_SMP_0x04
[2022-03-14 03:46:11.756058] Master 18 OP: end_recv_SMP_0x04
[2022-03-14 03:46:11.759138] Master 19 OP: send_SMP_0x03
[2022-03-14 03:46:11.762661] Master 20 OP: end_send_SMP_0x03
[2022-03-14 03:46:11.970686] Slave 27 OP: recv_SMP_0x03
[2022-03-14 03:46:11.979683] Slave 28 OP: end_recv_SMP_0x03
[2022-03-14 03:46:11.982428] Slave 29 OP: send_SMP_0x03
[2022-03-14 03:46:11.989379] Slave 30 OP: end_send_SMP_0x03
[2022-03-14 03:46:11.998920] Master 21 OP: recv_SMP_0x03
[2022-03-14 03:46:12.003938] Master 22 OP: end_recv_SMP_0x03
[2022-03-14 03:46:12.098837] Master 23 OP: send_SMP_0x04
[2022-03-14 03:46:12.101434] Master 24 OP: end_send_SMP_0x04
[2022-03-14 03:46:12.131180] Slave 31 OP: recv_SMP_0x04
[2022-03-14 03:46:12.145716] Slave 32 OP: end_recv_SMP_0x04
[2022-03-14 03:46:12.147785] Slave 33 OP: send_SMP_0x04
[2022-03-14 03:46:12.149703] Slave 34 OP: end_send_SMP_0x04
[2022-03-14 03:46:12.159743] Master 25 OP: recv_SMP_0x04
[2022-03-14 03:46:12.164945] Master 26 OP: end_recv_SMP_0x04
[2022-03-14 03:46:12.247991] Master 27 OP: send_SMP_0x03
[2022-03-14 03:46:12.251960] Master 28 OP: end_send_SMP_0x03
[2022-03-14 03:46:12.320713] Slave 35 OP: recv_SMP_0x03
[2022-03-14 03:46:12.329724] Slave 36 OP: end_recv_SMP_0x03
[2022-03-14 03:46:12.331700] Slave 37 OP: send_SMP_0x03
[2022-03-14 03:46:12.339726] Slave 38 OP: end_send_SMP_0x03
[2022-03-14 03:46:12.348825] Master 29 OP: recv_SMP_0x03
[2022-03-14 03:46:12.354186] Master 30 OP: end_recv_SMP_0x03
[2022-03-14 03:46:12.448013] Master 31 OP: send_SMP_0x04
[2022-03-14 03:46:12.450920] Master 32 OP: end_send_SMP_0x04
[2022-03-14 03:46:12.480739] Slave 39 OP: recv_SMP_0x04
[2022-03-14 03:46:12.495750] Slave 40 OP: end_recv_SMP_0x04
[2022-03-14 03:46:12.497723] Slave 41 OP: send_SMP_0x04
[2022-03-14 03:46:12.499718] Slave 42 OP: end_send_SMP_0x04
[2022-03-14 03:46:12.508610] Master 33 OP: recv_SMP_0x04
[2022-03-14 03:46:12.515004] Master 34 OP: end_recv_SMP_0x04
[2022-03-14 03:46:12.597967] Master 35 OP: send_SMP_0x03
[2022-03-14 03:46:12.602019] Master 36 OP: end_send_SMP_0x03
[2022-03-14 03:46:12.670713] Slave 43 OP: recv_SMP_0x03
[2022-03-14 03:46:12.679722] Slave 44 OP: end_recv_SMP_0x03
[2022-03-14 03:46:12.682871] Slave 45 OP: send_SMP_0x03
[2022-03-14 03:46:12.690185] Slave 46 OP: end_send_SMP_0x03
[2022-03-14 03:46:12.698242] Master 37 OP: recv_SMP_0x03
[2022-03-14 03:46:12.703937] Master 38 OP: end_recv_SMP_0x03
[2022-03-14 03:46:12.798839] Master 39 OP: send_SMP_0x04
[2022-03-14 03:46:12.801178] Master 40 OP: end_send_SMP_0x04
[2022-03-14 03:46:12.830725] Slave 47 OP: recv_SMP_0x04
[2022-03-14 03:46:12.845758] Slave 48 OP: end_recv_SMP_0x04
[2022-03-14 03:46:12.847740] Slave 49 OP: send_SMP_0x04
[2022-03-14 03:46:12.849694] Slave 50 OP: end_send_SMP_0x04
[2022-03-14 03:46:12.856297] Master 41 OP: recv_SMP_0x04
[2022-03-14 03:46:12.865541] Master 42 OP: end_recv_SMP_0x04
[2022-03-14 03:46:12.948841] Master 43 OP: send_SMP_0x03
[2022-03-14 03:46:12.952276] Master 44 OP: end_send_SMP_0x03
[2022-03-14 03:46:13.020734] Slave 51 OP: recv_SMP_0x03
[2022-03-14 03:46:13.029778] Slave 52 OP: end_recv_SMP_0x03
[2022-03-14 03:46:13.031984] Slave 53 OP: send_SMP_0x03
[2022-03-14 03:46:13.039948] Slave 54 OP: end_send_SMP_0x03
[2022-03-14 03:46:13.048523] Master 45 OP: recv_SMP_0x03
[2022-03-14 03:46:13.055112] Master 46 OP: end_recv_SMP_0x03
[2022-03-14 03:46:13.148898] Master 47 OP: send_SMP_0x04
[2022-03-14 03:46:13.150973] Master 48 OP: end_send_SMP_0x04
[2022-03-14 03:46:13.180745] Slave 55 OP: recv_SMP_0x04
[2022-03-14 03:46:13.195824] Slave 56 OP: end_recv_SMP_0x04
[2022-03-14 03:46:13.197728] Slave 57 OP: send_SMP_0x04
[2022-03-14 03:46:13.199802] Slave 58 OP: end_send_SMP_0x04
[2022-03-14 03:46:13.206786] Master 49 OP: recv_SMP_0x04
[2022-03-14 03:46:13.218918] Master 50 OP: end_recv_SMP_0x04
[2022-03-14 03:46:13.299454] Master 51 OP: send_SMP_0x03
[2022-03-14 03:46:13.304761] Master 52 OP: end_send_SMP_0x03
[2022-03-14 03:46:13.370707] Slave 59 OP: recv_SMP_0x03
[2022-03-14 03:46:13.379738] Slave 60 OP: end_recv_SMP_0x03
[2022-03-14 03:46:13.381749] Slave 61 OP: send_SMP_0x03
[2022-03-14 03:46:13.391236] Slave 62 OP: end_send_SMP_0x03
[2022-03-14 03:46:13.399090] Master 53 OP: recv_SMP_0x03
[2022-03-14 03:46:13.404577] Master 54 OP: end_recv_SMP_0x03
[2022-03-14 03:46:13.498895] Master 55 OP: send_SMP_0x04
[2022-03-14 03:46:13.501042] Master 56 OP: end_send_SMP_0x04
[2022-03-14 03:46:13.530747] Slave 63 OP: recv_SMP_0x04
[2022-03-14 03:46:13.545770] Slave 64 OP: end_recv_SMP_0x04
[2022-03-14 03:46:13.548022] Slave 65 OP: send_SMP_0x04
[2022-03-14 03:46:13.550308] Slave 66 OP: end_send_SMP_0x04
[2022-03-14 03:46:13.555944] Master 57 OP: recv_SMP_0x04
[2022-03-14 03:46:13.565171] Master 58 OP: end_recv_SMP_0x04
[2022-03-14 03:46:13.648001] Master 59 OP: send_SMP_0x03
[2022-03-14 03:46:13.651995] Master 60 OP: end_send_SMP_0x03
[2022-03-14 03:46:13.720687] Slave 67 OP: recv_SMP_0x03
[2022-03-14 03:46:13.729797] Slave 68 OP: end_recv_SMP_0x03
[2022-03-14 03:46:13.733546] Slave 69 OP: send_SMP_0x03
[2022-03-14 03:46:13.743843] Slave 70 OP: end_send_SMP_0x03
[2022-03-14 03:46:13.749425] Master 61 OP: recv_SMP_0x03
[2022-03-14 03:46:13.754548] Master 62 OP: end_recv_SMP_0x03
[2022-03-14 03:46:13.848886] Master 63 OP: send_SMP_0x04
[2022-03-14 03:46:13.850980] Master 64 OP: end_send_SMP_0x04
[2022-03-14 03:46:13.880749] Slave 71 OP: recv_SMP_0x04
[2022-03-14 03:46:13.900385] Slave 72 OP: end_recv_SMP_0x04
[2022-03-14 03:46:13.900865] Slave 73 OP: send_SMP_0x04
[2022-03-14 03:46:13.901723] Slave 74 OP: end_send_SMP_0x04
[2022-03-14 03:46:13.906538] Master 65 OP: recv_SMP_0x04
[2022-03-14 03:46:13.917804] Master 66 OP: end_recv_SMP_0x04
[2022-03-14 03:46:13.998850] Master 67 OP: send_SMP_0x03
[2022-03-14 03:46:14.002011] Master 68 OP: end_send_SMP_0x03
[2022-03-14 03:46:14.070723] Slave 75 OP: recv_SMP_0x03
[2022-03-14 03:46:14.079772] Slave 76 OP: end_recv_SMP_0x03
[2022-03-14 03:46:14.081760] Slave 77 OP: send_SMP_0x03
[2022-03-14 03:46:14.089751] Slave 78 OP: end_send_SMP_0x03
[2022-03-14 03:46:14.098258] Master 69 OP: recv_SMP_0x03
[2022-03-14 03:46:14.104275] Master 70 OP: end_recv_SMP_0x03
[2022-03-14 03:46:14.198870] Master 71 OP: send_SMP_0x04
[2022-03-14 03:46:14.200997] Master 72 OP: end_send_SMP_0x04
[2022-03-14 03:46:14.230870] Slave 79 OP: recv_SMP_0x04
[2022-03-14 03:46:14.245762] Slave 80 OP: end_recv_SMP_0x04
[2022-03-14 03:46:14.247788] Slave 81 OP: send_SMP_0x04
[2022-03-14 03:46:14.249841] Slave 82 OP: end_send_SMP_0x04
[2022-03-14 03:46:14.255969] Master 73 OP: recv_SMP_0x04
[2022-03-14 03:46:14.265129] Master 74 OP: end_recv_SMP_0x04
[2022-03-14 03:46:14.349004] Master 75 OP: send_SMP_0x03
[2022-03-14 03:46:14.352031] Master 76 OP: end_send_SMP_0x03
[2022-03-14 03:46:14.420741] Slave 83 OP: recv_SMP_0x03
[2022-03-14 03:46:14.429759] Slave 84 OP: end_recv_SMP_0x03
[2022-03-14 03:46:14.434467] Slave 85 OP: send_SMP_0x03
[2022-03-14 03:46:14.439807] Slave 86 OP: end_send_SMP_0x03
[2022-03-14 03:46:14.448860] Master 77 OP: recv_SMP_0x03
[2022-03-14 03:46:14.454004] Master 78 OP: end_recv_SMP_0x03
[2022-03-14 03:46:14.548866] Master 79 OP: send_SMP_0x04
[2022-03-14 03:46:14.550906] Master 80 OP: end_send_SMP_0x04
[2022-03-14 03:46:14.580778] Slave 87 OP: recv_SMP_0x04
[2022-03-14 03:46:14.596347] Slave 88 OP: end_recv_SMP_0x04
[2022-03-14 03:46:14.597869] Slave 89 OP: send_SMP_0x04
[2022-03-14 03:46:14.599921] Slave 90 OP: end_send_SMP_0x04
[2022-03-14 03:46:14.606945] Master 81 OP: recv_SMP_0x04
[2022-03-14 03:46:14.616207] Master 82 OP: end_recv_SMP_0x04
[2022-03-14 03:46:14.698928] Master 83 OP: send_SMP_0x03
[2022-03-14 03:46:14.701989] Master 84 OP: end_send_SMP_0x03
[2022-03-14 03:46:14.770720] Slave 91 OP: recv_SMP_0x03
[2022-03-14 03:46:14.779746] Slave 92 OP: end_recv_SMP_0x03
[2022-03-14 03:46:14.781760] Slave 93 OP: send_SMP_0x03
[2022-03-14 03:46:14.790255] Slave 94 OP: end_send_SMP_0x03
[2022-03-14 03:46:14.798924] Master 85 OP: recv_SMP_0x03
[2022-03-14 03:46:14.804590] Master 86 OP: end_recv_SMP_0x03
[2022-03-14 03:46:14.899026] Master 87 OP: send_SMP_0x04
[2022-03-14 03:46:14.900965] Master 88 OP: end_send_SMP_0x04
[2022-03-14 03:46:14.930747] Slave 95 OP: recv_SMP_0x04
[2022-03-14 03:46:14.945812] Slave 96 OP: end_recv_SMP_0x04
[2022-03-14 03:46:14.948247] Slave 97 OP: send_SMP_0x04
[2022-03-14 03:46:14.950291] Slave 98 OP: end_send_SMP_0x04
[2022-03-14 03:46:14.956913] Master 89 OP: recv_SMP_0x04
[2022-03-14 03:46:14.966069] Master 90 OP: end_recv_SMP_0x04
[2022-03-14 03:46:15.048879] Master 91 OP: send_SMP_0x03
[2022-03-14 03:46:15.052029] Master 92 OP: end_send_SMP_0x03
[2022-03-14 03:46:15.120774] Slave 99 OP: recv_SMP_0x03
[2022-03-14 03:46:15.129747] Slave 100 OP: end_recv_SMP_0x03
[2022-03-14 03:46:15.131735] Slave 101 OP: send_SMP_0x03
[2022-03-14 03:46:15.139720] Slave 102 OP: end_send_SMP_0x03
[2022-03-14 03:46:15.148652] Master 93 OP: recv_SMP_0x03
[2022-03-14 03:46:15.153017] Master 94 OP: end_recv_SMP_0x03
[2022-03-14 03:46:15.248953] Master 95 OP: send_SMP_0x04
[2022-03-14 03:46:15.251128] Master 96 OP: end_send_SMP_0x04
[2022-03-14 03:46:15.280747] Slave 103 OP: recv_SMP_0x04
[2022-03-14 03:46:15.295803] Slave 104 OP: end_recv_SMP_0x04
[2022-03-14 03:46:15.298810] Slave 105 OP: send_SMP_0x04
[2022-03-14 03:46:15.301500] Slave 106 OP: end_send_SMP_0x04
[2022-03-14 03:46:15.306911] Master 97 OP: recv_SMP_0x04
[2022-03-14 03:46:15.315924] Master 98 OP: end_recv_SMP_0x04
[2022-03-14 03:46:15.331818] Master 99 OP: send_SMP_0x03
[2022-03-14 03:46:15.334709] Master 100 OP: end_send_SMP_0x03
[2022-03-14 03:46:15.453142] Master 101 OP: recv_SMP_0x03
[2022-03-14 03:46:15.458294] Master 102 OP: end_recv_SMP_0x03
[2022-03-14 03:46:15.460221] Master 103 OP: send_SMP_0x04
[2022-03-14 03:46:15.462987] Master 104 OP: end_send_SMP_0x04
[2022-03-14 03:46:15.473216] Slave 107 OP: recv_SMP_0x03
[2022-03-14 03:46:15.482721] Slave 108 OP: end_recv_SMP_0x03
[2022-03-14 03:46:15.484901] Slave 109 OP: send_SMP_0x03
[2022-03-14 03:46:15.492008] Slave 110 OP: end_send_SMP_0x03
[2022-03-14 03:46:15.608930] Master 105 OP: recv_SMP_0x04
[2022-03-14 03:46:15.616984] Master 106 OP: end_recv_SMP_0x04
[2022-03-14 03:46:15.623879] Master 107 OP: send_SMP_0x03
[2022-03-14 03:46:15.628220] Master 108 OP: end_send_SMP_0x03
[2022-03-14 03:46:15.630748] Slave 111 OP: recv_SMP_0x04
[2022-03-14 03:46:15.645813] Slave 112 OP: end_recv_SMP_0x04
[2022-03-14 03:46:15.647794] Slave 113 OP: send_SMP_0x04
[2022-03-14 03:46:15.649840] Slave 114 OP: end_send_SMP_0x04
[2022-03-14 03:46:15.820806] Slave 115 OP: recv_SMP_0x03
[2022-03-14 03:46:15.829850] Slave 116 OP: end_recv_SMP_0x03
[2022-03-14 03:46:15.831739] Slave 117 OP: send_SMP_0x03
[2022-03-14 03:46:15.840025] Slave 118 OP: end_send_SMP_0x03
[2022-03-14 03:46:15.900953] Master 109 OP: recv_SMP_0x03
[2022-03-14 03:46:15.907313] Master 110 OP: end_recv_SMP_0x03
[2022-03-14 03:46:15.911046] Master 111 OP: send_SMP_0x04
[2022-03-14 03:46:15.911539] Master 112 OP: end_send_SMP_0x04
[2022-03-14 03:46:16.022746] Slave 119 OP: recv_SMP_0x04
[2022-03-14 03:46:16.037771] Slave 120 OP: end_recv_SMP_0x04
[2022-03-14 03:46:16.039102] Slave 121 OP: send_SMP_0x04
[2022-03-14 03:46:16.041820] Slave 122 OP: end_send_SMP_0x04
[2022-03-14 03:46:16.046967] Master 113 OP: recv_SMP_0x04
[2022-03-14 03:46:16.057161] Master 114 OP: end_recv_SMP_0x04
[2022-03-14 03:46:16.059646] Master 115 OP: send_SMP_0x03
[2022-03-14 03:46:16.150986] Master 116 OP: end_send_SMP_0x03
[2022-03-14 03:46:16.221054] Slave 123 OP: recv_SMP_0x03
[2022-03-14 03:46:16.229837] Slave 124 OP: end_recv_SMP_0x03
[2022-03-14 03:46:16.231771] Slave 125 OP: send_SMP_0x03
[2022-03-14 03:46:16.239806] Slave 126 OP: end_send_SMP_0x03
[2022-03-14 03:46:16.356987] Master 117 OP: recv_SMP_0x03
[2022-03-14 03:46:16.360989] Master 118 OP: end_recv_SMP_0x03
[2022-03-14 03:46:16.363965] Master 119 OP: send_SMP_0x04
[2022-03-14 03:46:16.366266] Master 120 OP: end_send_SMP_0x04
[2022-03-14 03:46:16.380784] Slave 127 OP: recv_SMP_0x04
[2022-03-14 03:46:16.395861] Slave 128 OP: end_recv_SMP_0x04
[2022-03-14 03:46:16.397767] Slave 129 OP: send_SMP_0x04
[2022-03-14 03:46:16.399837] Slave 130 OP: end_send_SMP_0x04
[2022-03-14 03:46:16.504075] Master 121 OP: recv_SMP_0x04
[2022-03-14 03:46:16.553019] Master 122 OP: end_recv_SMP_0x04
[2022-03-14 03:46:16.558157] Master 123 OP: send_SMP_0x03
[2022-03-14 03:46:16.562445] Master 124 OP: end_send_SMP_0x03
[2022-03-14 03:46:16.570785] Slave 131 OP: recv_SMP_0x03
[2022-03-14 03:46:16.579860] Slave 132 OP: end_recv_SMP_0x03
[2022-03-14 03:46:16.582006] Slave 133 OP: send_SMP_0x03
[2022-03-14 03:46:16.589849] Slave 134 OP: end_send_SMP_0x03
[2022-03-14 03:46:16.707880] Master 125 OP: recv_SMP_0x03
[2022-03-14 03:46:16.711928] Master 126 OP: end_recv_SMP_0x03
[2022-03-14 03:46:16.713981] Master 127 OP: send_SMP_0x04
[2022-03-14 03:46:16.716213] Master 128 OP: end_send_SMP_0x04
[2022-03-14 03:46:16.730902] Slave 135 OP: recv_SMP_0x04
[2022-03-14 03:46:16.745816] Slave 136 OP: end_recv_SMP_0x04
[2022-03-14 03:46:16.748182] Slave 137 OP: send_SMP_0x04
[2022-03-14 03:46:16.750075] Slave 138 OP: end_send_SMP_0x04
[2022-03-14 03:46:16.854065] Master 129 OP: recv_SMP_0x04
[2022-03-14 03:46:16.903016] Master 130 OP: end_recv_SMP_0x04
[2022-03-14 03:46:16.907406] Master 131 OP: send_SMP_0x03
[2022-03-14 03:46:16.910237] Master 132 OP: end_send_SMP_0x03
[2022-03-14 03:46:16.921121] Slave 139 OP: recv_SMP_0x03
[2022-03-14 03:46:16.930573] Slave 140 OP: end_recv_SMP_0x03
[2022-03-14 03:46:16.934437] Slave 141 OP: send_SMP_0x03
[2022-03-14 03:46:16.940371] Slave 142 OP: end_send_SMP_0x03
[2022-03-14 03:46:17.057036] Master 133 OP: recv_SMP_0x03
[2022-03-14 03:46:17.061007] Master 134 OP: end_recv_SMP_0x03
[2022-03-14 03:46:17.063628] Master 135 OP: send_SMP_0x04
[2022-03-14 03:46:17.066199] Master 136 OP: end_send_SMP_0x04
[2022-03-14 03:46:17.080842] Slave 143 OP: recv_SMP_0x04
[2022-03-14 03:46:17.095822] Slave 144 OP: end_recv_SMP_0x04
[2022-03-14 03:46:17.100591] Slave 145 OP: send_SMP_0x04
[2022-03-14 03:46:17.108465] Slave 146 OP: end_send_SMP_0x04
[2022-03-14 03:46:17.204007] Master 137 OP: recv_SMP_0x04
[2022-03-14 03:46:17.253147] Master 138 OP: end_recv_SMP_0x04
[2022-03-14 03:46:17.255924] Master 139 OP: send_SMP_0x03
[2022-03-14 03:46:17.259072] Master 140 OP: end_send_SMP_0x03
[2022-03-14 03:46:17.271935] Slave 147 OP: recv_SMP_0x03
[2022-03-14 03:46:17.279833] Slave 148 OP: end_recv_SMP_0x03
[2022-03-14 03:46:17.281807] Slave 149 OP: send_SMP_0x03
[2022-03-14 03:46:17.289835] Slave 150 OP: end_send_SMP_0x03
[2022-03-14 03:46:17.407529] Master 141 OP: recv_SMP_0x03
[2022-03-14 03:46:17.411058] Master 142 OP: end_recv_SMP_0x03
[2022-03-14 03:46:17.417048] Master 143 OP: send_SMP_0x04
[2022-03-14 03:46:17.417606] Master 144 OP: end_send_SMP_0x04
[2022-03-14 03:46:17.430863] Slave 151 OP: recv_SMP_0x04
[2022-03-14 03:46:17.445811] Slave 152 OP: end_recv_SMP_0x04
[2022-03-14 03:46:17.447844] Slave 153 OP: send_SMP_0x04
[2022-03-14 03:46:17.449873] Slave 154 OP: end_send_SMP_0x04
[2022-03-14 03:46:17.554008] Master 145 OP: recv_SMP_0x04
[2022-03-14 03:46:17.603083] Master 146 OP: end_recv_SMP_0x04
[2022-03-14 03:46:17.607550] Master 147 OP: send_SMP_0x03
[2022-03-14 03:46:17.611321] Master 148 OP: end_send_SMP_0x03
[2022-03-14 03:46:17.621430] Slave 155 OP: recv_SMP_0x03
[2022-03-14 03:46:17.629826] Slave 156 OP: end_recv_SMP_0x03
[2022-03-14 03:46:17.631864] Slave 157 OP: send_SMP_0x03
[2022-03-14 03:46:17.640774] Slave 158 OP: end_send_SMP_0x03
[2022-03-14 03:46:17.757257] Master 149 OP: recv_SMP_0x03
[2022-03-14 03:46:17.763243] Master 150 OP: end_recv_SMP_0x03
[2022-03-14 03:46:17.764371] Master 151 OP: send_SMP_0x04
[2022-03-14 03:46:17.769726] Master 152 OP: end_send_SMP_0x04
[2022-03-14 03:46:17.780944] Slave 159 OP: recv_SMP_0x04
[2022-03-14 03:46:17.797892] Slave 160 OP: end_recv_SMP_0x04
[2022-03-14 03:46:17.801455] Slave 161 OP: send_SMP_0x04
[2022-03-14 03:46:17.803226] Slave 162 OP: end_send_SMP_0x04
[2022-03-14 03:46:17.904263] Master 153 OP: recv_SMP_0x04
[2022-03-14 03:46:17.953011] Master 154 OP: end_recv_SMP_0x04
[2022-03-14 03:46:17.955047] Master 155 OP: send_SMP_0x03
[2022-03-14 03:46:17.959245] Master 156 OP: end_send_SMP_0x03
[2022-03-14 03:46:17.970812] Slave 163 OP: recv_SMP_0x03
[2022-03-14 03:46:17.986549] Slave 164 OP: end_recv_SMP_0x03
[2022-03-14 03:46:17.989360] Slave 165 OP: send_SMP_0x03
[2022-03-14 03:46:17.991429] Slave 166 OP: end_send_SMP_0x03
[2022-03-14 03:46:18.107010] Master 157 OP: recv_SMP_0x03
[2022-03-14 03:46:18.111116] Master 158 OP: end_recv_SMP_0x03
[2022-03-14 03:46:18.114205] Master 159 OP: send_SMP_0x04
[2022-03-14 03:46:18.116041] Master 160 OP: end_send_SMP_0x04
[2022-03-14 03:46:18.130811] Slave 167 OP: recv_SMP_0x04
[2022-03-14 03:46:18.146018] Slave 168 OP: end_recv_SMP_0x04
[2022-03-14 03:46:18.148194] Slave 169 OP: send_SMP_0x04
[2022-03-14 03:46:18.149863] Slave 170 OP: end_send_SMP_0x04
[2022-03-14 03:46:18.254085] Master 161 OP: recv_SMP_0x04
[2022-03-14 03:46:18.352990] Master 162 OP: end_recv_SMP_0x04
[2022-03-14 03:46:18.355010] Master 163 OP: send_SMP_0x03
[2022-03-14 03:46:18.359130] Master 164 OP: end_send_SMP_0x03
[2022-03-14 03:46:18.372801] Slave 171 OP: recv_SMP_0x0D
[2022-03-14 03:46:18.439708] Master 165 OP: recv_SMP_0x03
[2022-03-14 03:46:18.447916] Slave 172 OP: end_recv_SMP_0x0D
[2022-03-14 03:46:18.448941] Master 166 OP: end_recv_SMP_0x03
[2022-03-14 03:46:18.451171] Master 167 OP: send_SMP_0x04
[2022-03-14 03:46:18.452786] Slave 173 OP: send_SMP_0x0D
[2022-03-14 03:46:18.453132] Master 168 OP: end_send_SMP_0x04
[2022-03-14 03:46:18.454809] Slave 174 OP: end_send_SMP_0x0D
[2022-03-14 03:46:18.660037] Master 169 OP: recv_SMP_0x04
[2022-03-14 03:46:18.699022] Master 170 OP: end_recv_SMP_0x04
[2022-03-14 03:46:18.701184] Master 171 OP: send_SMP_0x0D
[2022-03-14 03:46:18.704820] Master 172 OP: end_send_SMP_0x0D
[2022-03-14 03:46:18.854774] Slave 175 OP: send_SMP_0x0F
[2022-03-14 03:46:18.856854] Slave 176 OP: end_send_SMP_0x0F
[2022-03-14 03:46:18.858007] Master 173 OP: recv_SMP_0x0D
[2022-03-14 03:46:18.859835] Slave 177 OP: send_SMP_0x08
[2022-03-14 03:46:18.861816] Slave 178 OP: end_send_SMP_0x08
[2022-03-14 03:46:18.863858] Slave 179 OP: send_SMP_0x09
[2022-03-14 03:46:18.865861] Slave 180 OP: end_send_SMP_0x09
[2022-03-14 03:46:18.868790] Slave 181 OP: send_SMP_0x0A
[2022-03-14 03:46:18.903269] Master 174 OP: end_recv_SMP_0x0D
[2022-03-14 03:46:18.909870] Slave 182 OP: end_send_SMP_0x0A
[2022-03-14 03:46:19.133013] Master 175 OP: recv_SMP_0x0F
[2022-03-14 03:46:19.135484] Master 176 OP: end_recv_SMP_0x0F
[2022-03-14 03:46:19.400980] Master 177 OP: recv_SMP_0x08
[2022-03-14 03:46:19.404112] Master 178 OP: end_recv_SMP_0x08
[2022-03-14 03:46:19.429097] Master 179 OP: recv_SMP_0x09
[2022-03-14 03:46:19.440776] Slave 183 OP: recv_SMP_0x0F
[2022-03-14 03:46:19.444076] Slave 184 OP: end_recv_SMP_0x0F
[2022-03-14 03:46:19.476897] Slave 185 OP: recv_SMP_0x08
[2022-03-14 03:46:19.482858] Slave 186 OP: end_recv_SMP_0x08
[2022-03-14 03:46:19.504932] Slave 187 OP: recv_SMP_0x09
[2022-03-14 03:46:19.588106] Master 180 OP: end_recv_SMP_0x09
[2022-03-14 03:46:19.611279] Master 181 OP: recv_SMP_0x0A
[2022-03-14 03:46:19.616446] Master 182 OP: end_recv_SMP_0x0A
[2022-03-14 03:46:19.630921] Master 183 OP: send_SMP_0x0F
[2022-03-14 03:46:19.634051] Master 184 OP: end_send_SMP_0x0F
[2022-03-14 03:46:19.636514] Master 185 OP: send_SMP_0x08
[2022-03-14 03:46:19.638110] Master 186 OP: end_send_SMP_0x08
[2022-03-14 03:46:19.643855] Master 187 OP: send_SMP_0x09
[2022-03-14 03:46:19.647568] Master 188 OP: end_send_SMP_0x09
[2022-03-14 03:46:19.653324] Master 189 OP: send_SMP_0x0A
[2022-03-14 03:46:19.675142] Slave 188 OP: end_recv_SMP_0x09
