[2022-03-14 03:45:06.953416] 1 1 OP: recv_SMP_0x04
[2022-03-14 03:45:06.957167] 0 1 OP: recv_SMP_0x04
[2022-03-14 03:45:06.967317] 1 2 OP: end_recv_SMP_0x04
[2022-03-14 03:45:06.974252] 1 3 OP: send_SMP_0x04
[2022-03-14 03:45:06.976207] 1 4 OP: end_send_SMP_0x04
[2022-03-14 03:45:06.977445] 0 2 OP: end_recv_SMP_0x04
[2022-03-14 03:45:06.978672] 0 3 OP: send_SMP_0x03
[2022-03-14 03:45:06.985840] 0 4 OP: end_send_SMP_0x03
[2022-03-14 03:45:07.146365] 1 5 OP: recv_SMP_0x03
[2022-03-14 03:45:07.156219] 0 5 OP: recv_SMP_0x03
[2022-03-14 03:45:07.156904] 1 6 OP: end_recv_SMP_0x03
[2022-03-14 03:45:07.157282] 1 7 OP: send_SMP_0x03
[2022-03-14 03:45:07.165146] 0 6 OP: end_recv_SMP_0x03
[2022-03-14 03:45:07.165782] 1 8 OP: end_send_SMP_0x03
[2022-03-14 03:45:07.167393] 0 7 OP: send_SMP_0x04
[2022-03-14 03:45:07.173547] 0 8 OP: end_send_SMP_0x04
[2022-03-14 03:45:07.303326] 1 9 OP: recv_SMP_0x04
[2022-03-14 03:45:07.307155] 0 9 OP: recv_SMP_0x04
[2022-03-14 03:45:07.317336] 1 10 OP: end_recv_SMP_0x04
[2022-03-14 03:45:07.320356] 1 11 OP: send_SMP_0x04
[2022-03-14 03:45:07.322275] 1 12 OP: end_send_SMP_0x04
[2022-03-14 03:45:07.325153] 0 10 OP: end_recv_SMP_0x04
[2022-03-14 03:45:07.327158] 0 11 OP: send_SMP_0x03
[2022-03-14 03:45:07.335192] 0 12 OP: end_send_SMP_0x03
[2022-03-14 03:45:07.500990] 1 13 OP: recv_SMP_0x03
[2022-03-14 03:45:07.505429] 0 13 OP: recv_SMP_0x03
[2022-03-14 03:45:07.505743] 1 14 OP: end_recv_SMP_0x03
[2022-03-14 03:45:07.515017] 1 15 OP: send_SMP_0x03
[2022-03-14 03:45:07.516101] 0 14 OP: end_recv_SMP_0x03
[2022-03-14 03:45:07.516356] 1 16 OP: end_send_SMP_0x03
[2022-03-14 03:45:07.517563] 0 15 OP: send_SMP_0x04
[2022-03-14 03:45:07.519730] 0 16 OP: end_send_SMP_0x04
[2022-03-14 03:45:07.653372] 1 17 OP: recv_SMP_0x04
[2022-03-14 03:45:07.657207] 0 17 OP: recv_SMP_0x04
[2022-03-14 03:45:07.667318] 1 18 OP: end_recv_SMP_0x04
[2022-03-14 03:45:07.670372] 1 19 OP: send_SMP_0x04
[2022-03-14 03:45:07.672334] 1 20 OP: end_send_SMP_0x04
[2022-03-14 03:45:07.675293] 0 18 OP: end_recv_SMP_0x04
[2022-03-14 03:45:07.677386] 0 19 OP: send_SMP_0x03
[2022-03-14 03:45:07.685126] 0 20 OP: end_send_SMP_0x03
[2022-03-14 03:45:07.833330] 1 21 OP: recv_SMP_0x03
[2022-03-14 03:45:07.837332] 1 22 OP: end_recv_SMP_0x03
[2022-03-14 03:45:07.839561] 1 23 OP: send_SMP_0x03
[2022-03-14 03:45:07.843356] 1 24 OP: end_send_SMP_0x03
[2022-03-14 03:45:07.855183] 0 21 OP: recv_SMP_0x03
[2022-03-14 03:45:07.865140] 0 22 OP: end_recv_SMP_0x03
[2022-03-14 03:45:07.869265] 0 23 OP: send_SMP_0x04
[2022-03-14 03:45:07.872515] 0 24 OP: end_send_SMP_0x04
[2022-03-14 03:45:07.984436] 1 25 OP: recv_SMP_0x04
[2022-03-14 03:45:07.994603] 1 26 OP: end_recv_SMP_0x04
[2022-03-14 03:45:08.006681] 1 27 OP: send_SMP_0x04
[2022-03-14 03:45:08.012476] 1 28 OP: end_send_SMP_0x04
[2022-03-14 03:45:08.021806] 0 25 OP: recv_SMP_0x04
[2022-03-14 03:45:08.033752] 0 26 OP: end_recv_SMP_0x04
[2022-03-14 03:45:08.038637] 0 27 OP: send_SMP_0x03
[2022-03-14 03:45:08.046507] 0 28 OP: end_send_SMP_0x03
[2022-03-14 03:45:08.104798] 1 29 OP: recv_SMP_0x03
[2022-03-14 03:45:08.182360] 1 30 OP: end_recv_SMP_0x03
[2022-03-14 03:45:08.184865] 1 31 OP: send_SMP_0x03
[2022-03-14 03:45:08.189363] 1 32 OP: end_send_SMP_0x03
[2022-03-14 03:45:08.220151] 0 29 OP: recv_SMP_0x03
[2022-03-14 03:45:08.229173] 0 30 OP: end_recv_SMP_0x03
[2022-03-14 03:45:08.232700] 0 31 OP: send_SMP_0x04
[2022-03-14 03:45:08.233927] 0 32 OP: end_send_SMP_0x04
[2022-03-14 03:45:08.383310] 1 33 OP: recv_SMP_0x04
[2022-03-14 03:45:08.390924] 1 34 OP: end_recv_SMP_0x04
[2022-03-14 03:45:08.392940] 1 35 OP: send_SMP_0x04
[2022-03-14 03:45:08.394439] 1 36 OP: end_send_SMP_0x04
[2022-03-14 03:45:08.407195] 0 33 OP: recv_SMP_0x04
[2022-03-14 03:45:08.425181] 0 34 OP: end_recv_SMP_0x04
[2022-03-14 03:45:08.427171] 0 35 OP: send_SMP_0x03
[2022-03-14 03:45:08.435185] 0 36 OP: end_send_SMP_0x03
[2022-03-14 03:45:08.505074] 1 37 OP: recv_SMP_0x03
[2022-03-14 03:45:08.584401] 1 38 OP: end_recv_SMP_0x03
[2022-03-14 03:45:08.586351] 1 39 OP: send_SMP_0x03
[2022-03-14 03:45:08.590352] 1 40 OP: end_send_SMP_0x03
[2022-03-14 03:45:08.605230] 0 37 OP: recv_SMP_0x03
[2022-03-14 03:45:08.614583] 0 38 OP: end_recv_SMP_0x03
[2022-03-14 03:45:08.616207] 0 39 OP: send_SMP_0x04
[2022-03-14 03:45:08.632938] 0 40 OP: end_send_SMP_0x04
[2022-03-14 03:45:08.733580] 1 41 OP: recv_SMP_0x04
[2022-03-14 03:45:08.741968] 1 42 OP: end_recv_SMP_0x04
[2022-03-14 03:45:08.742522] 1 43 OP: send_SMP_0x04
[2022-03-14 03:45:08.744937] 1 44 OP: end_send_SMP_0x04
[2022-03-14 03:45:08.757396] 0 41 OP: recv_SMP_0x04
[2022-03-14 03:45:08.775298] 0 42 OP: end_recv_SMP_0x04
[2022-03-14 03:45:08.777324] 0 43 OP: send_SMP_0x03
[2022-03-14 03:45:08.785225] 0 44 OP: end_send_SMP_0x03
[2022-03-14 03:45:08.856800] 1 45 OP: recv_SMP_0x03
[2022-03-14 03:45:08.934452] 1 46 OP: end_recv_SMP_0x03
[2022-03-14 03:45:08.936336] 1 47 OP: send_SMP_0x03
[2022-03-14 03:45:08.940327] 1 48 OP: end_send_SMP_0x03
[2022-03-14 03:45:08.955283] 0 45 OP: recv_SMP_0x03
[2022-03-14 03:45:08.965160] 0 46 OP: end_recv_SMP_0x03
[2022-03-14 03:45:08.967132] 0 47 OP: send_SMP_0x04
[2022-03-14 03:45:08.985342] 0 48 OP: end_send_SMP_0x04
[2022-03-14 03:45:09.083333] 1 49 OP: recv_SMP_0x04
[2022-03-14 03:45:09.090745] 1 50 OP: end_recv_SMP_0x04
[2022-03-14 03:45:09.092380] 1 51 OP: send_SMP_0x04
[2022-03-14 03:45:09.093498] 1 52 OP: end_send_SMP_0x04
[2022-03-14 03:45:09.107205] 0 49 OP: recv_SMP_0x04
[2022-03-14 03:45:09.125200] 0 50 OP: end_recv_SMP_0x04
[2022-03-14 03:45:09.127145] 0 51 OP: send_SMP_0x03
[2022-03-14 03:45:09.184966] 0 52 OP: end_send_SMP_0x03
[2022-03-14 03:45:09.212663] 1 53 OP: recv_SMP_0x03
[2022-03-14 03:45:09.284418] 1 54 OP: end_recv_SMP_0x03
[2022-03-14 03:45:09.286443] 1 55 OP: send_SMP_0x03
[2022-03-14 03:45:09.290358] 1 56 OP: end_send_SMP_0x03
[2022-03-14 03:45:09.309188] 0 53 OP: recv_SMP_0x03
[2022-03-14 03:45:09.315411] 0 54 OP: end_recv_SMP_0x03
[2022-03-14 03:45:09.317232] 0 55 OP: send_SMP_0x04
[2022-03-14 03:45:09.335066] 0 56 OP: end_send_SMP_0x04
[2022-03-14 03:45:09.433387] 1 57 OP: recv_SMP_0x04
[2022-03-14 03:45:09.439563] 1 58 OP: end_recv_SMP_0x04
[2022-03-14 03:45:09.442342] 1 59 OP: send_SMP_0x04
[2022-03-14 03:45:09.444353] 1 60 OP: end_send_SMP_0x04
[2022-03-14 03:45:09.457219] 0 57 OP: recv_SMP_0x04
[2022-03-14 03:45:09.475170] 0 58 OP: end_recv_SMP_0x04
[2022-03-14 03:45:09.477165] 0 59 OP: send_SMP_0x03
[2022-03-14 03:45:09.485137] 0 60 OP: end_send_SMP_0x03
[2022-03-14 03:45:09.554805] 1 61 OP: recv_SMP_0x03
[2022-03-14 03:45:09.634439] 1 62 OP: end_recv_SMP_0x03
[2022-03-14 03:45:09.636347] 1 63 OP: send_SMP_0x03
[2022-03-14 03:45:09.640417] 1 64 OP: end_send_SMP_0x03
[2022-03-14 03:45:09.660004] 0 61 OP: recv_SMP_0x03
[2022-03-14 03:45:09.665137] 0 62 OP: end_recv_SMP_0x03
[2022-03-14 03:45:09.667120] 0 63 OP: send_SMP_0x04
[2022-03-14 03:45:09.682903] 0 64 OP: end_send_SMP_0x04
[2022-03-14 03:45:09.783370] 1 65 OP: recv_SMP_0x04
[2022-03-14 03:45:09.790373] 1 66 OP: end_recv_SMP_0x04
[2022-03-14 03:45:09.793845] 1 67 OP: send_SMP_0x04
[2022-03-14 03:45:09.795609] 1 68 OP: end_send_SMP_0x04
[2022-03-14 03:45:09.807251] 0 65 OP: recv_SMP_0x04
[2022-03-14 03:45:09.825234] 0 66 OP: end_recv_SMP_0x04
[2022-03-14 03:45:09.827258] 0 67 OP: send_SMP_0x03
[2022-03-14 03:45:09.836306] 0 68 OP: end_send_SMP_0x03
[2022-03-14 03:45:09.904751] 1 69 OP: recv_SMP_0x03
[2022-03-14 03:45:09.984462] 1 70 OP: end_recv_SMP_0x03
[2022-03-14 03:45:09.986377] 1 71 OP: send_SMP_0x03
[2022-03-14 03:45:09.990376] 1 72 OP: end_send_SMP_0x03
[2022-03-14 03:45:10.005233] 0 69 OP: recv_SMP_0x03
[2022-03-14 03:45:10.015142] 0 70 OP: end_recv_SMP_0x03
[2022-03-14 03:45:10.017054] 0 71 OP: send_SMP_0x04
[2022-03-14 03:45:10.032852] 0 72 OP: end_send_SMP_0x04
[2022-03-14 03:45:10.133403] 1 73 OP: recv_SMP_0x04
[2022-03-14 03:45:10.140340] 1 74 OP: end_recv_SMP_0x04
[2022-03-14 03:45:10.142337] 1 75 OP: send_SMP_0x04
[2022-03-14 03:45:10.144300] 1 76 OP: end_send_SMP_0x04
[2022-03-14 03:45:10.159601] 0 73 OP: recv_SMP_0x04
[2022-03-14 03:45:10.175303] 0 74 OP: end_recv_SMP_0x04
[2022-03-14 03:45:10.177319] 0 75 OP: send_SMP_0x03
[2022-03-14 03:45:10.185191] 0 76 OP: end_send_SMP_0x03
[2022-03-14 03:45:10.255098] 1 77 OP: recv_SMP_0x03
[2022-03-14 03:45:10.334435] 1 78 OP: end_recv_SMP_0x03
[2022-03-14 03:45:10.336311] 1 79 OP: send_SMP_0x03
[2022-03-14 03:45:10.340469] 1 80 OP: end_send_SMP_0x03
[2022-03-14 03:45:10.355232] 0 77 OP: recv_SMP_0x03
[2022-03-14 03:45:10.365256] 0 78 OP: end_recv_SMP_0x03
[2022-03-14 03:45:10.367186] 0 79 OP: send_SMP_0x04
[2022-03-14 03:45:10.382940] 0 80 OP: end_send_SMP_0x04
[2022-03-14 03:45:10.483396] 1 81 OP: recv_SMP_0x04
[2022-03-14 03:45:10.489551] 1 82 OP: end_recv_SMP_0x04
[2022-03-14 03:45:10.492400] 1 83 OP: send_SMP_0x04
[2022-03-14 03:45:10.494371] 1 84 OP: end_send_SMP_0x04
[2022-03-14 03:45:10.507945] 0 81 OP: recv_SMP_0x04
[2022-03-14 03:45:10.645890] 0 82 OP: end_recv_SMP_0x04
[2022-03-14 03:45:10.652852] 0 83 OP: send_SMP_0x0D
[2022-03-14 03:45:10.654877] 0 84 OP: end_send_SMP_0x0D
[2022-03-14 03:45:10.656691] 1 85 OP: recv_SMP_0x0D
[2022-03-14 03:45:10.800465] 1 86 OP: end_recv_SMP_0x0D
[2022-03-14 03:45:10.805414] 1 87 OP: send_SMP_0x0D
[2022-03-14 03:45:10.807822] 0 85 OP: recv_SMP_0x0D
[2022-03-14 03:45:10.808581] 1 88 OP: end_send_SMP_0x0D
[2022-03-14 03:45:10.948085] 0 86 OP: end_recv_SMP_0x0D
[2022-03-14 03:45:11.263678] 1 89 OP: send_SMP_0x0F
[2022-03-14 03:45:11.265107] 1 90 OP: end_send_SMP_0x0F
[2022-03-14 03:45:11.285651] 1 91 OP: send_SMP_0x08
[2022-03-14 03:45:11.287532] 1 92 OP: end_send_SMP_0x08
[2022-03-14 03:45:11.289435] 1 93 OP: send_SMP_0x09
[2022-03-14 03:45:11.292132] 1 94 OP: end_send_SMP_0x09
[2022-03-14 03:45:11.296296] 1 95 OP: send_SMP_0x0A
[2022-03-14 03:45:11.331516] 0 87 OP: recv_SMP_0x0F
[2022-03-14 03:45:11.336182] 0 88 OP: end_recv_SMP_0x0F
[2022-03-14 03:45:11.346260] 1 96 OP: end_send_SMP_0x0A
[2022-03-14 03:45:11.363231] 0 89 OP: recv_SMP_0x08
[2022-03-14 03:45:11.369252] 0 90 OP: end_recv_SMP_0x08
[2022-03-14 03:45:11.396913] 0 91 OP: recv_SMP_0x09
[2022-03-14 03:45:11.652071] 0 92 OP: end_recv_SMP_0x09
[2022-03-14 03:45:11.675229] 1 97 OP: recv_SMP_0x0F
[2022-03-14 03:45:11.677123] 0 93 OP: recv_SMP_0x0A
[2022-03-14 03:45:11.678766] 1 98 OP: end_recv_SMP_0x0F
[2022-03-14 03:45:11.685470] 0 94 OP: end_recv_SMP_0x0A
[2022-03-14 03:45:11.692570] 0 95 OP: send_SMP_0x0F
[2022-03-14 03:45:11.694745] 0 96 OP: end_send_SMP_0x0F
[2022-03-14 03:45:11.698929] 0 97 OP: send_SMP_0x08
[2022-03-14 03:45:11.700570] 0 98 OP: end_send_SMP_0x08
[2022-03-14 03:45:11.706323] 0 99 OP: send_SMP_0x09
[2022-03-14 03:45:11.709927] 0 100 OP: end_send_SMP_0x09
[2022-03-14 03:45:11.714139] 1 99 OP: recv_SMP_0x08
[2022-03-14 03:45:11.719260] 0 101 OP: send_SMP_0x0A
[2022-03-14 03:45:11.721872] 1 100 OP: end_recv_SMP_0x08
[2022-03-14 03:45:11.739666] 1 101 OP: recv_SMP_0x09
[2022-03-14 03:45:11.789853] 0 102 OP: end_send_SMP_0x0A
[2022-03-14 03:45:11.909229] 1 102 OP: end_recv_SMP_0x09
[2022-03-14 03:45:11.930841] 1 103 OP: recv_SMP_0x0A
[2022-03-14 03:45:11.936774] 1 104 OP: end_recv_SMP_0x0A
