[2022-03-14 15:22:50.278389] Slave 1 OP: send_SMP_0x0B
[2022-03-14 15:22:50.286390] Slave 2 OP: end_send_SMP_0x0B
[2022-03-14 15:22:50.361406] Master 1 OP: recv_SMP_0x0B
[2022-03-14 15:22:50.365485] Master 2 OP: end_recv_SMP_0x0B
[2022-03-14 15:22:50.369260] Master 3 OP: send_SMP_0x01
[2022-03-14 15:22:50.372325] Master 4 OP: end_send_SMP_0x01
[2022-03-14 15:22:50.597278] Master 5 OP: recv_SMP_0x02
[2022-03-14 15:22:50.612332] Master 6 OP: end_recv_SMP_0x02
[2022-03-14 15:22:50.614290] Master 7 OP: send_SMP_0x0C
[2022-03-14 15:22:50.616398] Master 8 OP: end_send_SMP_0x0C
[2022-03-14 15:22:50.751371] Slave 3 OP: recv_SMP_0x01
[2022-03-14 15:22:50.768476] Slave 4 OP: end_recv_SMP_0x01
[2022-03-14 15:22:50.769441] Slave 5 OP: send_SMP_0x02
[2022-03-14 15:22:50.771483] Slave 6 OP: end_send_SMP_0x02
[2022-03-14 15:22:50.906371] Slave 7 OP: recv_SMP_0x0C
[2022-03-14 15:22:50.928425] Slave 8 OP: end_recv_SMP_0x0C
[2022-03-14 15:22:50.929398] Slave 9 OP: send_SMP_0x0C
[2022-03-14 15:22:50.930453] Slave 10 OP: end_send_SMP_0x0C
[2022-03-14 15:22:50.950318] Master 9 OP: recv_SMP_0x0C
[2022-03-14 15:22:50.966322] Master 10 OP: end_recv_SMP_0x0C
[2022-03-14 15:22:50.972280] Master 11 OP: send_SMP_0x03
[2022-03-14 15:22:50.980292] Master 12 OP: end_send_SMP_0x03
[2022-03-14 15:22:51.147316] Master 13 OP: recv_SMP_0x03
[2022-03-14 15:22:51.156362] Master 14 OP: end_recv_SMP_0x03
[2022-03-14 15:22:51.158326] Master 15 OP: send_SMP_0x04
[2022-03-14 15:22:51.161273] Master 16 OP: end_send_SMP_0x04
[2022-03-14 15:22:51.177411] Slave 11 OP: recv_SMP_0x03
[2022-03-14 15:22:51.182454] Slave 12 OP: end_recv_SMP_0x03
[2022-03-14 15:22:51.183584] Slave 13 OP: send_SMP_0x03
[2022-03-14 15:22:51.276432] Slave 14 OP: end_send_SMP_0x03
[2022-03-14 15:22:51.299287] Master 17 OP: recv_SMP_0x04
[2022-03-14 15:22:51.317304] Master 18 OP: end_recv_SMP_0x04
[2022-03-14 15:22:51.319282] Master 19 OP: send_SMP_0x03
[2022-03-14 15:22:51.327282] Master 20 OP: end_send_SMP_0x03
[2022-03-14 15:22:51.341978] Slave 15 OP: recv_SMP_0x04
[2022-03-14 15:22:51.378466] Slave 16 OP: end_recv_SMP_0x04
[2022-03-14 15:22:51.380443] Slave 17 OP: send_SMP_0x04
[2022-03-14 15:22:51.382434] Slave 18 OP: end_send_SMP_0x04
[2022-03-14 15:22:51.497306] Master 21 OP: recv_SMP_0x03
[2022-03-14 15:22:51.507618] Master 22 OP: end_recv_SMP_0x03
[2022-03-14 15:22:51.508314] Master 23 OP: send_SMP_0x04
[2022-03-14 15:22:51.511323] Master 24 OP: end_send_SMP_0x04
[2022-03-14 15:22:51.527744] Slave 19 OP: recv_SMP_0x03
[2022-03-14 15:22:51.532411] Slave 20 OP: end_recv_SMP_0x03
[2022-03-14 15:22:51.533376] Slave 21 OP: send_SMP_0x03
[2022-03-14 15:22:51.626433] Slave 22 OP: end_send_SMP_0x03
[2022-03-14 15:22:51.649293] Master 25 OP: recv_SMP_0x04
[2022-03-14 15:22:51.667236] Master 26 OP: end_recv_SMP_0x04
[2022-03-14 15:22:51.668328] Master 27 OP: send_SMP_0x03
[2022-03-14 15:22:51.677329] Master 28 OP: end_send_SMP_0x03
[2022-03-14 15:22:51.690376] Slave 23 OP: recv_SMP_0x04
[2022-03-14 15:22:51.728654] Slave 24 OP: end_recv_SMP_0x04
[2022-03-14 15:22:51.730451] Slave 25 OP: send_SMP_0x04
[2022-03-14 15:22:51.732399] Slave 26 OP: end_send_SMP_0x04
[2022-03-14 15:22:51.847309] Master 29 OP: recv_SMP_0x03
[2022-03-14 15:22:51.856356] Master 30 OP: end_recv_SMP_0x03
[2022-03-14 15:22:51.858481] Master 31 OP: send_SMP_0x04
[2022-03-14 15:22:51.861334] Master 32 OP: end_send_SMP_0x04
[2022-03-14 15:22:51.877417] Slave 27 OP: recv_SMP_0x03
[2022-03-14 15:22:51.882484] Slave 28 OP: end_recv_SMP_0x03
[2022-03-14 15:22:51.883422] Slave 29 OP: send_SMP_0x03
[2022-03-14 15:22:51.976444] Slave 30 OP: end_send_SMP_0x03
[2022-03-14 15:22:51.999316] Master 33 OP: recv_SMP_0x04
[2022-03-14 15:22:52.017313] Master 34 OP: end_recv_SMP_0x04
[2022-03-14 15:22:52.019346] Master 35 OP: send_SMP_0x03
[2022-03-14 15:22:52.027963] Master 36 OP: end_send_SMP_0x03
[2022-03-14 15:22:52.040416] Slave 31 OP: recv_SMP_0x04
[2022-03-14 15:22:52.078460] Slave 32 OP: end_recv_SMP_0x04
[2022-03-14 15:22:52.080462] Slave 33 OP: send_SMP_0x04
[2022-03-14 15:22:52.082451] Slave 34 OP: end_send_SMP_0x04
[2022-03-14 15:22:52.197323] Master 37 OP: recv_SMP_0x03
[2022-03-14 15:22:52.206361] Master 38 OP: end_recv_SMP_0x03
[2022-03-14 15:22:52.208328] Master 39 OP: send_SMP_0x04
[2022-03-14 15:22:52.211301] Master 40 OP: end_send_SMP_0x04
[2022-03-14 15:22:52.227502] Slave 35 OP: recv_SMP_0x03
[2022-03-14 15:22:52.232421] Slave 36 OP: end_recv_SMP_0x03
[2022-03-14 15:22:52.233485] Slave 37 OP: send_SMP_0x03
[2022-03-14 15:22:52.326494] Slave 38 OP: end_send_SMP_0x03
[2022-03-14 15:22:52.349354] Master 41 OP: recv_SMP_0x04
[2022-03-14 15:22:52.367304] Master 42 OP: end_recv_SMP_0x04
[2022-03-14 15:22:52.369334] Master 43 OP: send_SMP_0x03
[2022-03-14 15:22:52.377315] Master 44 OP: end_send_SMP_0x03
[2022-03-14 15:22:52.390423] Slave 39 OP: recv_SMP_0x04
[2022-03-14 15:22:52.428465] Slave 40 OP: end_recv_SMP_0x04
[2022-03-14 15:22:52.430480] Slave 41 OP: send_SMP_0x04
[2022-03-14 15:22:52.432461] Slave 42 OP: end_send_SMP_0x04
[2022-03-14 15:22:52.547385] Master 45 OP: recv_SMP_0x03
[2022-03-14 15:22:52.556356] Master 46 OP: end_recv_SMP_0x03
[2022-03-14 15:22:52.558356] Master 47 OP: send_SMP_0x04
[2022-03-14 15:22:52.561347] Master 48 OP: end_send_SMP_0x04
[2022-03-14 15:22:52.577456] Slave 43 OP: recv_SMP_0x03
[2022-03-14 15:22:52.582460] Slave 44 OP: end_recv_SMP_0x03
[2022-03-14 15:22:52.583456] Slave 45 OP: send_SMP_0x03
[2022-03-14 15:22:52.676466] Slave 46 OP: end_send_SMP_0x03
[2022-03-14 15:22:52.699655] Master 49 OP: recv_SMP_0x04
[2022-03-14 15:22:52.717305] Master 50 OP: end_recv_SMP_0x04
[2022-03-14 15:22:52.719641] Master 51 OP: send_SMP_0x03
[2022-03-14 15:22:52.727319] Master 52 OP: end_send_SMP_0x03
[2022-03-14 15:22:52.740433] Slave 47 OP: recv_SMP_0x04
[2022-03-14 15:22:52.778458] Slave 48 OP: end_recv_SMP_0x04
[2022-03-14 15:22:52.780437] Slave 49 OP: send_SMP_0x04
[2022-03-14 15:22:52.782435] Slave 50 OP: end_send_SMP_0x04
[2022-03-14 15:22:52.898265] Master 53 OP: recv_SMP_0x03
[2022-03-14 15:22:52.907335] Master 54 OP: end_recv_SMP_0x03
[2022-03-14 15:22:52.911383] Master 55 OP: send_SMP_0x04
[2022-03-14 15:22:52.912018] Master 56 OP: end_send_SMP_0x04
[2022-03-14 15:22:52.928429] Slave 51 OP: recv_SMP_0x03
[2022-03-14 15:22:52.932492] Slave 52 OP: end_recv_SMP_0x03
[2022-03-14 15:22:52.933473] Slave 53 OP: send_SMP_0x03
[2022-03-14 15:22:53.026441] Slave 54 OP: end_send_SMP_0x03
[2022-03-14 15:22:53.049347] Master 57 OP: recv_SMP_0x04
[2022-03-14 15:22:53.067303] Master 58 OP: end_recv_SMP_0x04
[2022-03-14 15:22:53.069967] Master 59 OP: send_SMP_0x03
[2022-03-14 15:22:53.077676] Master 60 OP: end_send_SMP_0x03
[2022-03-14 15:22:53.090439] Slave 55 OP: recv_SMP_0x04
[2022-03-14 15:22:53.128472] Slave 56 OP: end_recv_SMP_0x04
[2022-03-14 15:22:53.130477] Slave 57 OP: send_SMP_0x04
[2022-03-14 15:22:53.132458] Slave 58 OP: end_send_SMP_0x04
[2022-03-14 15:22:53.247309] Master 61 OP: recv_SMP_0x03
[2022-03-14 15:22:53.256345] Master 62 OP: end_recv_SMP_0x03
[2022-03-14 15:22:53.258330] Master 63 OP: send_SMP_0x04
[2022-03-14 15:22:53.261310] Master 64 OP: end_send_SMP_0x04
[2022-03-14 15:22:53.277453] Slave 59 OP: recv_SMP_0x03
[2022-03-14 15:22:53.282435] Slave 60 OP: end_recv_SMP_0x03
[2022-03-14 15:22:53.283439] Slave 61 OP: send_SMP_0x03
[2022-03-14 15:22:53.376479] Slave 62 OP: end_send_SMP_0x03
[2022-03-14 15:22:53.399326] Master 65 OP: recv_SMP_0x04
[2022-03-14 15:22:53.417301] Master 66 OP: end_recv_SMP_0x04
[2022-03-14 15:22:53.419335] Master 67 OP: send_SMP_0x03
[2022-03-14 15:22:53.427454] Master 68 OP: end_send_SMP_0x03
[2022-03-14 15:22:53.440466] Slave 63 OP: recv_SMP_0x04
[2022-03-14 15:22:53.478460] Slave 64 OP: end_recv_SMP_0x04
[2022-03-14 15:22:53.480519] Slave 65 OP: send_SMP_0x04
[2022-03-14 15:22:53.482497] Slave 66 OP: end_send_SMP_0x04
[2022-03-14 15:22:53.598075] Master 69 OP: recv_SMP_0x03
[2022-03-14 15:22:53.606377] Master 70 OP: end_recv_SMP_0x03
[2022-03-14 15:22:53.608348] Master 71 OP: send_SMP_0x04
[2022-03-14 15:22:53.611315] Master 72 OP: end_send_SMP_0x04
[2022-03-14 15:22:53.627441] Slave 67 OP: recv_SMP_0x03
[2022-03-14 15:22:53.632485] Slave 68 OP: end_recv_SMP_0x03
[2022-03-14 15:22:53.633438] Slave 69 OP: send_SMP_0x03
[2022-03-14 15:22:53.726472] Slave 70 OP: end_send_SMP_0x03
[2022-03-14 15:22:53.749326] Master 73 OP: recv_SMP_0x04
[2022-03-14 15:22:53.767296] Master 74 OP: end_recv_SMP_0x04
[2022-03-14 15:22:53.769326] Master 75 OP: send_SMP_0x03
[2022-03-14 15:22:53.777312] Master 76 OP: end_send_SMP_0x03
[2022-03-14 15:22:53.790490] Slave 71 OP: recv_SMP_0x04
[2022-03-14 15:22:53.828458] Slave 72 OP: end_recv_SMP_0x04
[2022-03-14 15:22:53.830504] Slave 73 OP: send_SMP_0x04
[2022-03-14 15:22:53.832442] Slave 74 OP: end_send_SMP_0x04
[2022-03-14 15:22:53.947309] Master 77 OP: recv_SMP_0x03
[2022-03-14 15:22:53.956401] Master 78 OP: end_recv_SMP_0x03
[2022-03-14 15:22:53.958382] Master 79 OP: send_SMP_0x04
[2022-03-14 15:22:53.961313] Master 80 OP: end_send_SMP_0x04
[2022-03-14 15:22:53.977438] Slave 75 OP: recv_SMP_0x03
[2022-03-14 15:22:53.982462] Slave 76 OP: end_recv_SMP_0x03
[2022-03-14 15:22:53.983546] Slave 77 OP: send_SMP_0x03
[2022-03-14 15:22:54.076518] Slave 78 OP: end_send_SMP_0x03
[2022-03-14 15:22:54.099322] Master 81 OP: recv_SMP_0x04
[2022-03-14 15:22:54.117336] Master 82 OP: end_recv_SMP_0x04
[2022-03-14 15:22:54.119332] Master 83 OP: send_SMP_0x03
[2022-03-14 15:22:54.127334] Master 84 OP: end_send_SMP_0x03
[2022-03-14 15:22:54.140477] Slave 79 OP: recv_SMP_0x04
[2022-03-14 15:22:54.178512] Slave 80 OP: end_recv_SMP_0x04
[2022-03-14 15:22:54.180478] Slave 81 OP: send_SMP_0x04
[2022-03-14 15:22:54.182470] Slave 82 OP: end_send_SMP_0x04
[2022-03-14 15:22:54.297320] Master 85 OP: recv_SMP_0x03
[2022-03-14 15:22:54.306386] Master 86 OP: end_recv_SMP_0x03
[2022-03-14 15:22:54.308379] Master 87 OP: send_SMP_0x04
[2022-03-14 15:22:54.311337] Master 88 OP: end_send_SMP_0x04
[2022-03-14 15:22:54.327448] Slave 83 OP: recv_SMP_0x03
[2022-03-14 15:22:54.333052] Slave 84 OP: end_recv_SMP_0x03
[2022-03-14 15:22:54.333539] Slave 85 OP: send_SMP_0x03
[2022-03-14 15:22:54.426493] Slave 86 OP: end_send_SMP_0x03
[2022-03-14 15:22:54.449345] Master 89 OP: recv_SMP_0x04
[2022-03-14 15:22:54.467321] Master 90 OP: end_recv_SMP_0x04
[2022-03-14 15:22:54.469304] Master 91 OP: send_SMP_0x03
[2022-03-14 15:22:54.477332] Master 92 OP: end_send_SMP_0x03
[2022-03-14 15:22:54.490477] Slave 87 OP: recv_SMP_0x04
[2022-03-14 15:22:54.528526] Slave 88 OP: end_recv_SMP_0x04
[2022-03-14 15:22:54.530514] Slave 89 OP: send_SMP_0x04
[2022-03-14 15:22:54.532462] Slave 90 OP: end_send_SMP_0x04
[2022-03-14 15:22:54.647369] Master 93 OP: recv_SMP_0x03
[2022-03-14 15:22:54.656394] Master 94 OP: end_recv_SMP_0x03
[2022-03-14 15:22:54.658389] Master 95 OP: send_SMP_0x04
[2022-03-14 15:22:54.661327] Master 96 OP: end_send_SMP_0x04
[2022-03-14 15:22:54.677469] Slave 91 OP: recv_SMP_0x03
[2022-03-14 15:22:54.682498] Slave 92 OP: end_recv_SMP_0x03
[2022-03-14 15:22:54.683883] Slave 93 OP: send_SMP_0x03
[2022-03-14 15:22:54.776489] Slave 94 OP: end_send_SMP_0x03
[2022-03-14 15:22:54.799371] Master 97 OP: recv_SMP_0x04
[2022-03-14 15:22:54.817378] Master 98 OP: end_recv_SMP_0x04
[2022-03-14 15:22:54.819342] Master 99 OP: send_SMP_0x03
[2022-03-14 15:22:54.827326] Master 100 OP: end_send_SMP_0x03
[2022-03-14 15:22:54.840471] Slave 95 OP: recv_SMP_0x04
[2022-03-14 15:22:54.878497] Slave 96 OP: end_recv_SMP_0x04
[2022-03-14 15:22:54.880513] Slave 97 OP: send_SMP_0x04
[2022-03-14 15:22:54.882459] Slave 98 OP: end_send_SMP_0x04
[2022-03-14 15:22:54.997338] Master 101 OP: recv_SMP_0x03
[2022-03-14 15:22:55.006407] Master 102 OP: end_recv_SMP_0x03
[2022-03-14 15:22:55.008402] Master 103 OP: send_SMP_0x04
[2022-03-14 15:22:55.011345] Master 104 OP: end_send_SMP_0x04
[2022-03-14 15:22:55.027429] Slave 99 OP: recv_SMP_0x03
[2022-03-14 15:22:55.033207] Slave 100 OP: end_recv_SMP_0x03
[2022-03-14 15:22:55.033473] Slave 101 OP: send_SMP_0x03
[2022-03-14 15:22:55.126487] Slave 102 OP: end_send_SMP_0x03
[2022-03-14 15:22:55.149384] Master 105 OP: recv_SMP_0x04
[2022-03-14 15:22:55.167358] Master 106 OP: end_recv_SMP_0x04
[2022-03-14 15:22:55.169316] Master 107 OP: send_SMP_0x03
[2022-03-14 15:22:55.177330] Master 108 OP: end_send_SMP_0x03
[2022-03-14 15:22:55.190474] Slave 103 OP: recv_SMP_0x04
[2022-03-14 15:22:55.229468] Slave 104 OP: end_recv_SMP_0x04
[2022-03-14 15:22:55.230473] Slave 105 OP: send_SMP_0x04
[2022-03-14 15:22:55.232521] Slave 106 OP: end_send_SMP_0x04
[2022-03-14 15:22:55.347357] Master 109 OP: recv_SMP_0x03
[2022-03-14 15:22:55.356383] Master 110 OP: end_recv_SMP_0x03
[2022-03-14 15:22:55.358443] Master 111 OP: send_SMP_0x04
[2022-03-14 15:22:55.361322] Master 112 OP: end_send_SMP_0x04
[2022-03-14 15:22:55.362471] Slave 107 OP: recv_SMP_0x03
[2022-03-14 15:22:55.366494] Slave 108 OP: end_recv_SMP_0x03
[2022-03-14 15:22:55.369572] Slave 109 OP: send_SMP_0x03
[2022-03-14 15:22:55.371435] Slave 110 OP: end_send_SMP_0x03
[2022-03-14 15:22:55.499375] Master 113 OP: recv_SMP_0x04
[2022-03-14 15:22:55.517370] Master 114 OP: end_recv_SMP_0x04
[2022-03-14 15:22:55.519311] Master 115 OP: send_SMP_0x03
[2022-03-14 15:22:55.525486] Slave 111 OP: recv_SMP_0x04
[2022-03-14 15:22:55.527354] Master 116 OP: end_send_SMP_0x03
[2022-03-14 15:22:55.531450] Slave 112 OP: end_recv_SMP_0x04
[2022-03-14 15:22:55.532461] Slave 113 OP: send_SMP_0x04
[2022-03-14 15:22:55.535509] Slave 114 OP: end_send_SMP_0x04
[2022-03-14 15:22:55.700482] Slave 115 OP: recv_SMP_0x03
[2022-03-14 15:22:55.710476] Slave 116 OP: end_recv_SMP_0x03
[2022-03-14 15:22:55.712375] Master 117 OP: recv_SMP_0x03
[2022-03-14 15:22:55.712563] Slave 117 OP: send_SMP_0x03
[2022-03-14 15:22:55.719530] Slave 118 OP: end_send_SMP_0x03
[2022-03-14 15:22:55.721354] Master 118 OP: end_recv_SMP_0x03
[2022-03-14 15:22:55.723363] Master 119 OP: send_SMP_0x04
[2022-03-14 15:22:55.725363] Master 120 OP: end_send_SMP_0x04
[2022-03-14 15:22:55.899345] Master 121 OP: recv_SMP_0x04
[2022-03-14 15:22:55.917414] Master 122 OP: end_recv_SMP_0x04
[2022-03-14 15:22:55.919357] Master 123 OP: send_SMP_0x03
[2022-03-14 15:22:55.925474] Slave 119 OP: recv_SMP_0x04
[2022-03-14 15:22:55.930227] Master 124 OP: end_send_SMP_0x03
[2022-03-14 15:22:55.931477] Slave 120 OP: end_recv_SMP_0x04
[2022-03-14 15:22:55.932543] Slave 121 OP: send_SMP_0x04
[2022-03-14 15:22:55.935501] Slave 122 OP: end_send_SMP_0x04
