[2022-03-14 03:47:50.374371] Slave 1 OP: send_SMP_0x0B
[2022-03-14 03:47:50.385863] Slave 2 OP: end_send_SMP_0x0B
[2022-03-14 03:47:50.609568] Master 1 OP: recv_SMP_0x0B
[2022-03-14 03:47:50.614584] Master 2 OP: end_recv_SMP_0x0B
[2022-03-14 03:47:50.620507] Master 3 OP: send_SMP_0x01
[2022-03-14 03:47:50.622901] Master 4 OP: end_send_SMP_0x01
[2022-03-14 03:47:50.786160] Slave 3 OP: recv_SMP_0x01
[2022-03-14 03:47:50.789923] Master 5 OP: recv_SMP_0x02
[2022-03-14 03:47:50.799109] Slave 4 OP: end_recv_SMP_0x01
[2022-03-14 03:47:50.806592] Slave 5 OP: send_SMP_0x02
[2022-03-14 03:47:50.807186] Master 6 OP: end_recv_SMP_0x02
[2022-03-14 03:47:50.810489] Slave 6 OP: end_send_SMP_0x02
[2022-03-14 03:47:50.812058] Master 7 OP: send_SMP_0x0C
[2022-03-14 03:47:50.813675] Master 8 OP: end_send_SMP_0x0C
[2022-03-14 03:47:50.982013] Slave 7 OP: recv_SMP_0x0C
[2022-03-14 03:47:50.991084] Slave 8 OP: end_recv_SMP_0x0C
[2022-03-14 03:47:50.992606] Slave 9 OP: send_SMP_0x0C
[2022-03-14 03:47:50.994128] Slave 10 OP: end_send_SMP_0x0C
[2022-03-14 03:47:51.172140] Master 9 OP: recv_SMP_0x0C
[2022-03-14 03:47:51.223571] Master 10 OP: end_recv_SMP_0x0C
[2022-03-14 03:47:51.226501] Master 11 OP: send_SMP_0x03
[2022-03-14 03:47:51.230492] Master 12 OP: end_send_SMP_0x03
[2022-03-14 03:47:51.239397] Slave 11 OP: recv_SMP_0x03
[2022-03-14 03:47:51.248517] Slave 12 OP: end_recv_SMP_0x03
[2022-03-14 03:47:51.250636] Slave 13 OP: send_SMP_0x03
[2022-03-14 03:47:51.258378] Slave 14 OP: end_send_SMP_0x03
[2022-03-14 03:47:51.399957] Slave 15 OP: recv_SMP_0x04
[2022-03-14 03:47:51.414380] Slave 16 OP: end_recv_SMP_0x04
[2022-03-14 03:47:51.414708] Master 13 OP: recv_SMP_0x03
[2022-03-14 03:47:51.416434] Slave 17 OP: send_SMP_0x04
[2022-03-14 03:47:51.419809] Slave 18 OP: end_send_SMP_0x04
[2022-03-14 03:47:51.420606] Master 14 OP: end_recv_SMP_0x03
[2022-03-14 03:47:51.420926] Master 15 OP: send_SMP_0x04
[2022-03-14 03:47:51.422620] Master 16 OP: end_send_SMP_0x04
[2022-03-14 03:47:51.584589] Master 17 OP: recv_SMP_0x04
[2022-03-14 03:47:51.589440] Slave 19 OP: recv_SMP_0x03
[2022-03-14 03:47:51.598344] Slave 20 OP: end_recv_SMP_0x03
[2022-03-14 03:47:51.598932] Master 18 OP: end_recv_SMP_0x04
[2022-03-14 03:47:51.600363] Slave 21 OP: send_SMP_0x03
[2022-03-14 03:47:51.600863] Master 19 OP: send_SMP_0x03
[2022-03-14 03:47:51.608354] Slave 22 OP: end_send_SMP_0x03
[2022-03-14 03:47:51.608975] Master 20 OP: end_send_SMP_0x03
[2022-03-14 03:47:51.749413] Slave 23 OP: recv_SMP_0x04
[2022-03-14 03:47:51.764449] Slave 24 OP: end_recv_SMP_0x04
[2022-03-14 03:47:51.764750] Master 21 OP: recv_SMP_0x03
[2022-03-14 03:47:51.766882] Slave 25 OP: send_SMP_0x04
[2022-03-14 03:47:51.768648] Slave 26 OP: end_send_SMP_0x04
[2022-03-14 03:47:51.773170] Master 22 OP: end_recv_SMP_0x03
[2022-03-14 03:47:51.773524] Master 23 OP: send_SMP_0x04
[2022-03-14 03:47:51.773874] Master 24 OP: end_send_SMP_0x04
[2022-03-14 03:47:51.939382] Slave 27 OP: recv_SMP_0x03
[2022-03-14 03:47:51.948394] Slave 28 OP: end_recv_SMP_0x03
[2022-03-14 03:47:51.948676] Master 25 OP: recv_SMP_0x04
[2022-03-14 03:47:51.954494] Slave 29 OP: send_SMP_0x03
[2022-03-14 03:47:51.959685] Slave 30 OP: end_send_SMP_0x03
[2022-03-14 03:47:51.961245] Master 26 OP: end_recv_SMP_0x04
[2022-03-14 03:47:51.962537] Master 27 OP: send_SMP_0x03
[2022-03-14 03:47:51.971906] Master 28 OP: end_send_SMP_0x03
[2022-03-14 03:47:52.099395] Slave 31 OP: recv_SMP_0x04
[2022-03-14 03:47:52.114416] Slave 32 OP: end_recv_SMP_0x04
[2022-03-14 03:47:52.114722] Master 29 OP: recv_SMP_0x03
[2022-03-14 03:47:52.119939] Slave 33 OP: send_SMP_0x04
[2022-03-14 03:47:52.120405] Slave 34 OP: end_send_SMP_0x04
[2022-03-14 03:47:52.121126] Master 30 OP: end_recv_SMP_0x03
[2022-03-14 03:47:52.121430] Master 31 OP: send_SMP_0x04
[2022-03-14 03:47:52.123925] Master 32 OP: end_send_SMP_0x04
[2022-03-14 03:47:52.289395] Slave 35 OP: recv_SMP_0x03
[2022-03-14 03:47:52.298401] Slave 36 OP: end_recv_SMP_0x03
[2022-03-14 03:47:52.298699] Master 33 OP: recv_SMP_0x04
[2022-03-14 03:47:52.300434] Slave 37 OP: send_SMP_0x03
[2022-03-14 03:47:52.315223] Slave 38 OP: end_send_SMP_0x03
[2022-03-14 03:47:52.316141] Master 34 OP: end_recv_SMP_0x04
[2022-03-14 03:47:52.316495] Master 35 OP: send_SMP_0x03
[2022-03-14 03:47:52.319995] Master 36 OP: end_send_SMP_0x03
[2022-03-14 03:47:52.449421] Slave 39 OP: recv_SMP_0x04
[2022-03-14 03:47:52.464704] Slave 40 OP: end_recv_SMP_0x04
[2022-03-14 03:47:52.465062] Master 37 OP: recv_SMP_0x03
[2022-03-14 03:47:52.466487] Slave 41 OP: send_SMP_0x04
[2022-03-14 03:47:52.468402] Slave 42 OP: end_send_SMP_0x04
[2022-03-14 03:47:52.470721] Master 38 OP: end_recv_SMP_0x03
[2022-03-14 03:47:52.472189] Master 39 OP: send_SMP_0x04
[2022-03-14 03:47:52.473236] Master 40 OP: end_send_SMP_0x04
[2022-03-14 03:47:52.639387] Slave 43 OP: recv_SMP_0x03
[2022-03-14 03:47:52.648399] Slave 44 OP: end_recv_SMP_0x03
[2022-03-14 03:47:52.649754] Master 41 OP: recv_SMP_0x04
[2022-03-14 03:47:52.650895] Slave 45 OP: send_SMP_0x03
[2022-03-14 03:47:52.658462] Slave 46 OP: end_send_SMP_0x03
[2022-03-14 03:47:52.660647] Master 42 OP: end_recv_SMP_0x04
[2022-03-14 03:47:52.662162] Master 43 OP: send_SMP_0x03
[2022-03-14 03:47:52.666609] Master 44 OP: end_send_SMP_0x03
[2022-03-14 03:47:52.799407] Slave 47 OP: recv_SMP_0x04
[2022-03-14 03:47:52.815065] Slave 48 OP: end_recv_SMP_0x04
[2022-03-14 03:47:52.815740] Master 45 OP: recv_SMP_0x03
[2022-03-14 03:47:52.816434] Slave 49 OP: send_SMP_0x04
[2022-03-14 03:47:52.822753] Slave 50 OP: end_send_SMP_0x04
[2022-03-14 03:47:52.824803] Master 46 OP: end_recv_SMP_0x03
[2022-03-14 03:47:52.825561] Master 47 OP: send_SMP_0x04
[2022-03-14 03:47:52.828966] Master 48 OP: end_send_SMP_0x04
[2022-03-14 03:47:52.991052] Slave 51 OP: recv_SMP_0x03
[2022-03-14 03:47:52.998773] Slave 52 OP: end_recv_SMP_0x03
[2022-03-14 03:47:52.999526] Master 49 OP: recv_SMP_0x04
[2022-03-14 03:47:53.008041] Slave 53 OP: send_SMP_0x03
[2022-03-14 03:47:53.013212] Slave 54 OP: end_send_SMP_0x03
[2022-03-14 03:47:53.015934] Master 50 OP: end_recv_SMP_0x04
[2022-03-14 03:47:53.019697] Master 51 OP: send_SMP_0x03
[2022-03-14 03:47:53.026660] Master 52 OP: end_send_SMP_0x03
[2022-03-14 03:47:53.149405] Slave 55 OP: recv_SMP_0x04
[2022-03-14 03:47:53.164405] Slave 56 OP: end_recv_SMP_0x04
[2022-03-14 03:47:53.164703] Master 53 OP: recv_SMP_0x03
[2022-03-14 03:47:53.167093] Slave 57 OP: send_SMP_0x04
[2022-03-14 03:47:53.168592] Slave 58 OP: end_send_SMP_0x04
[2022-03-14 03:47:53.172505] Master 54 OP: end_recv_SMP_0x03
[2022-03-14 03:47:53.172844] Master 55 OP: send_SMP_0x04
[2022-03-14 03:47:53.173179] Master 56 OP: end_send_SMP_0x04
[2022-03-14 03:47:53.339481] Slave 59 OP: recv_SMP_0x03
[2022-03-14 03:47:53.348499] Slave 60 OP: end_recv_SMP_0x03
[2022-03-14 03:47:53.348793] Master 57 OP: recv_SMP_0x04
[2022-03-14 03:47:53.350434] Slave 61 OP: send_SMP_0x03
[2022-03-14 03:47:53.359233] Slave 62 OP: end_send_SMP_0x03
[2022-03-14 03:47:53.360983] Master 58 OP: end_recv_SMP_0x04
[2022-03-14 03:47:53.361596] Master 59 OP: send_SMP_0x03
[2022-03-14 03:47:53.366595] Master 60 OP: end_send_SMP_0x03
[2022-03-14 03:47:53.499451] Slave 63 OP: recv_SMP_0x04
[2022-03-14 03:47:53.514542] Slave 64 OP: end_recv_SMP_0x04
[2022-03-14 03:47:53.516061] Master 61 OP: recv_SMP_0x03
[2022-03-14 03:47:53.520299] Slave 65 OP: send_SMP_0x04
[2022-03-14 03:47:53.525355] Slave 66 OP: end_send_SMP_0x04
[2022-03-14 03:47:53.530079] Master 62 OP: end_recv_SMP_0x03
[2022-03-14 03:47:53.534305] Master 63 OP: send_SMP_0x04
[2022-03-14 03:47:53.543982] Master 64 OP: end_send_SMP_0x04
[2022-03-14 03:47:53.689428] Slave 67 OP: recv_SMP_0x03
[2022-03-14 03:47:53.698445] Slave 68 OP: end_recv_SMP_0x03
[2022-03-14 03:47:53.701562] Master 65 OP: recv_SMP_0x04
[2022-03-14 03:47:53.705376] Slave 69 OP: send_SMP_0x03
[2022-03-14 03:47:53.710594] Slave 70 OP: end_send_SMP_0x03
[2022-03-14 03:47:53.715078] Master 66 OP: end_recv_SMP_0x04
[2022-03-14 03:47:53.717136] Master 67 OP: send_SMP_0x03
[2022-03-14 03:47:53.719219] Master 68 OP: end_send_SMP_0x03
[2022-03-14 03:47:53.849408] Slave 71 OP: recv_SMP_0x04
[2022-03-14 03:47:53.864420] Slave 72 OP: end_recv_SMP_0x04
[2022-03-14 03:47:53.865756] Master 69 OP: recv_SMP_0x03
[2022-03-14 03:47:53.867113] Slave 73 OP: send_SMP_0x04
[2022-03-14 03:47:53.876936] Slave 74 OP: end_send_SMP_0x04
[2022-03-14 03:47:53.882494] Master 70 OP: end_recv_SMP_0x03
[2022-03-14 03:47:53.889093] Master 71 OP: send_SMP_0x04
[2022-03-14 03:47:53.894981] Master 72 OP: end_send_SMP_0x04
[2022-03-14 03:47:54.039483] Slave 75 OP: recv_SMP_0x03
[2022-03-14 03:47:54.048457] Slave 76 OP: end_recv_SMP_0x03
[2022-03-14 03:47:54.049227] Master 73 OP: recv_SMP_0x04
[2022-03-14 03:47:54.052112] Slave 77 OP: send_SMP_0x03
[2022-03-14 03:47:54.058433] Slave 78 OP: end_send_SMP_0x03
[2022-03-14 03:47:54.062094] Master 74 OP: end_recv_SMP_0x04
[2022-03-14 03:47:54.065966] Master 75 OP: send_SMP_0x03
[2022-03-14 03:47:54.068495] Master 76 OP: end_send_SMP_0x03
[2022-03-14 03:47:54.199502] Slave 79 OP: recv_SMP_0x04
[2022-03-14 03:47:54.214487] Slave 80 OP: end_recv_SMP_0x04
[2022-03-14 03:47:54.217738] Master 77 OP: recv_SMP_0x03
[2022-03-14 03:47:54.219202] Slave 81 OP: send_SMP_0x04
[2022-03-14 03:47:54.219695] Slave 82 OP: end_send_SMP_0x04
[2022-03-14 03:47:54.223373] Master 78 OP: end_recv_SMP_0x03
[2022-03-14 03:47:54.224092] Master 79 OP: send_SMP_0x04
[2022-03-14 03:47:54.224483] Master 80 OP: end_send_SMP_0x04
[2022-03-14 03:47:54.389434] Slave 83 OP: recv_SMP_0x03
[2022-03-14 03:47:54.398497] Slave 84 OP: end_recv_SMP_0x03
[2022-03-14 03:47:54.399417] Master 81 OP: recv_SMP_0x04
[2022-03-14 03:47:54.405818] Slave 85 OP: send_SMP_0x03
[2022-03-14 03:47:54.411053] Slave 86 OP: end_send_SMP_0x03
[2022-03-14 03:47:54.413756] Master 82 OP: end_recv_SMP_0x04
[2022-03-14 03:47:54.414757] Master 83 OP: send_SMP_0x03
[2022-03-14 03:47:54.416804] Master 84 OP: end_send_SMP_0x03
[2022-03-14 03:47:54.549452] Slave 87 OP: recv_SMP_0x04
[2022-03-14 03:47:54.564474] Slave 88 OP: end_recv_SMP_0x04
[2022-03-14 03:47:54.566071] Master 85 OP: recv_SMP_0x03
[2022-03-14 03:47:54.567642] Slave 89 OP: send_SMP_0x04
[2022-03-14 03:47:54.570131] Slave 90 OP: end_send_SMP_0x04
[2022-03-14 03:47:54.573435] Master 86 OP: end_recv_SMP_0x03
[2022-03-14 03:47:54.575025] Master 87 OP: send_SMP_0x04
[2022-03-14 03:47:54.578993] Master 88 OP: end_send_SMP_0x04
[2022-03-14 03:47:54.739502] Slave 91 OP: recv_SMP_0x03
[2022-03-14 03:47:54.748521] Slave 92 OP: end_recv_SMP_0x03
[2022-03-14 03:47:54.750822] Master 89 OP: recv_SMP_0x04
[2022-03-14 03:47:54.751130] Slave 93 OP: send_SMP_0x03
[2022-03-14 03:47:54.759484] Slave 94 OP: end_send_SMP_0x03
[2022-03-14 03:47:54.762739] Master 90 OP: end_recv_SMP_0x04
[2022-03-14 03:47:54.764195] Master 91 OP: send_SMP_0x03
[2022-03-14 03:47:54.767817] Master 92 OP: end_send_SMP_0x03
[2022-03-14 03:47:54.899666] Slave 95 OP: recv_SMP_0x04
[2022-03-14 03:47:54.914674] Slave 96 OP: end_recv_SMP_0x04
[2022-03-14 03:47:54.916803] Master 93 OP: recv_SMP_0x03
[2022-03-14 03:47:54.917105] Slave 97 OP: send_SMP_0x04
[2022-03-14 03:47:54.918582] Slave 98 OP: end_send_SMP_0x04
[2022-03-14 03:47:54.923202] Master 94 OP: end_recv_SMP_0x03
[2022-03-14 03:47:54.926177] Master 95 OP: send_SMP_0x04
[2022-03-14 03:47:54.928645] Master 96 OP: end_send_SMP_0x04
[2022-03-14 03:47:55.091060] Slave 99 OP: recv_SMP_0x03
[2022-03-14 03:47:55.098443] Slave 100 OP: end_recv_SMP_0x03
[2022-03-14 03:47:55.099157] Master 97 OP: recv_SMP_0x04
[2022-03-14 03:47:55.100684] Slave 101 OP: send_SMP_0x03
[2022-03-14 03:47:55.135364] Slave 102 OP: end_send_SMP_0x03
[2022-03-14 03:47:55.143069] Master 98 OP: end_recv_SMP_0x04
[2022-03-14 03:47:55.146681] Master 99 OP: send_SMP_0x03
[2022-03-14 03:47:55.152295] Master 100 OP: end_send_SMP_0x03
[2022-03-14 03:47:55.249486] Slave 103 OP: recv_SMP_0x04
[2022-03-14 03:47:55.264534] Slave 104 OP: end_recv_SMP_0x04
[2022-03-14 03:47:55.264846] Master 101 OP: recv_SMP_0x03
[2022-03-14 03:47:55.266542] Slave 105 OP: send_SMP_0x04
[2022-03-14 03:47:55.270496] Slave 106 OP: end_send_SMP_0x04
[2022-03-14 03:47:55.278228] Master 102 OP: end_recv_SMP_0x03
[2022-03-14 03:47:55.281532] Master 103 OP: send_SMP_0x04
[2022-03-14 03:47:55.284437] Master 104 OP: end_send_SMP_0x04
[2022-03-14 03:47:55.387671] Master 105 OP: recv_SMP_0x04
[2022-03-14 03:47:55.424627] Master 106 OP: end_recv_SMP_0x04
[2022-03-14 03:47:55.425869] Master 107 OP: send_SMP_0x03
[2022-03-14 03:47:55.428645] Master 108 OP: end_send_SMP_0x03
[2022-03-14 03:47:55.450768] Slave 107 OP: recv_SMP_0x03
[2022-03-14 03:47:55.459458] Slave 108 OP: end_recv_SMP_0x03
[2022-03-14 03:47:55.462288] Slave 109 OP: send_SMP_0x03
[2022-03-14 03:47:55.469475] Slave 110 OP: end_send_SMP_0x03
[2022-03-14 03:47:55.694455] Slave 111 OP: recv_SMP_0x04
[2022-03-14 03:47:55.706555] Slave 112 OP: end_recv_SMP_0x04
[2022-03-14 03:47:55.708848] Slave 113 OP: send_SMP_0x04
[2022-03-14 03:47:55.718244] Slave 114 OP: end_send_SMP_0x04
[2022-03-14 03:47:55.732633] Master 109 OP: recv_SMP_0x03
[2022-03-14 03:47:55.736408] Master 110 OP: end_recv_SMP_0x03
[2022-03-14 03:47:55.817314] Master 111 OP: send_SMP_0x04
[2022-03-14 03:47:55.821251] Master 112 OP: end_send_SMP_0x04
[2022-03-14 03:47:55.903566] Slave 115 OP: recv_SMP_0x03
[2022-03-14 03:47:55.914585] Master 113 OP: recv_SMP_0x04
[2022-03-14 03:47:55.917599] Slave 116 OP: end_recv_SMP_0x03
[2022-03-14 03:47:55.921025] Slave 117 OP: send_SMP_0x03
[2022-03-14 03:47:55.930508] Slave 118 OP: end_send_SMP_0x03
[2022-03-14 03:47:55.931023] Master 114 OP: end_recv_SMP_0x04
[2022-03-14 03:47:55.937072] Master 115 OP: send_SMP_0x03
[2022-03-14 03:47:55.945062] Master 116 OP: end_send_SMP_0x03
[2022-03-14 03:47:56.049639] Slave 119 OP: recv_SMP_0x04
[2022-03-14 03:47:56.064494] Slave 120 OP: end_recv_SMP_0x04
[2022-03-14 03:47:56.066460] Slave 121 OP: send_SMP_0x04
[2022-03-14 03:47:56.071375] Slave 122 OP: end_send_SMP_0x04
[2022-03-14 03:47:56.078637] Master 117 OP: recv_SMP_0x03
[2022-03-14 03:47:56.086256] Master 118 OP: end_recv_SMP_0x03
[2022-03-14 03:47:56.167855] Master 119 OP: send_SMP_0x04
[2022-03-14 03:47:56.169865] Master 120 OP: end_send_SMP_0x04
[2022-03-14 03:47:56.242814] Slave 123 OP: recv_SMP_0x03
[2022-03-14 03:47:56.248463] Slave 124 OP: end_recv_SMP_0x03
[2022-03-14 03:47:56.250528] Slave 125 OP: send_SMP_0x03
[2022-03-14 03:47:56.263362] Slave 126 OP: end_send_SMP_0x03
[2022-03-14 03:47:56.274887] Master 121 OP: recv_SMP_0x04
[2022-03-14 03:47:56.369940] Master 122 OP: end_recv_SMP_0x04
[2022-03-14 03:47:56.371442] Master 123 OP: send_SMP_0x03
[2022-03-14 03:47:56.375934] Master 124 OP: end_send_SMP_0x03
[2022-03-14 03:47:56.399710] Slave 127 OP: recv_SMP_0x04
[2022-03-14 03:47:56.414561] Slave 128 OP: end_recv_SMP_0x04
[2022-03-14 03:47:56.416813] Slave 129 OP: send_SMP_0x04
[2022-03-14 03:47:56.419565] Slave 130 OP: end_send_SMP_0x04
[2022-03-14 03:47:56.433265] Master 125 OP: recv_SMP_0x03
[2022-03-14 03:47:56.436428] Master 126 OP: end_recv_SMP_0x03
[2022-03-14 03:47:56.517670] Master 127 OP: send_SMP_0x04
[2022-03-14 03:47:56.520574] Master 128 OP: end_send_SMP_0x04
[2022-03-14 03:47:56.591922] Slave 131 OP: recv_SMP_0x03
[2022-03-14 03:47:56.598458] Slave 132 OP: end_recv_SMP_0x03
[2022-03-14 03:47:56.601285] Slave 133 OP: send_SMP_0x03
[2022-03-14 03:47:56.610692] Slave 134 OP: end_send_SMP_0x03
[2022-03-14 03:47:56.617040] Master 129 OP: recv_SMP_0x04
[2022-03-14 03:47:56.720596] Master 130 OP: end_recv_SMP_0x04
[2022-03-14 03:47:56.724313] Master 131 OP: send_SMP_0x03
[2022-03-14 03:47:56.728503] Master 132 OP: end_send_SMP_0x03
[2022-03-14 03:47:56.749488] Slave 135 OP: recv_SMP_0x04
[2022-03-14 03:47:56.764500] Slave 136 OP: end_recv_SMP_0x04
[2022-03-14 03:47:56.766685] Slave 137 OP: send_SMP_0x04
[2022-03-14 03:47:56.768828] Slave 138 OP: end_send_SMP_0x04
[2022-03-14 03:47:56.778846] Master 133 OP: recv_SMP_0x03
[2022-03-14 03:47:56.785487] Master 134 OP: end_recv_SMP_0x03
[2022-03-14 03:47:56.867398] Master 135 OP: send_SMP_0x04
[2022-03-14 03:47:56.869614] Master 136 OP: end_send_SMP_0x04
[2022-03-14 03:47:56.939429] Slave 139 OP: recv_SMP_0x03
[2022-03-14 03:47:56.948509] Slave 140 OP: end_recv_SMP_0x03
[2022-03-14 03:47:56.950505] Slave 141 OP: send_SMP_0x03
[2022-03-14 03:47:56.958502] Slave 142 OP: end_send_SMP_0x03
[2022-03-14 03:47:56.967624] Master 137 OP: recv_SMP_0x04
[2022-03-14 03:47:57.069905] Master 138 OP: end_recv_SMP_0x04
[2022-03-14 03:47:57.071672] Master 139 OP: send_SMP_0x03
[2022-03-14 03:47:57.076593] Master 140 OP: end_send_SMP_0x03
[2022-03-14 03:47:57.099527] Slave 143 OP: recv_SMP_0x04
[2022-03-14 03:47:57.114510] Slave 144 OP: end_recv_SMP_0x04
[2022-03-14 03:47:57.116537] Slave 145 OP: send_SMP_0x04
[2022-03-14 03:47:57.118899] Slave 146 OP: end_send_SMP_0x04
[2022-03-14 03:47:57.137198] Master 141 OP: recv_SMP_0x03
[2022-03-14 03:47:57.148236] Master 142 OP: end_recv_SMP_0x03
[2022-03-14 03:47:57.217662] Master 143 OP: send_SMP_0x04
[2022-03-14 03:47:57.219673] Master 144 OP: end_send_SMP_0x04
[2022-03-14 03:47:57.289500] Slave 147 OP: recv_SMP_0x03
[2022-03-14 03:47:57.298540] Slave 148 OP: end_recv_SMP_0x03
[2022-03-14 03:47:57.300514] Slave 149 OP: send_SMP_0x03
[2022-03-14 03:47:57.308706] Slave 150 OP: end_send_SMP_0x03
[2022-03-14 03:47:57.317691] Master 145 OP: recv_SMP_0x04
[2022-03-14 03:47:57.419733] Master 146 OP: end_recv_SMP_0x04
[2022-03-14 03:47:57.421605] Master 147 OP: send_SMP_0x03
[2022-03-14 03:47:57.424749] Master 148 OP: end_send_SMP_0x03
[2022-03-14 03:47:57.449550] Slave 151 OP: recv_SMP_0x04
[2022-03-14 03:47:57.464595] Slave 152 OP: end_recv_SMP_0x04
[2022-03-14 03:47:57.467537] Slave 153 OP: send_SMP_0x04
[2022-03-14 03:47:57.469560] Slave 154 OP: end_send_SMP_0x04
[2022-03-14 03:47:57.480329] Master 149 OP: recv_SMP_0x03
[2022-03-14 03:47:57.486965] Master 150 OP: end_recv_SMP_0x03
[2022-03-14 03:47:57.566817] Master 151 OP: send_SMP_0x04
[2022-03-14 03:47:57.570986] Master 152 OP: end_send_SMP_0x04
[2022-03-14 03:47:57.639577] Slave 155 OP: recv_SMP_0x03
[2022-03-14 03:47:57.648524] Slave 156 OP: end_recv_SMP_0x03
[2022-03-14 03:47:57.650529] Slave 157 OP: send_SMP_0x03
[2022-03-14 03:47:57.660184] Slave 158 OP: end_send_SMP_0x03
[2022-03-14 03:47:57.667859] Master 153 OP: recv_SMP_0x04
[2022-03-14 03:47:57.769735] Master 154 OP: end_recv_SMP_0x04
[2022-03-14 03:47:57.770804] Master 155 OP: send_SMP_0x03
[2022-03-14 03:47:57.774839] Master 156 OP: end_send_SMP_0x03
[2022-03-14 03:47:57.799467] Slave 159 OP: recv_SMP_0x04
[2022-03-14 03:47:57.814499] Slave 160 OP: end_recv_SMP_0x04
[2022-03-14 03:47:57.816830] Slave 161 OP: send_SMP_0x04
[2022-03-14 03:47:57.818691] Slave 162 OP: end_send_SMP_0x04
[2022-03-14 03:47:57.828847] Master 157 OP: recv_SMP_0x03
[2022-03-14 03:47:57.835674] Master 158 OP: end_recv_SMP_0x03
[2022-03-14 03:47:57.916814] Master 159 OP: send_SMP_0x04
[2022-03-14 03:47:57.919680] Master 160 OP: end_send_SMP_0x04
[2022-03-14 03:47:57.989701] Slave 163 OP: recv_SMP_0x03
[2022-03-14 03:47:57.998747] Slave 164 OP: end_recv_SMP_0x03
[2022-03-14 03:47:58.001213] Slave 165 OP: send_SMP_0x03
[2022-03-14 03:47:58.009481] Slave 166 OP: end_send_SMP_0x03
[2022-03-14 03:47:58.017920] Master 161 OP: recv_SMP_0x04
[2022-03-14 03:47:58.119737] Master 162 OP: end_recv_SMP_0x04
[2022-03-14 03:47:58.123268] Master 163 OP: send_SMP_0x03
[2022-03-14 03:47:58.125320] Master 164 OP: end_send_SMP_0x03
[2022-03-14 03:47:58.149654] Slave 167 OP: recv_SMP_0x04
[2022-03-14 03:47:58.164638] Slave 168 OP: end_recv_SMP_0x04
[2022-03-14 03:47:58.169663] Slave 169 OP: send_SMP_0x04
[2022-03-14 03:47:58.175819] Slave 170 OP: end_send_SMP_0x04
[2022-03-14 03:47:58.188038] Master 165 OP: recv_SMP_0x03
[2022-03-14 03:47:58.197106] Master 166 OP: end_recv_SMP_0x03
[2022-03-14 03:47:58.267754] Master 167 OP: send_SMP_0x04
[2022-03-14 03:47:58.271561] Master 168 OP: end_send_SMP_0x04
[2022-03-14 03:47:58.391548] Slave 171 OP: recv_SMP_0x0D
[2022-03-14 03:47:58.432784] Master 169 OP: recv_SMP_0x04
[2022-03-14 03:47:58.466554] Slave 172 OP: end_recv_SMP_0x0D
[2022-03-14 03:47:58.471572] Slave 173 OP: send_SMP_0x0D
[2022-03-14 03:47:58.474117] Slave 174 OP: end_send_SMP_0x0D
[2022-03-14 03:47:58.478744] Master 170 OP: end_recv_SMP_0x04
[2022-03-14 03:47:58.483013] Master 171 OP: send_SMP_0x0D
[2022-03-14 03:47:58.485066] Master 172 OP: end_send_SMP_0x0D
[2022-03-14 03:47:58.693808] Master 173 OP: recv_SMP_0x0D
[2022-03-14 03:47:58.836853] Master 174 OP: end_recv_SMP_0x0D
[2022-03-14 03:47:58.875571] Slave 175 OP: send_SMP_0x0F
[2022-03-14 03:47:58.876776] Slave 176 OP: end_send_SMP_0x0F
[2022-03-14 03:47:58.917181] Slave 177 OP: send_SMP_0x08
[2022-03-14 03:47:58.919652] Slave 178 OP: end_send_SMP_0x08
[2022-03-14 03:47:58.921265] Slave 179 OP: send_SMP_0x09
[2022-03-14 03:47:58.923414] Slave 180 OP: end_send_SMP_0x09
[2022-03-14 03:47:58.926199] Slave 181 OP: send_SMP_0x0A
[2022-03-14 03:47:59.004440] Slave 182 OP: end_send_SMP_0x0A
[2022-03-14 03:47:59.066023] Master 175 OP: recv_SMP_0x0F
[2022-03-14 03:47:59.071047] Master 176 OP: end_recv_SMP_0x0F
[2022-03-14 03:47:59.097016] Master 177 OP: recv_SMP_0x08
[2022-03-14 03:47:59.103573] Master 178 OP: end_recv_SMP_0x08
[2022-03-14 03:47:59.130091] Master 179 OP: recv_SMP_0x09
[2022-03-14 03:47:59.409467] Slave 183 OP: recv_SMP_0x0F
[2022-03-14 03:47:59.425857] Slave 184 OP: end_recv_SMP_0x0F
[2022-03-14 03:47:59.469184] Slave 185 OP: recv_SMP_0x08
[2022-03-14 03:47:59.478142] Slave 186 OP: end_recv_SMP_0x08
[2022-03-14 03:47:59.489695] Master 180 OP: end_recv_SMP_0x09
[2022-03-14 03:47:59.501379] Slave 187 OP: recv_SMP_0x09
[2022-03-14 03:47:59.518074] Master 181 OP: recv_SMP_0x0A
[2022-03-14 03:47:59.525639] Master 182 OP: end_recv_SMP_0x0A
[2022-03-14 03:47:59.534117] Master 183 OP: send_SMP_0x0F
[2022-03-14 03:47:59.537666] Master 184 OP: end_send_SMP_0x0F
[2022-03-14 03:47:59.543307] Master 185 OP: send_SMP_0x08
[2022-03-14 03:47:59.547279] Master 186 OP: end_send_SMP_0x08
[2022-03-14 03:47:59.551179] Master 187 OP: send_SMP_0x09
[2022-03-14 03:47:59.554257] Master 188 OP: end_send_SMP_0x09
[2022-03-14 03:47:59.559941] Master 189 OP: send_SMP_0x0A
[2022-03-14 03:47:59.602796] Master 190 OP: end_send_SMP_0x0A
[2022-03-14 03:47:59.642583] Slave 188 OP: end_recv_SMP_0x09
[2022-03-14 03:47:59.664580] Slave 189 OP: recv_SMP_0x0A
[2022-03-14 03:47:59.672269] Slave 190 OP: end_recv_SMP_0x0A
