[2022-03-13 07:28:04.084765] Slave 1 OP: send_SMP_0x0B
[2022-03-13 07:28:04.095823] Slave 2 OP: end_send_SMP_0x0B
[2022-03-13 07:28:04.388604] Master 1 OP: recv_SMP_0x0B
[2022-03-13 07:28:04.399175] Master 2 OP: end_recv_SMP_0x0B
[2022-03-13 07:28:04.404538] Master 3 OP: send_SMP_0x01
[2022-03-13 07:28:04.406511] Master 4 OP: end_send_SMP_0x01
[2022-03-13 07:28:04.412862] Slave 3 OP: recv_SMP_0x01
[2022-03-13 07:28:04.433981] Slave 4 OP: end_recv_SMP_0x01
[2022-03-13 07:28:04.436662] Slave 5 OP: send_SMP_0x02
[2022-03-13 07:28:04.442295] Slave 6 OP: end_send_SMP_0x02
[2022-03-13 07:28:04.580969] Master 5 OP: recv_SMP_0x02
[2022-03-13 07:28:04.594523] Master 6 OP: end_recv_SMP_0x02
[2022-03-13 07:28:04.595181] Master 7 OP: send_SMP_0x0C
[2022-03-13 07:28:04.596963] Master 8 OP: end_send_SMP_0x0C
[2022-03-13 07:28:04.665013] Slave 7 OP: recv_SMP_0x0C
[2022-03-13 07:28:04.681811] Slave 8 OP: end_recv_SMP_0x0C
[2022-03-13 07:28:04.684869] Slave 9 OP: send_SMP_0x0C
[2022-03-13 07:28:04.687193] Slave 10 OP: end_send_SMP_0x0C
[2022-03-13 07:28:04.998841] Slave 11 OP: recv_SMP_0x03
[2022-03-13 07:28:05.008009] Slave 12 OP: end_recv_SMP_0x03
[2022-03-13 07:28:05.009786] Slave 13 OP: send_SMP_0x03
[2022-03-13 07:28:05.023817] Slave 14 OP: end_send_SMP_0x03
[2022-03-13 07:28:05.129924] Master 9 OP: recv_SMP_0x0C
[2022-03-13 07:28:05.136989] Master 10 OP: end_recv_SMP_0x0C
[2022-03-13 07:28:05.139339] Master 11 OP: send_SMP_0x03
[2022-03-13 07:28:05.148082] Master 12 OP: end_send_SMP_0x03
[2022-03-13 07:28:05.159967] Slave 15 OP: recv_SMP_0x04
[2022-03-13 07:28:05.180841] Slave 16 OP: end_recv_SMP_0x04
[2022-03-13 07:28:05.183490] Slave 17 OP: send_SMP_0x04
[2022-03-13 07:28:05.184984] Slave 18 OP: end_send_SMP_0x04
[2022-03-13 07:28:05.344002] Master 13 OP: recv_SMP_0x03
[2022-03-13 07:28:05.349471] Slave 19 OP: recv_SMP_0x03
[2022-03-13 07:28:05.351886] Master 14 OP: end_recv_SMP_0x03
[2022-03-13 07:28:05.357986] Master 15 OP: send_SMP_0x04
[2022-03-13 07:28:05.358676] Slave 20 OP: end_recv_SMP_0x03
[2022-03-13 07:28:05.359993] Master 16 OP: end_send_SMP_0x04
[2022-03-13 07:28:05.360828] Slave 21 OP: send_SMP_0x03
[2022-03-13 07:28:05.373895] Slave 22 OP: end_send_SMP_0x03
[2022-03-13 07:28:05.495988] Master 17 OP: recv_SMP_0x04
[2022-03-13 07:28:05.510061] Slave 23 OP: recv_SMP_0x04
[2022-03-13 07:28:05.515976] Master 18 OP: end_recv_SMP_0x04
[2022-03-13 07:28:05.521153] Master 19 OP: send_SMP_0x03
[2022-03-13 07:28:05.530886] Slave 24 OP: end_recv_SMP_0x04
[2022-03-13 07:28:05.532796] Slave 25 OP: send_SMP_0x04
[2022-03-13 07:28:05.533100] Master 20 OP: end_send_SMP_0x03
[2022-03-13 07:28:05.534837] Slave 26 OP: end_send_SMP_0x04
[2022-03-13 07:28:05.698903] Slave 27 OP: recv_SMP_0x03
[2022-03-13 07:28:05.707883] Slave 28 OP: end_recv_SMP_0x03
[2022-03-13 07:28:05.708196] Master 21 OP: recv_SMP_0x03
[2022-03-13 07:28:05.709847] Slave 29 OP: send_SMP_0x03
[2022-03-13 07:28:05.719046] Master 22 OP: end_recv_SMP_0x03
[2022-03-13 07:28:05.721826] Master 23 OP: send_SMP_0x04
[2022-03-13 07:28:05.724086] Slave 30 OP: end_send_SMP_0x03
[2022-03-13 07:28:05.726555] Master 24 OP: end_send_SMP_0x04
[2022-03-13 07:28:05.859834] Slave 31 OP: recv_SMP_0x04
[2022-03-13 07:28:05.861652] Master 25 OP: recv_SMP_0x04
[2022-03-13 07:28:05.882247] Slave 32 OP: end_recv_SMP_0x04
[2022-03-13 07:28:05.885861] Slave 33 OP: send_SMP_0x04
[2022-03-13 07:28:05.888159] Master 26 OP: end_recv_SMP_0x04
[2022-03-13 07:28:05.889951] Slave 34 OP: end_send_SMP_0x04
[2022-03-13 07:28:05.891159] Master 27 OP: send_SMP_0x03
[2022-03-13 07:28:05.894925] Master 28 OP: end_send_SMP_0x03
[2022-03-13 07:28:06.048813] Slave 35 OP: recv_SMP_0x03
[2022-03-13 07:28:06.057864] Slave 36 OP: end_recv_SMP_0x03
[2022-03-13 07:28:06.060654] Master 29 OP: recv_SMP_0x03
[2022-03-13 07:28:06.062232] Slave 37 OP: send_SMP_0x03
[2022-03-13 07:28:06.066961] Master 30 OP: end_recv_SMP_0x03
[2022-03-13 07:28:06.072767] Master 31 OP: send_SMP_0x04
[2022-03-13 07:28:06.074906] Slave 38 OP: end_send_SMP_0x03
[2022-03-13 07:28:06.079477] Master 32 OP: end_send_SMP_0x04
[2022-03-13 07:28:06.209802] Slave 39 OP: recv_SMP_0x04
[2022-03-13 07:28:06.210080] Master 33 OP: recv_SMP_0x04
[2022-03-13 07:28:06.230184] Slave 40 OP: end_recv_SMP_0x04
[2022-03-13 07:28:06.231979] Slave 41 OP: send_SMP_0x04
[2022-03-13 07:28:06.233466] Master 34 OP: end_recv_SMP_0x04
[2022-03-13 07:28:06.236335] Slave 42 OP: end_send_SMP_0x04
[2022-03-13 07:28:06.237493] Master 35 OP: send_SMP_0x03
[2022-03-13 07:28:06.241061] Master 36 OP: end_send_SMP_0x03
[2022-03-13 07:28:06.398861] Slave 43 OP: recv_SMP_0x03
[2022-03-13 07:28:06.407907] Slave 44 OP: end_recv_SMP_0x03
[2022-03-13 07:28:06.411481] Master 37 OP: recv_SMP_0x03
[2022-03-13 07:28:06.413440] Slave 45 OP: send_SMP_0x03
[2022-03-13 07:28:06.418996] Master 38 OP: end_recv_SMP_0x03
[2022-03-13 07:28:06.420993] Master 39 OP: send_SMP_0x04
[2022-03-13 07:28:06.423902] Slave 46 OP: end_send_SMP_0x03
[2022-03-13 07:28:06.424631] Master 40 OP: end_send_SMP_0x04
[2022-03-13 07:28:06.559840] Slave 47 OP: recv_SMP_0x04
[2022-03-13 07:28:06.560559] Master 41 OP: recv_SMP_0x04
[2022-03-13 07:28:06.579901] Slave 48 OP: end_recv_SMP_0x04
[2022-03-13 07:28:06.581907] Slave 49 OP: send_SMP_0x04
[2022-03-13 07:28:06.586503] Master 42 OP: end_recv_SMP_0x04
[2022-03-13 07:28:06.588011] Slave 50 OP: end_send_SMP_0x04
[2022-03-13 07:28:06.589737] Master 43 OP: send_SMP_0x03
[2022-03-13 07:28:06.593670] Master 44 OP: end_send_SMP_0x03
[2022-03-13 07:28:06.748839] Slave 51 OP: recv_SMP_0x03
[2022-03-13 07:28:06.760185] Slave 52 OP: end_recv_SMP_0x03
[2022-03-13 07:28:06.762366] Master 45 OP: recv_SMP_0x03
[2022-03-13 07:28:06.762620] Slave 53 OP: send_SMP_0x03
[2022-03-13 07:28:06.768239] Master 46 OP: end_recv_SMP_0x03
[2022-03-13 07:28:06.771615] Master 47 OP: send_SMP_0x04
[2022-03-13 07:28:06.773889] Slave 54 OP: end_send_SMP_0x03
[2022-03-13 07:28:06.775990] Master 48 OP: end_send_SMP_0x04
[2022-03-13 07:28:06.911387] Slave 55 OP: recv_SMP_0x04
[2022-03-13 07:28:06.922620] Master 49 OP: recv_SMP_0x04
[2022-03-13 07:28:06.950919] Slave 56 OP: end_recv_SMP_0x04
[2022-03-13 07:28:06.953522] Slave 57 OP: send_SMP_0x04
[2022-03-13 07:28:06.955086] Master 50 OP: end_recv_SMP_0x04
[2022-03-13 07:28:06.956881] Slave 58 OP: end_send_SMP_0x04
[2022-03-13 07:28:06.961176] Master 51 OP: send_SMP_0x03
[2022-03-13 07:28:06.987287] Master 52 OP: end_send_SMP_0x03
[2022-03-13 07:28:07.098902] Slave 59 OP: recv_SMP_0x03
[2022-03-13 07:28:07.107900] Slave 60 OP: end_recv_SMP_0x03
[2022-03-13 07:28:07.110595] Master 53 OP: recv_SMP_0x03
[2022-03-13 07:28:07.111178] Slave 61 OP: send_SMP_0x03
[2022-03-13 07:28:07.116669] Master 54 OP: end_recv_SMP_0x03
[2022-03-13 07:28:07.121111] Master 55 OP: send_SMP_0x04
[2022-03-13 07:28:07.122911] Slave 62 OP: end_send_SMP_0x03
[2022-03-13 07:28:07.123373] Master 56 OP: end_send_SMP_0x04
[2022-03-13 07:28:07.259864] Slave 63 OP: recv_SMP_0x04
[2022-03-13 07:28:07.261656] Master 57 OP: recv_SMP_0x04
[2022-03-13 07:28:07.280830] Slave 64 OP: end_recv_SMP_0x04
[2022-03-13 07:28:07.282106] Slave 65 OP: send_SMP_0x04
[2022-03-13 07:28:07.283112] Master 58 OP: end_recv_SMP_0x04
[2022-03-13 07:28:07.285353] Slave 66 OP: end_send_SMP_0x04
[2022-03-13 07:28:07.286622] Master 59 OP: send_SMP_0x03
[2022-03-13 07:28:07.289088] Master 60 OP: end_send_SMP_0x03
[2022-03-13 07:28:07.448836] Slave 67 OP: recv_SMP_0x03
[2022-03-13 07:28:07.457913] Slave 68 OP: end_recv_SMP_0x03
[2022-03-13 07:28:07.460364] Master 61 OP: recv_SMP_0x03
[2022-03-13 07:28:07.463304] Slave 69 OP: send_SMP_0x03
[2022-03-13 07:28:07.466231] Master 62 OP: end_recv_SMP_0x03
[2022-03-13 07:28:07.474202] Master 63 OP: send_SMP_0x04
[2022-03-13 07:28:07.476339] Slave 70 OP: end_send_SMP_0x03
[2022-03-13 07:28:07.478577] Master 64 OP: end_send_SMP_0x04
[2022-03-13 07:28:07.610007] Slave 71 OP: recv_SMP_0x04
[2022-03-13 07:28:07.610305] Master 65 OP: recv_SMP_0x04
[2022-03-13 07:28:07.629922] Slave 72 OP: end_recv_SMP_0x04
[2022-03-13 07:28:07.632833] Slave 73 OP: send_SMP_0x04
[2022-03-13 07:28:07.633145] Master 66 OP: end_recv_SMP_0x04
[2022-03-13 07:28:07.633990] Slave 74 OP: end_send_SMP_0x04
[2022-03-13 07:28:07.634776] Master 67 OP: send_SMP_0x03
[2022-03-13 07:28:07.650105] Master 68 OP: end_send_SMP_0x03
[2022-03-13 07:28:07.798874] Slave 75 OP: recv_SMP_0x03
[2022-03-13 07:28:07.808378] Slave 76 OP: end_recv_SMP_0x03
[2022-03-13 07:28:07.808664] Master 69 OP: recv_SMP_0x03
[2022-03-13 07:28:07.809929] Slave 77 OP: send_SMP_0x03
[2022-03-13 07:28:07.816579] Master 70 OP: end_recv_SMP_0x03
[2022-03-13 07:28:07.821016] Master 71 OP: send_SMP_0x04
[2022-03-13 07:28:07.823424] Slave 78 OP: end_send_SMP_0x03
[2022-03-13 07:28:07.825242] Master 72 OP: end_send_SMP_0x04
[2022-03-13 07:28:07.959980] Slave 79 OP: recv_SMP_0x04
[2022-03-13 07:28:07.962297] Master 73 OP: recv_SMP_0x04
[2022-03-13 07:28:07.979852] Slave 80 OP: end_recv_SMP_0x04
[2022-03-13 07:28:07.981836] Slave 81 OP: send_SMP_0x04
[2022-03-13 07:28:07.983279] Master 74 OP: end_recv_SMP_0x04
[2022-03-13 07:28:07.986105] Slave 82 OP: end_send_SMP_0x04
[2022-03-13 07:28:07.986408] Master 75 OP: send_SMP_0x03
[2022-03-13 07:28:07.992099] Master 76 OP: end_send_SMP_0x03
[2022-03-13 07:28:08.148889] Slave 83 OP: recv_SMP_0x03
[2022-03-13 07:28:08.163659] Slave 84 OP: end_recv_SMP_0x03
[2022-03-13 07:28:08.164723] Master 77 OP: recv_SMP_0x03
[2022-03-13 07:28:08.165691] Slave 85 OP: send_SMP_0x03
[2022-03-13 07:28:08.173226] Master 78 OP: end_recv_SMP_0x03
[2022-03-13 07:28:08.175534] Master 79 OP: send_SMP_0x04
[2022-03-13 07:28:08.175921] Slave 86 OP: end_send_SMP_0x03
[2022-03-13 07:28:08.177078] Master 80 OP: end_send_SMP_0x04
[2022-03-13 07:28:08.309868] Slave 87 OP: recv_SMP_0x04
[2022-03-13 07:28:08.310212] Master 81 OP: recv_SMP_0x04
[2022-03-13 07:28:08.329873] Slave 88 OP: end_recv_SMP_0x04
[2022-03-13 07:28:08.332364] Slave 89 OP: send_SMP_0x04
[2022-03-13 07:28:08.334041] Master 82 OP: end_recv_SMP_0x04
[2022-03-13 07:28:08.339434] Slave 90 OP: end_send_SMP_0x04
[2022-03-13 07:28:08.341006] Master 83 OP: send_SMP_0x03
[2022-03-13 07:28:08.347538] Master 84 OP: end_send_SMP_0x03
[2022-03-13 07:28:08.498991] Slave 91 OP: recv_SMP_0x03
[2022-03-13 07:28:08.507939] Slave 92 OP: end_recv_SMP_0x03
[2022-03-13 07:28:08.509661] Master 85 OP: recv_SMP_0x03
[2022-03-13 07:28:08.511708] Slave 93 OP: send_SMP_0x03
[2022-03-13 07:28:08.515692] Master 86 OP: end_recv_SMP_0x03
[2022-03-13 07:28:08.520193] Master 87 OP: send_SMP_0x04
[2022-03-13 07:28:08.522853] Slave 94 OP: end_send_SMP_0x03
[2022-03-13 07:28:08.526330] Master 88 OP: end_send_SMP_0x04
[2022-03-13 07:28:08.659846] Slave 95 OP: recv_SMP_0x04
[2022-03-13 07:28:08.660194] Master 89 OP: recv_SMP_0x04
[2022-03-13 07:28:08.679851] Slave 96 OP: end_recv_SMP_0x04
[2022-03-13 07:28:08.681851] Slave 97 OP: send_SMP_0x04
[2022-03-13 07:28:08.683317] Master 90 OP: end_recv_SMP_0x04
[2022-03-13 07:28:08.685211] Slave 98 OP: end_send_SMP_0x04
[2022-03-13 07:28:08.685494] Master 91 OP: send_SMP_0x03
[2022-03-13 07:28:08.694003] Master 92 OP: end_send_SMP_0x03
[2022-03-13 07:28:08.901202] Slave 99 OP: recv_SMP_0x0D
[2022-03-13 07:28:08.911354] Master 93 OP: recv_SMP_0x03
[2022-03-13 07:28:08.923085] Master 94 OP: end_recv_SMP_0x03
[2022-03-13 07:28:08.928432] Master 95 OP: send_SMP_0x04
[2022-03-13 07:28:08.931097] Master 96 OP: end_send_SMP_0x04
[2022-03-13 07:28:08.977818] Slave 100 OP: end_recv_SMP_0x0D
[2022-03-13 07:28:08.982849] Slave 101 OP: send_SMP_0x0D
[2022-03-13 07:28:08.984919] Slave 102 OP: end_send_SMP_0x0D
[2022-03-13 07:28:08.995202] Master 97 OP: recv_SMP_0x04
[2022-03-13 07:28:09.100738] Master 98 OP: end_recv_SMP_0x04
[2022-03-13 07:28:09.104706] Master 99 OP: send_SMP_0x0D
[2022-03-13 07:28:09.108235] Master 100 OP: end_send_SMP_0x0D
[2022-03-13 07:28:09.214057] Master 101 OP: recv_SMP_0x0D
[2022-03-13 07:28:09.372400] Master 102 OP: end_recv_SMP_0x0D
[2022-03-13 07:28:09.383898] Slave 103 OP: send_SMP_0x0F
[2022-03-13 07:28:09.385859] Slave 104 OP: end_send_SMP_0x0F
[2022-03-13 07:28:09.390315] Slave 105 OP: send_SMP_0x08
[2022-03-13 07:28:09.391267] Slave 106 OP: end_send_SMP_0x08
[2022-03-13 07:28:09.393167] Slave 107 OP: send_SMP_0x09
[2022-03-13 07:28:09.394877] Slave 108 OP: end_send_SMP_0x09
[2022-03-13 07:28:09.426343] Slave 109 OP: send_SMP_0x0A
[2022-03-13 07:28:09.496659] Slave 110 OP: end_send_SMP_0x0A
[2022-03-13 07:28:09.612204] Master 103 OP: recv_SMP_0x0F
[2022-03-13 07:28:09.616222] Master 104 OP: end_recv_SMP_0x0F
[2022-03-13 07:28:09.678080] Master 105 OP: recv_SMP_0x08
[2022-03-13 07:28:09.681101] Master 106 OP: end_recv_SMP_0x08
[2022-03-13 07:28:09.938835] Master 107 OP: recv_SMP_0x09
[2022-03-13 07:28:09.968904] Slave 111 OP: recv_SMP_0x0F
[2022-03-13 07:28:09.975501] Slave 112 OP: end_recv_SMP_0x0F
[2022-03-13 07:28:10.022849] Slave 113 OP: recv_SMP_0x08
[2022-03-13 07:28:10.027901] Slave 114 OP: end_recv_SMP_0x08
[2022-03-13 07:28:10.055823] Slave 115 OP: recv_SMP_0x09
[2022-03-13 07:28:10.091176] Master 108 OP: end_recv_SMP_0x09
[2022-03-13 07:28:10.114407] Master 109 OP: recv_SMP_0x0A
[2022-03-13 07:28:10.119897] Master 110 OP: end_recv_SMP_0x0A
[2022-03-13 07:28:10.143729] Master 111 OP: send_SMP_0x0F
[2022-03-13 07:28:10.146732] Master 112 OP: end_send_SMP_0x0F
[2022-03-13 07:28:10.150239] Master 113 OP: send_SMP_0x08
[2022-03-13 07:28:10.152748] Master 114 OP: end_send_SMP_0x08
[2022-03-13 07:28:10.160731] Master 115 OP: send_SMP_0x09
[2022-03-13 07:28:10.164917] Master 116 OP: end_send_SMP_0x09
[2022-03-13 07:28:10.169805] Master 117 OP: send_SMP_0x0A
[2022-03-13 07:28:10.236408] Slave 116 OP: end_recv_SMP_0x09
[2022-03-13 07:28:10.251138] Master 118 OP: end_send_SMP_0x0A
[2022-03-13 07:28:10.270670] Slave 117 OP: recv_SMP_0x0A
[2022-03-13 07:28:10.280382] Slave 118 OP: end_recv_SMP_0x0A
