[2022-03-14 15:53:51.745499] Slave 1 OP: send_SMP_0x0B
[2022-03-14 15:53:51.757426] Slave 2 OP: end_send_SMP_0x0B
[2022-03-14 15:53:52.038906] Master 1 OP: recv_SMP_0x0B
[2022-03-14 15:53:52.040622] Master 2 OP: end_recv_SMP_0x0B
[2022-03-14 15:53:52.043578] Master 3 OP: send_SMP_0x01
[2022-03-14 15:53:52.045600] Master 4 OP: end_send_SMP_0x01
[2022-03-14 15:53:52.070451] Slave 3 OP: recv_SMP_0x01
[2022-03-14 15:53:52.084495] Slave 4 OP: end_recv_SMP_0x01
[2022-03-14 15:53:52.086499] Slave 5 OP: send_SMP_0x02
[2022-03-14 15:53:52.088535] Slave 6 OP: end_send_SMP_0x02
[2022-03-14 15:53:52.189787] Master 5 OP: recv_SMP_0x02
[2022-03-14 15:53:52.242619] Master 6 OP: end_recv_SMP_0x02
[2022-03-14 15:53:52.244602] Master 7 OP: send_SMP_0x0C
[2022-03-14 15:53:52.247701] Master 8 OP: end_send_SMP_0x0C
[2022-03-14 15:53:52.326494] Slave 7 OP: recv_SMP_0x0C
[2022-03-14 15:53:52.342545] Slave 8 OP: end_recv_SMP_0x0C
[2022-03-14 15:53:52.344539] Slave 9 OP: send_SMP_0x0C
[2022-03-14 15:53:52.347436] Slave 10 OP: end_send_SMP_0x0C
[2022-03-14 15:53:52.610469] Slave 11 OP: recv_SMP_0x03
[2022-03-14 15:53:52.619476] Slave 12 OP: end_recv_SMP_0x03
[2022-03-14 15:53:52.621490] Slave 13 OP: send_SMP_0x03
[2022-03-14 15:53:52.629486] Slave 14 OP: end_send_SMP_0x03
[2022-03-14 15:53:52.643682] Master 9 OP: recv_SMP_0x0C
[2022-03-14 15:53:52.743617] Master 10 OP: end_recv_SMP_0x0C
[2022-03-14 15:53:52.746640] Master 11 OP: send_SMP_0x03
[2022-03-14 15:53:52.749618] Master 12 OP: end_send_SMP_0x03
[2022-03-14 15:53:52.770507] Slave 15 OP: recv_SMP_0x04
[2022-03-14 15:53:52.785525] Slave 16 OP: end_recv_SMP_0x04
[2022-03-14 15:53:52.787512] Slave 17 OP: send_SMP_0x04
[2022-03-14 15:53:52.790523] Slave 18 OP: end_send_SMP_0x04
[2022-03-14 15:53:52.942663] Master 13 OP: recv_SMP_0x03
[2022-03-14 15:53:52.948665] Master 14 OP: end_recv_SMP_0x03
[2022-03-14 15:53:52.950617] Master 15 OP: send_SMP_0x04
[2022-03-14 15:53:52.956389] Master 16 OP: end_send_SMP_0x04
[2022-03-14 15:53:52.960473] Slave 19 OP: recv_SMP_0x03
[2022-03-14 15:53:52.969512] Slave 20 OP: end_recv_SMP_0x03
[2022-03-14 15:53:52.971846] Slave 21 OP: send_SMP_0x03
[2022-03-14 15:53:52.979535] Slave 22 OP: end_send_SMP_0x03
[2022-03-14 15:53:53.100567] Master 17 OP: recv_SMP_0x04
[2022-03-14 15:53:53.114484] Master 18 OP: end_recv_SMP_0x04
[2022-03-14 15:53:53.116652] Master 19 OP: send_SMP_0x03
[2022-03-14 15:53:53.120505] Slave 23 OP: recv_SMP_0x04
[2022-03-14 15:53:53.120724] Master 20 OP: end_send_SMP_0x03
[2022-03-14 15:53:53.135506] Slave 24 OP: end_recv_SMP_0x04
[2022-03-14 15:53:53.137500] Slave 25 OP: send_SMP_0x04
[2022-03-14 15:53:53.140525] Slave 26 OP: end_send_SMP_0x04
[2022-03-14 15:53:53.305587] Master 21 OP: recv_SMP_0x03
[2022-03-14 15:53:53.310496] Slave 27 OP: recv_SMP_0x03
[2022-03-14 15:53:53.312600] Master 22 OP: end_recv_SMP_0x03
[2022-03-14 15:53:53.317580] Master 23 OP: send_SMP_0x04
[2022-03-14 15:53:53.319482] Slave 28 OP: end_recv_SMP_0x03
[2022-03-14 15:53:53.319679] Master 24 OP: end_send_SMP_0x04
[2022-03-14 15:53:53.321481] Slave 29 OP: send_SMP_0x03
[2022-03-14 15:53:53.329496] Slave 30 OP: end_send_SMP_0x03
[2022-03-14 15:53:53.463612] Master 25 OP: recv_SMP_0x04
[2022-03-14 15:53:53.470524] Slave 31 OP: recv_SMP_0x04
[2022-03-14 15:53:53.481899] Master 26 OP: end_recv_SMP_0x04
[2022-03-14 15:53:53.483575] Master 27 OP: send_SMP_0x03
[2022-03-14 15:53:53.486450] Slave 32 OP: end_recv_SMP_0x04
[2022-03-14 15:53:53.487497] Slave 33 OP: send_SMP_0x04
[2022-03-14 15:53:53.487677] Master 28 OP: end_send_SMP_0x03
[2022-03-14 15:53:53.490503] Slave 34 OP: end_send_SMP_0x04
[2022-03-14 15:53:53.656261] Master 29 OP: recv_SMP_0x03
[2022-03-14 15:53:53.661486] Slave 35 OP: recv_SMP_0x03
[2022-03-14 15:53:53.665181] Master 30 OP: end_recv_SMP_0x03
[2022-03-14 15:53:53.669127] Master 31 OP: send_SMP_0x04
[2022-03-14 15:53:53.669471] Slave 36 OP: end_recv_SMP_0x03
[2022-03-14 15:53:53.669749] Master 32 OP: end_send_SMP_0x04
[2022-03-14 15:53:53.672161] Slave 37 OP: send_SMP_0x03
[2022-03-14 15:53:53.679511] Slave 38 OP: end_send_SMP_0x03
[2022-03-14 15:53:53.813637] Master 33 OP: recv_SMP_0x04
[2022-03-14 15:53:53.820532] Slave 39 OP: recv_SMP_0x04
[2022-03-14 15:53:53.829748] Master 34 OP: end_recv_SMP_0x04
[2022-03-14 15:53:53.833598] Master 35 OP: send_SMP_0x03
[2022-03-14 15:53:53.835503] Slave 40 OP: end_recv_SMP_0x04
[2022-03-14 15:53:53.837542] Slave 41 OP: send_SMP_0x04
[2022-03-14 15:53:53.837765] Master 36 OP: end_send_SMP_0x03
[2022-03-14 15:53:53.840514] Slave 42 OP: end_send_SMP_0x04
[2022-03-14 15:53:54.005590] Master 37 OP: recv_SMP_0x03
[2022-03-14 15:53:54.010494] Slave 43 OP: recv_SMP_0x03
[2022-03-14 15:53:54.012633] Master 38 OP: end_recv_SMP_0x03
[2022-03-14 15:53:54.017577] Master 39 OP: send_SMP_0x04
[2022-03-14 15:53:54.019498] Slave 44 OP: end_recv_SMP_0x03
[2022-03-14 15:53:54.019698] Master 40 OP: end_send_SMP_0x04
[2022-03-14 15:53:54.021504] Slave 45 OP: send_SMP_0x03
[2022-03-14 15:53:54.029512] Slave 46 OP: end_send_SMP_0x03
[2022-03-14 15:53:54.163600] Master 41 OP: recv_SMP_0x04
[2022-03-14 15:53:54.170514] Slave 47 OP: recv_SMP_0x04
[2022-03-14 15:53:54.179743] Master 42 OP: end_recv_SMP_0x04
[2022-03-14 15:53:54.183691] Master 43 OP: send_SMP_0x03
[2022-03-14 15:53:54.186476] Slave 48 OP: end_recv_SMP_0x04
[2022-03-14 15:53:54.187480] Slave 49 OP: send_SMP_0x04
[2022-03-14 15:53:54.187659] Master 44 OP: end_send_SMP_0x03
[2022-03-14 15:53:54.191631] Slave 50 OP: end_send_SMP_0x04
[2022-03-14 15:53:54.355620] Master 45 OP: recv_SMP_0x03
[2022-03-14 15:53:54.360890] Slave 51 OP: recv_SMP_0x03
[2022-03-14 15:53:54.362677] Master 46 OP: end_recv_SMP_0x03
[2022-03-14 15:53:54.367592] Master 47 OP: send_SMP_0x04
[2022-03-14 15:53:54.369509] Slave 52 OP: end_recv_SMP_0x03
[2022-03-14 15:53:54.369721] Master 48 OP: end_send_SMP_0x04
[2022-03-14 15:53:54.371475] Slave 53 OP: send_SMP_0x03
[2022-03-14 15:53:54.379507] Slave 54 OP: end_send_SMP_0x03
[2022-03-14 15:53:54.513614] Master 49 OP: recv_SMP_0x04
[2022-03-14 15:53:54.520522] Slave 55 OP: recv_SMP_0x04
[2022-03-14 15:53:54.529758] Master 50 OP: end_recv_SMP_0x04
[2022-03-14 15:53:54.533621] Master 51 OP: send_SMP_0x03
[2022-03-14 15:53:54.536506] Slave 56 OP: end_recv_SMP_0x04
[2022-03-14 15:53:54.537566] Slave 57 OP: send_SMP_0x04
[2022-03-14 15:53:54.537760] Master 52 OP: end_send_SMP_0x03
[2022-03-14 15:53:54.542320] Slave 58 OP: end_send_SMP_0x04
[2022-03-14 15:53:54.705605] Master 53 OP: recv_SMP_0x03
[2022-03-14 15:53:54.710540] Slave 59 OP: recv_SMP_0x03
[2022-03-14 15:53:54.712620] Master 54 OP: end_recv_SMP_0x03
[2022-03-14 15:53:54.717621] Master 55 OP: send_SMP_0x04
[2022-03-14 15:53:54.719521] Slave 60 OP: end_recv_SMP_0x03
[2022-03-14 15:53:54.719721] Master 56 OP: end_send_SMP_0x04
[2022-03-14 15:53:54.721498] Slave 61 OP: send_SMP_0x03
[2022-03-14 15:53:54.729565] Slave 62 OP: end_send_SMP_0x03
[2022-03-14 15:53:54.863883] Master 57 OP: recv_SMP_0x04
[2022-03-14 15:53:54.870517] Slave 63 OP: recv_SMP_0x04
[2022-03-14 15:53:54.880618] Master 58 OP: end_recv_SMP_0x04
[2022-03-14 15:53:54.883606] Master 59 OP: send_SMP_0x03
[2022-03-14 15:53:54.886600] Slave 64 OP: end_recv_SMP_0x04
[2022-03-14 15:53:54.887553] Slave 65 OP: send_SMP_0x04
[2022-03-14 15:53:54.887807] Master 60 OP: end_send_SMP_0x03
[2022-03-14 15:53:54.890511] Slave 66 OP: end_send_SMP_0x04
[2022-03-14 15:53:55.055632] Master 61 OP: recv_SMP_0x03
[2022-03-14 15:53:55.060515] Slave 67 OP: recv_SMP_0x03
[2022-03-14 15:53:55.062639] Master 62 OP: end_recv_SMP_0x03
[2022-03-14 15:53:55.067627] Master 63 OP: send_SMP_0x04
[2022-03-14 15:53:55.069537] Slave 68 OP: end_recv_SMP_0x03
[2022-03-14 15:53:55.069737] Master 64 OP: end_send_SMP_0x04
[2022-03-14 15:53:55.071555] Slave 69 OP: send_SMP_0x03
[2022-03-14 15:53:55.079534] Slave 70 OP: end_send_SMP_0x03
[2022-03-14 15:53:55.213663] Master 65 OP: recv_SMP_0x04
[2022-03-14 15:53:55.220558] Slave 71 OP: recv_SMP_0x04
[2022-03-14 15:53:55.230617] Master 66 OP: end_recv_SMP_0x04
[2022-03-14 15:53:55.233637] Master 67 OP: send_SMP_0x03
[2022-03-14 15:53:55.235512] Slave 72 OP: end_recv_SMP_0x04
[2022-03-14 15:53:55.237546] Slave 73 OP: send_SMP_0x04
[2022-03-14 15:53:55.237758] Master 68 OP: end_send_SMP_0x03
[2022-03-14 15:53:55.240830] Slave 74 OP: end_send_SMP_0x04
[2022-03-14 15:53:55.405646] Master 69 OP: recv_SMP_0x03
[2022-03-14 15:53:55.410540] Slave 75 OP: recv_SMP_0x03
[2022-03-14 15:53:55.412683] Master 70 OP: end_recv_SMP_0x03
[2022-03-14 15:53:55.417647] Master 71 OP: send_SMP_0x04
[2022-03-14 15:53:55.419669] Slave 76 OP: end_recv_SMP_0x03
[2022-03-14 15:53:55.419888] Master 72 OP: end_send_SMP_0x04
[2022-03-14 15:53:55.421510] Slave 77 OP: send_SMP_0x03
[2022-03-14 15:53:55.429527] Slave 78 OP: end_send_SMP_0x03
[2022-03-14 15:53:55.563656] Master 73 OP: recv_SMP_0x04
[2022-03-14 15:53:55.570581] Slave 79 OP: recv_SMP_0x04
[2022-03-14 15:53:55.580625] Master 74 OP: end_recv_SMP_0x04
[2022-03-14 15:53:55.583642] Master 75 OP: send_SMP_0x03
[2022-03-14 15:53:55.586486] Slave 80 OP: end_recv_SMP_0x04
[2022-03-14 15:53:55.587740] Slave 81 OP: send_SMP_0x04
[2022-03-14 15:53:55.587951] Master 76 OP: end_send_SMP_0x03
[2022-03-14 15:53:55.590804] Slave 82 OP: end_send_SMP_0x04
[2022-03-14 15:53:55.755627] Master 77 OP: recv_SMP_0x03
[2022-03-14 15:53:55.760520] Slave 83 OP: recv_SMP_0x03
[2022-03-14 15:53:55.762647] Master 78 OP: end_recv_SMP_0x03
[2022-03-14 15:53:55.767601] Master 79 OP: send_SMP_0x04
[2022-03-14 15:53:55.769776] Slave 84 OP: end_recv_SMP_0x03
[2022-03-14 15:53:55.769996] Master 80 OP: end_send_SMP_0x04
[2022-03-14 15:53:55.771509] Slave 85 OP: send_SMP_0x03
[2022-03-14 15:53:55.779553] Slave 86 OP: end_send_SMP_0x03
[2022-03-14 15:53:55.913644] Master 81 OP: recv_SMP_0x04
[2022-03-14 15:53:55.920542] Slave 87 OP: recv_SMP_0x04
[2022-03-14 15:53:55.930675] Master 82 OP: end_recv_SMP_0x04
[2022-03-14 15:53:55.933662] Master 83 OP: send_SMP_0x03
[2022-03-14 15:53:55.935577] Slave 88 OP: end_recv_SMP_0x04
[2022-03-14 15:53:55.937534] Slave 89 OP: send_SMP_0x04
[2022-03-14 15:53:55.937736] Master 84 OP: end_send_SMP_0x03
[2022-03-14 15:53:55.940533] Slave 90 OP: end_send_SMP_0x04
[2022-03-14 15:53:56.105616] Master 85 OP: recv_SMP_0x03
[2022-03-14 15:53:56.110554] Slave 91 OP: recv_SMP_0x03
[2022-03-14 15:53:56.112654] Master 86 OP: end_recv_SMP_0x03
[2022-03-14 15:53:56.117626] Master 87 OP: send_SMP_0x04
[2022-03-14 15:53:56.120036] Slave 92 OP: end_recv_SMP_0x03
[2022-03-14 15:53:56.120240] Master 88 OP: end_send_SMP_0x04
[2022-03-14 15:53:56.121555] Slave 93 OP: send_SMP_0x03
[2022-03-14 15:53:56.129552] Slave 94 OP: end_send_SMP_0x03
[2022-03-14 15:53:56.263672] Master 89 OP: recv_SMP_0x04
[2022-03-14 15:53:56.270551] Slave 95 OP: recv_SMP_0x04
[2022-03-14 15:53:56.280684] Master 90 OP: end_recv_SMP_0x04
[2022-03-14 15:53:56.283684] Master 91 OP: send_SMP_0x03
[2022-03-14 15:53:56.286517] Slave 96 OP: end_recv_SMP_0x04
[2022-03-14 15:53:56.287552] Slave 97 OP: send_SMP_0x04
[2022-03-14 15:53:56.287740] Master 92 OP: end_send_SMP_0x03
[2022-03-14 15:53:56.291457] Slave 98 OP: end_send_SMP_0x04
[2022-03-14 15:53:56.455625] Master 93 OP: recv_SMP_0x03
[2022-03-14 15:53:56.460548] Slave 99 OP: recv_SMP_0x03
[2022-03-14 15:53:56.462678] Master 94 OP: end_recv_SMP_0x03
[2022-03-14 15:53:56.467662] Master 95 OP: send_SMP_0x04
[2022-03-14 15:53:56.469542] Slave 100 OP: end_recv_SMP_0x03
[2022-03-14 15:53:56.469752] Master 96 OP: end_send_SMP_0x04
[2022-03-14 15:53:56.471557] Slave 101 OP: send_SMP_0x03
[2022-03-14 15:53:56.479597] Slave 102 OP: end_send_SMP_0x03
[2022-03-14 15:53:56.613653] Master 97 OP: recv_SMP_0x04
[2022-03-14 15:53:56.620554] Slave 103 OP: recv_SMP_0x04
[2022-03-14 15:53:56.630684] Master 98 OP: end_recv_SMP_0x04
[2022-03-14 15:53:56.633634] Master 99 OP: send_SMP_0x03
[2022-03-14 15:53:56.636658] Slave 104 OP: end_recv_SMP_0x04
[2022-03-14 15:53:56.637947] Slave 105 OP: send_SMP_0x04
[2022-03-14 15:53:56.638219] Master 100 OP: end_send_SMP_0x03
[2022-03-14 15:53:56.642166] Slave 106 OP: end_send_SMP_0x04
[2022-03-14 15:53:56.749662] Master 101 OP: recv_SMP_0x03
[2022-03-14 15:53:56.753688] Master 102 OP: end_recv_SMP_0x03
[2022-03-14 15:53:56.754676] Master 103 OP: send_SMP_0x04
[2022-03-14 15:53:56.757644] Master 104 OP: end_send_SMP_0x04
[2022-03-14 15:53:56.810558] Slave 107 OP: recv_SMP_0x03
[2022-03-14 15:53:56.819569] Slave 108 OP: end_recv_SMP_0x03
[2022-03-14 15:53:56.821573] Slave 109 OP: send_SMP_0x03
[2022-03-14 15:53:56.829724] Slave 110 OP: end_send_SMP_0x03
[2022-03-14 15:53:56.834668] Master 105 OP: recv_SMP_0x04
[2022-03-14 15:53:56.843911] Master 106 OP: end_recv_SMP_0x04
[2022-03-14 15:53:56.845625] Master 107 OP: send_SMP_0x03
[2022-03-14 15:53:56.937698] Master 108 OP: end_send_SMP_0x03
[2022-03-14 15:53:56.970608] Slave 111 OP: recv_SMP_0x04
[2022-03-14 15:53:56.986548] Slave 112 OP: end_recv_SMP_0x04
[2022-03-14 15:53:56.988732] Slave 113 OP: send_SMP_0x04
[2022-03-14 15:53:56.990603] Slave 114 OP: end_send_SMP_0x04
[2022-03-14 15:53:57.160535] Slave 115 OP: recv_SMP_0x03
[2022-03-14 15:53:57.169525] Slave 116 OP: end_recv_SMP_0x03
[2022-03-14 15:53:57.171568] Slave 117 OP: send_SMP_0x03
[2022-03-14 15:53:57.177661] Master 109 OP: recv_SMP_0x03
[2022-03-14 15:53:57.179555] Slave 118 OP: end_send_SMP_0x03
[2022-03-14 15:53:57.181773] Master 110 OP: end_recv_SMP_0x03
[2022-03-14 15:53:57.183718] Master 111 OP: send_SMP_0x04
[2022-03-14 15:53:57.184720] Master 112 OP: end_send_SMP_0x04
[2022-03-14 15:53:57.351650] Master 113 OP: recv_SMP_0x04
[2022-03-14 15:53:57.363534] Slave 119 OP: recv_SMP_0x04
[2022-03-14 15:53:57.368904] Master 114 OP: end_recv_SMP_0x04
[2022-03-14 15:53:57.371796] Master 115 OP: send_SMP_0x03
[2022-03-14 15:53:57.377768] Slave 120 OP: end_recv_SMP_0x04
[2022-03-14 15:53:57.377976] Master 116 OP: end_send_SMP_0x03
[2022-03-14 15:53:57.380124] Slave 121 OP: send_SMP_0x04
[2022-03-14 15:53:57.382223] Slave 122 OP: end_send_SMP_0x04
[2022-03-14 15:53:57.560588] Slave 123 OP: recv_SMP_0x03
[2022-03-14 15:53:57.569551] Slave 124 OP: end_recv_SMP_0x03
[2022-03-14 15:53:57.571554] Slave 125 OP: send_SMP_0x03
[2022-03-14 15:53:57.579588] Slave 126 OP: end_send_SMP_0x03
[2022-03-14 15:53:57.580865] Master 117 OP: recv_SMP_0x03
[2022-03-14 15:53:57.585085] Master 118 OP: end_recv_SMP_0x03
[2022-03-14 15:53:57.587697] Master 119 OP: send_SMP_0x04
[2022-03-14 15:53:57.588684] Master 120 OP: end_send_SMP_0x04
[2022-03-14 15:53:57.720598] Slave 127 OP: recv_SMP_0x04
[2022-03-14 15:53:57.736545] Slave 128 OP: end_recv_SMP_0x04
[2022-03-14 15:53:57.737605] Slave 129 OP: send_SMP_0x04
[2022-03-14 15:53:57.740632] Slave 130 OP: end_send_SMP_0x04
[2022-03-14 15:53:57.740830] Master 121 OP: recv_SMP_0x04
[2022-03-14 15:53:57.748034] Master 122 OP: end_recv_SMP_0x04
[2022-03-14 15:53:57.749692] Master 123 OP: send_SMP_0x03
[2022-03-14 15:53:57.751759] Master 124 OP: end_send_SMP_0x03
[2022-03-14 15:53:57.910576] Slave 131 OP: recv_SMP_0x03
[2022-03-14 15:53:57.919587] Slave 132 OP: end_recv_SMP_0x03
[2022-03-14 15:53:57.922549] Slave 133 OP: send_SMP_0x03
[2022-03-14 15:53:57.929591] Slave 134 OP: end_send_SMP_0x03
[2022-03-14 15:53:57.930674] Master 125 OP: recv_SMP_0x03
[2022-03-14 15:53:57.934726] Master 126 OP: end_recv_SMP_0x03
[2022-03-14 15:53:57.939205] Master 127 OP: send_SMP_0x04
[2022-03-14 15:53:57.939461] Master 128 OP: end_send_SMP_0x04
[2022-03-14 15:53:58.070591] Slave 135 OP: recv_SMP_0x04
[2022-03-14 15:53:58.086550] Slave 136 OP: end_recv_SMP_0x04
[2022-03-14 15:53:58.088551] Slave 137 OP: send_SMP_0x04
[2022-03-14 15:53:58.090561] Slave 138 OP: end_send_SMP_0x04
[2022-03-14 15:53:58.090833] Master 129 OP: recv_SMP_0x04
[2022-03-14 15:53:58.097492] Master 130 OP: end_recv_SMP_0x04
[2022-03-14 15:53:58.099738] Master 131 OP: send_SMP_0x03
[2022-03-14 15:53:58.103721] Master 132 OP: end_send_SMP_0x03
[2022-03-14 15:53:58.260562] Slave 139 OP: recv_SMP_0x03
[2022-03-14 15:53:58.269559] Slave 140 OP: end_recv_SMP_0x03
[2022-03-14 15:53:58.271679] Slave 141 OP: send_SMP_0x03
[2022-03-14 15:53:58.279574] Slave 142 OP: end_send_SMP_0x03
[2022-03-14 15:53:58.280711] Master 133 OP: recv_SMP_0x03
[2022-03-14 15:53:58.284712] Master 134 OP: end_recv_SMP_0x03
[2022-03-14 15:53:58.287708] Master 135 OP: send_SMP_0x04
[2022-03-14 15:53:58.289281] Master 136 OP: end_send_SMP_0x04
[2022-03-14 15:53:58.420646] Slave 143 OP: recv_SMP_0x04
[2022-03-14 15:53:58.436552] Slave 144 OP: end_recv_SMP_0x04
[2022-03-14 15:53:58.438547] Slave 145 OP: send_SMP_0x04
[2022-03-14 15:53:58.440908] Slave 146 OP: end_send_SMP_0x04
[2022-03-14 15:53:58.441101] Master 137 OP: recv_SMP_0x04
[2022-03-14 15:53:58.446764] Master 138 OP: end_recv_SMP_0x04
[2022-03-14 15:53:58.449699] Master 139 OP: send_SMP_0x03
[2022-03-14 15:53:58.451703] Master 140 OP: end_send_SMP_0x03
[2022-03-14 15:53:58.610987] Slave 147 OP: recv_SMP_0x03
[2022-03-14 15:53:58.619592] Slave 148 OP: end_recv_SMP_0x03
[2022-03-14 15:53:58.621591] Slave 149 OP: send_SMP_0x03
[2022-03-14 15:53:58.629577] Slave 150 OP: end_send_SMP_0x03
[2022-03-14 15:53:58.631085] Master 141 OP: recv_SMP_0x03
[2022-03-14 15:53:58.634728] Master 142 OP: end_recv_SMP_0x03
[2022-03-14 15:53:58.638701] Master 143 OP: send_SMP_0x04
[2022-03-14 15:53:58.639590] Master 144 OP: end_send_SMP_0x04
[2022-03-14 15:53:58.770635] Slave 151 OP: recv_SMP_0x04
[2022-03-14 15:53:58.785694] Slave 152 OP: end_recv_SMP_0x04
[2022-03-14 15:53:58.787617] Slave 153 OP: send_SMP_0x04
[2022-03-14 15:53:58.790568] Slave 154 OP: end_send_SMP_0x04
[2022-03-14 15:53:58.790756] Master 145 OP: recv_SMP_0x04
[2022-03-14 15:53:58.797267] Master 146 OP: end_recv_SMP_0x04
[2022-03-14 15:53:58.799699] Master 147 OP: send_SMP_0x03
[2022-03-14 15:53:58.801800] Master 148 OP: end_send_SMP_0x03
[2022-03-14 15:53:58.960603] Slave 155 OP: recv_SMP_0x03
[2022-03-14 15:53:58.969599] Slave 156 OP: end_recv_SMP_0x03
[2022-03-14 15:53:58.971574] Slave 157 OP: send_SMP_0x03
[2022-03-14 15:53:58.979606] Slave 158 OP: end_send_SMP_0x03
[2022-03-14 15:53:58.980678] Master 149 OP: recv_SMP_0x03
[2022-03-14 15:53:58.984696] Master 150 OP: end_recv_SMP_0x03
[2022-03-14 15:53:58.987680] Master 151 OP: send_SMP_0x04
[2022-03-14 15:53:58.988845] Master 152 OP: end_send_SMP_0x04
[2022-03-14 15:53:59.120639] Slave 159 OP: recv_SMP_0x04
[2022-03-14 15:53:59.136712] Slave 160 OP: end_recv_SMP_0x04
[2022-03-14 15:53:59.138022] Slave 161 OP: send_SMP_0x04
[2022-03-14 15:53:59.140589] Slave 162 OP: end_send_SMP_0x04
[2022-03-14 15:53:59.140796] Master 153 OP: recv_SMP_0x04
[2022-03-14 15:53:59.146773] Master 154 OP: end_recv_SMP_0x04
[2022-03-14 15:53:59.149719] Master 155 OP: send_SMP_0x03
[2022-03-14 15:53:59.151674] Master 156 OP: end_send_SMP_0x03
[2022-03-14 15:53:59.310610] Slave 163 OP: recv_SMP_0x03
[2022-03-14 15:53:59.319595] Slave 164 OP: end_recv_SMP_0x03
[2022-03-14 15:53:59.321584] Slave 165 OP: send_SMP_0x03
[2022-03-14 15:53:59.329725] Slave 166 OP: end_send_SMP_0x03
[2022-03-14 15:53:59.330721] Master 157 OP: recv_SMP_0x03
[2022-03-14 15:53:59.334752] Master 158 OP: end_recv_SMP_0x03
[2022-03-14 15:53:59.337724] Master 159 OP: send_SMP_0x04
[2022-03-14 15:53:59.338716] Master 160 OP: end_send_SMP_0x04
[2022-03-14 15:53:59.470631] Slave 167 OP: recv_SMP_0x04
[2022-03-14 15:53:59.486558] Slave 168 OP: end_recv_SMP_0x04
[2022-03-14 15:53:59.488578] Slave 169 OP: send_SMP_0x04
[2022-03-14 15:53:59.490568] Slave 170 OP: end_send_SMP_0x04
[2022-03-14 15:53:59.490754] Master 161 OP: recv_SMP_0x04
[2022-03-14 15:53:59.496760] Master 162 OP: end_recv_SMP_0x04
[2022-03-14 15:53:59.499702] Master 163 OP: send_SMP_0x03
[2022-03-14 15:53:59.501720] Master 164 OP: end_send_SMP_0x03
[2022-03-14 15:53:59.712609] Slave 171 OP: recv_SMP_0x0D
[2022-03-14 15:53:59.738752] Master 165 OP: recv_SMP_0x03
[2022-03-14 15:53:59.749705] Master 166 OP: end_recv_SMP_0x03
[2022-03-14 15:53:59.752731] Master 167 OP: send_SMP_0x04
[2022-03-14 15:53:59.754710] Master 168 OP: end_send_SMP_0x04
[2022-03-14 15:53:59.789697] Slave 172 OP: end_recv_SMP_0x0D
[2022-03-14 15:53:59.793599] Slave 173 OP: send_SMP_0x0D
[2022-03-14 15:53:59.795585] Slave 174 OP: end_send_SMP_0x0D
[2022-03-14 15:53:59.889794] Master 169 OP: recv_SMP_0x04
[2022-03-14 15:54:00.008673] Master 170 OP: end_recv_SMP_0x04
[2022-03-14 15:54:00.011714] Master 171 OP: send_SMP_0x0D
[2022-03-14 15:54:00.013756] Master 172 OP: end_send_SMP_0x0D
[2022-03-14 15:54:00.153719] Master 173 OP: recv_SMP_0x0D
[2022-03-14 15:54:00.194622] Slave 175 OP: send_SMP_0x0F
[2022-03-14 15:54:00.197564] Slave 176 OP: end_send_SMP_0x0F
[2022-03-14 15:54:00.199625] Slave 177 OP: send_SMP_0x08
[2022-03-14 15:54:00.202581] Slave 178 OP: end_send_SMP_0x08
[2022-03-14 15:54:00.203626] Slave 179 OP: send_SMP_0x09
[2022-03-14 15:54:00.206612] Slave 180 OP: end_send_SMP_0x09
[2022-03-14 15:54:00.208646] Slave 181 OP: send_SMP_0x0A
[2022-03-14 15:54:00.221744] Master 174 OP: end_recv_SMP_0x0D
[2022-03-14 15:54:00.251586] Slave 182 OP: end_send_SMP_0x0A
[2022-03-14 15:54:00.399703] Master 175 OP: recv_SMP_0x0F
[2022-03-14 15:54:00.404737] Master 176 OP: end_recv_SMP_0x0F
[2022-03-14 15:54:00.424692] Master 177 OP: recv_SMP_0x08
[2022-03-14 15:54:00.428750] Master 178 OP: end_recv_SMP_0x08
[2022-03-14 15:54:00.691704] Master 179 OP: recv_SMP_0x09
[2022-03-14 15:54:00.734658] Slave 183 OP: recv_SMP_0x0F
[2022-03-14 15:54:00.738672] Slave 184 OP: end_recv_SMP_0x0F
[2022-03-14 15:54:00.765661] Slave 185 OP: recv_SMP_0x08
[2022-03-14 15:54:00.771643] Slave 186 OP: end_recv_SMP_0x08
[2022-03-14 15:54:00.794752] Slave 187 OP: recv_SMP_0x09
[2022-03-14 15:54:00.845767] Master 180 OP: end_recv_SMP_0x09
[2022-03-14 15:54:00.870768] Master 181 OP: recv_SMP_0x0A
[2022-03-14 15:54:00.874818] Master 182 OP: end_recv_SMP_0x0A
[2022-03-14 15:54:00.892747] Master 183 OP: send_SMP_0x0F
[2022-03-14 15:54:00.893709] Master 184 OP: end_send_SMP_0x0F
[2022-03-14 15:54:00.898761] Master 185 OP: send_SMP_0x08
[2022-03-14 15:54:00.900788] Master 186 OP: end_send_SMP_0x08
[2022-03-14 15:54:00.902740] Master 187 OP: send_SMP_0x09
[2022-03-14 15:54:00.907338] Master 188 OP: end_send_SMP_0x09
[2022-03-14 15:54:00.909143] Master 189 OP: send_SMP_0x0A
[2022-03-14 15:54:00.966608] Slave 188 OP: end_recv_SMP_0x09
[2022-03-14 15:54:00.988640] Slave 189 OP: recv_SMP_0x0A
[2022-03-14 15:54:00.989278] Master 190 OP: end_send_SMP_0x0A
[2022-03-14 15:54:00.996209] Slave 190 OP: end_recv_SMP_0x0A
