[2022-03-14 03:21:16.045335] Slave 1 OP: send_SMP_0x0B
[2022-03-14 03:21:16.056534] Slave 2 OP: end_send_SMP_0x0B
[2022-03-14 03:21:16.336736] Master 1 OP: recv_SMP_0x0B
[2022-03-14 03:21:16.343392] Master 2 OP: end_recv_SMP_0x0B
[2022-03-14 03:21:16.348800] Master 3 OP: send_SMP_0x01
[2022-03-14 03:21:16.349170] Master 4 OP: end_send_SMP_0x01
[2022-03-14 03:21:16.491911] Slave 3 OP: recv_SMP_0x01
[2022-03-14 03:21:16.513470] Master 5 OP: recv_SMP_0x02
[2022-03-14 03:21:16.515418] Slave 4 OP: end_recv_SMP_0x01
[2022-03-14 03:21:16.517812] Slave 5 OP: send_SMP_0x02
[2022-03-14 03:21:16.520177] Slave 6 OP: end_send_SMP_0x02
[2022-03-14 03:21:16.524925] Master 6 OP: end_recv_SMP_0x02
[2022-03-14 03:21:16.527864] Master 7 OP: send_SMP_0x0C
[2022-03-14 03:21:16.542000] Master 8 OP: end_send_SMP_0x0C
[2022-03-14 03:21:16.675615] Slave 7 OP: recv_SMP_0x0C
[2022-03-14 03:21:16.691633] Slave 8 OP: end_recv_SMP_0x0C
[2022-03-14 03:21:16.693678] Slave 9 OP: send_SMP_0x0C
[2022-03-14 03:21:16.695797] Slave 10 OP: end_send_SMP_0x0C
[2022-03-14 03:21:17.009649] Slave 11 OP: recv_SMP_0x03
[2022-03-14 03:21:17.011842] Master 9 OP: recv_SMP_0x0C
[2022-03-14 03:21:17.018656] Slave 12 OP: end_recv_SMP_0x03
[2022-03-14 03:21:17.020761] Slave 13 OP: send_SMP_0x03
[2022-03-14 03:21:17.024034] Master 10 OP: end_recv_SMP_0x0C
[2022-03-14 03:21:17.031809] Master 11 OP: send_SMP_0x03
[2022-03-14 03:21:17.034552] Slave 14 OP: end_send_SMP_0x03
[2022-03-14 03:21:17.049268] Master 12 OP: end_send_SMP_0x03
[2022-03-14 03:21:17.169653] Slave 15 OP: recv_SMP_0x04
[2022-03-14 03:21:17.192222] Slave 16 OP: end_recv_SMP_0x04
[2022-03-14 03:21:17.192598] Slave 17 OP: send_SMP_0x04
[2022-03-14 03:21:17.196513] Slave 18 OP: end_send_SMP_0x04
[2022-03-14 03:21:17.202528] Master 13 OP: recv_SMP_0x03
[2022-03-14 03:21:17.206734] Master 14 OP: end_recv_SMP_0x03
[2022-03-14 03:21:17.209737] Master 15 OP: send_SMP_0x04
[2022-03-14 03:21:17.210748] Master 16 OP: end_send_SMP_0x04
[2022-03-14 03:21:17.359611] Slave 19 OP: recv_SMP_0x03
[2022-03-14 03:21:17.368588] Slave 20 OP: end_recv_SMP_0x03
[2022-03-14 03:21:17.370570] Slave 21 OP: send_SMP_0x03
[2022-03-14 03:21:17.383664] Slave 22 OP: end_send_SMP_0x03
[2022-03-14 03:21:17.383981] Master 17 OP: recv_SMP_0x04
[2022-03-14 03:21:17.400377] Master 18 OP: end_recv_SMP_0x04
[2022-03-14 03:21:17.400870] Master 19 OP: send_SMP_0x03
[2022-03-14 03:21:17.490761] Master 20 OP: end_send_SMP_0x03
[2022-03-14 03:21:17.519614] Slave 23 OP: recv_SMP_0x04
[2022-03-14 03:21:17.540603] Slave 24 OP: end_recv_SMP_0x04
[2022-03-14 03:21:17.542653] Slave 25 OP: send_SMP_0x04
[2022-03-14 03:21:17.544678] Slave 26 OP: end_send_SMP_0x04
[2022-03-14 03:21:17.556803] Master 21 OP: recv_SMP_0x03
[2022-03-14 03:21:17.636791] Master 22 OP: end_recv_SMP_0x03
[2022-03-14 03:21:17.638762] Master 23 OP: send_SMP_0x04
[2022-03-14 03:21:17.640734] Master 24 OP: end_send_SMP_0x04
[2022-03-14 03:21:17.709936] Slave 27 OP: recv_SMP_0x03
[2022-03-14 03:21:17.718692] Slave 28 OP: end_recv_SMP_0x03
[2022-03-14 03:21:17.720605] Slave 29 OP: send_SMP_0x03
[2022-03-14 03:21:17.733635] Slave 30 OP: end_send_SMP_0x03
[2022-03-14 03:21:17.741793] Master 25 OP: recv_SMP_0x04
[2022-03-14 03:21:17.840766] Master 26 OP: end_recv_SMP_0x04
[2022-03-14 03:21:17.842783] Master 27 OP: send_SMP_0x03
[2022-03-14 03:21:17.848798] Master 28 OP: end_send_SMP_0x03
[2022-03-14 03:21:17.869643] Slave 31 OP: recv_SMP_0x04
[2022-03-14 03:21:17.890663] Slave 32 OP: end_recv_SMP_0x04
[2022-03-14 03:21:17.893001] Slave 33 OP: send_SMP_0x04
[2022-03-14 03:21:17.894775] Slave 34 OP: end_send_SMP_0x04
[2022-03-14 03:21:17.905795] Master 29 OP: recv_SMP_0x03
[2022-03-14 03:21:17.986892] Master 30 OP: end_recv_SMP_0x03
[2022-03-14 03:21:17.988789] Master 31 OP: send_SMP_0x04
[2022-03-14 03:21:17.990796] Master 32 OP: end_send_SMP_0x04
[2022-03-14 03:21:18.059867] Slave 35 OP: recv_SMP_0x03
[2022-03-14 03:21:18.068628] Slave 36 OP: end_recv_SMP_0x03
[2022-03-14 03:21:18.070779] Slave 37 OP: send_SMP_0x03
[2022-03-14 03:21:18.089044] Slave 38 OP: end_send_SMP_0x03
[2022-03-14 03:21:18.096021] Master 33 OP: recv_SMP_0x04
[2022-03-14 03:21:18.190769] Master 34 OP: end_recv_SMP_0x04
[2022-03-14 03:21:18.193627] Master 35 OP: send_SMP_0x03
[2022-03-14 03:21:18.198778] Master 36 OP: end_send_SMP_0x03
[2022-03-14 03:21:18.219689] Slave 39 OP: recv_SMP_0x04
[2022-03-14 03:21:18.240622] Slave 40 OP: end_recv_SMP_0x04
[2022-03-14 03:21:18.242594] Slave 41 OP: send_SMP_0x04
[2022-03-14 03:21:18.244642] Slave 42 OP: end_send_SMP_0x04
[2022-03-14 03:21:18.255819] Master 37 OP: recv_SMP_0x03
[2022-03-14 03:21:18.336830] Master 38 OP: end_recv_SMP_0x03
[2022-03-14 03:21:18.339202] Master 39 OP: send_SMP_0x04
[2022-03-14 03:21:18.341296] Master 40 OP: end_send_SMP_0x04
[2022-03-14 03:21:18.409617] Slave 43 OP: recv_SMP_0x03
[2022-03-14 03:21:18.418594] Slave 44 OP: end_recv_SMP_0x03
[2022-03-14 03:21:18.420608] Slave 45 OP: send_SMP_0x03
[2022-03-14 03:21:18.433655] Slave 46 OP: end_send_SMP_0x03
[2022-03-14 03:21:18.442561] Master 41 OP: recv_SMP_0x04
[2022-03-14 03:21:18.540900] Master 42 OP: end_recv_SMP_0x04
[2022-03-14 03:21:18.543118] Master 43 OP: send_SMP_0x03
[2022-03-14 03:21:18.548733] Master 44 OP: end_send_SMP_0x03
[2022-03-14 03:21:18.569660] Slave 47 OP: recv_SMP_0x04
[2022-03-14 03:21:18.591281] Slave 48 OP: end_recv_SMP_0x04
[2022-03-14 03:21:18.593228] Slave 49 OP: send_SMP_0x04
[2022-03-14 03:21:18.594710] Slave 50 OP: end_send_SMP_0x04
[2022-03-14 03:21:18.605771] Master 45 OP: recv_SMP_0x03
[2022-03-14 03:21:18.686813] Master 46 OP: end_recv_SMP_0x03
[2022-03-14 03:21:18.688888] Master 47 OP: send_SMP_0x04
[2022-03-14 03:21:18.690790] Master 48 OP: end_send_SMP_0x04
[2022-03-14 03:21:18.759638] Slave 51 OP: recv_SMP_0x03
[2022-03-14 03:21:18.768635] Slave 52 OP: end_recv_SMP_0x03
[2022-03-14 03:21:18.770656] Slave 53 OP: send_SMP_0x03
[2022-03-14 03:21:18.783625] Slave 54 OP: end_send_SMP_0x03
[2022-03-14 03:21:18.791766] Master 49 OP: recv_SMP_0x04
[2022-03-14 03:21:18.890779] Master 50 OP: end_recv_SMP_0x04
[2022-03-14 03:21:18.893247] Master 51 OP: send_SMP_0x03
[2022-03-14 03:21:18.898789] Master 52 OP: end_send_SMP_0x03
[2022-03-14 03:21:18.919698] Slave 55 OP: recv_SMP_0x04
[2022-03-14 03:21:18.940649] Slave 56 OP: end_recv_SMP_0x04
[2022-03-14 03:21:18.942612] Slave 57 OP: send_SMP_0x04
[2022-03-14 03:21:18.944665] Slave 58 OP: end_send_SMP_0x04
[2022-03-14 03:21:18.955993] Master 53 OP: recv_SMP_0x03
[2022-03-14 03:21:19.037153] Master 54 OP: end_recv_SMP_0x03
[2022-03-14 03:21:19.039205] Master 55 OP: send_SMP_0x04
[2022-03-14 03:21:19.040807] Master 56 OP: end_send_SMP_0x04
[2022-03-14 03:21:19.113668] Slave 59 OP: recv_SMP_0x03
[2022-03-14 03:21:19.118699] Slave 60 OP: end_recv_SMP_0x03
[2022-03-14 03:21:19.121697] Slave 61 OP: send_SMP_0x03
[2022-03-14 03:21:19.133621] Slave 62 OP: end_send_SMP_0x03
[2022-03-14 03:21:19.142239] Master 57 OP: recv_SMP_0x04
[2022-03-14 03:21:19.240834] Master 58 OP: end_recv_SMP_0x04
[2022-03-14 03:21:19.242765] Master 59 OP: send_SMP_0x03
[2022-03-14 03:21:19.249805] Master 60 OP: end_send_SMP_0x03
[2022-03-14 03:21:19.269662] Slave 63 OP: recv_SMP_0x04
[2022-03-14 03:21:19.290597] Slave 64 OP: end_recv_SMP_0x04
[2022-03-14 03:21:19.291881] Slave 65 OP: send_SMP_0x04
[2022-03-14 03:21:19.294584] Slave 66 OP: end_send_SMP_0x04
[2022-03-14 03:21:19.309407] Master 61 OP: recv_SMP_0x03
[2022-03-14 03:21:19.386758] Master 62 OP: end_recv_SMP_0x03
[2022-03-14 03:21:19.388781] Master 63 OP: send_SMP_0x04
[2022-03-14 03:21:19.390778] Master 64 OP: end_send_SMP_0x04
[2022-03-14 03:21:19.459649] Slave 67 OP: recv_SMP_0x03
[2022-03-14 03:21:19.468613] Slave 68 OP: end_recv_SMP_0x03
[2022-03-14 03:21:19.470650] Slave 69 OP: send_SMP_0x03
[2022-03-14 03:21:19.483620] Slave 70 OP: end_send_SMP_0x03
[2022-03-14 03:21:19.491943] Master 65 OP: recv_SMP_0x04
[2022-03-14 03:21:19.590832] Master 66 OP: end_recv_SMP_0x04
[2022-03-14 03:21:19.592804] Master 67 OP: send_SMP_0x03
[2022-03-14 03:21:19.598761] Master 68 OP: end_send_SMP_0x03
[2022-03-14 03:21:19.619636] Slave 71 OP: recv_SMP_0x04
[2022-03-14 03:21:19.639691] Slave 72 OP: end_recv_SMP_0x04
[2022-03-14 03:21:19.641689] Slave 73 OP: send_SMP_0x04
[2022-03-14 03:21:19.644613] Slave 74 OP: end_send_SMP_0x04
[2022-03-14 03:21:19.655756] Master 69 OP: recv_SMP_0x03
[2022-03-14 03:21:19.739093] Master 70 OP: end_recv_SMP_0x03
[2022-03-14 03:21:19.739496] Master 71 OP: send_SMP_0x04
[2022-03-14 03:21:19.741387] Master 72 OP: end_send_SMP_0x04
[2022-03-14 03:21:19.809618] Slave 75 OP: recv_SMP_0x03
[2022-03-14 03:21:19.818647] Slave 76 OP: end_recv_SMP_0x03
[2022-03-14 03:21:19.820634] Slave 77 OP: send_SMP_0x03
[2022-03-14 03:21:19.833291] Slave 78 OP: end_send_SMP_0x03
[2022-03-14 03:21:19.841772] Master 73 OP: recv_SMP_0x04
[2022-03-14 03:21:19.941398] Master 74 OP: end_recv_SMP_0x04
[2022-03-14 03:21:19.942982] Master 75 OP: send_SMP_0x03
[2022-03-14 03:21:19.947893] Master 76 OP: end_send_SMP_0x03
[2022-03-14 03:21:19.970347] Slave 79 OP: recv_SMP_0x04
[2022-03-14 03:21:19.989997] Slave 80 OP: end_recv_SMP_0x04
[2022-03-14 03:21:19.991693] Slave 81 OP: send_SMP_0x04
[2022-03-14 03:21:19.994040] Slave 82 OP: end_send_SMP_0x04
[2022-03-14 03:21:20.004876] Master 77 OP: recv_SMP_0x03
[2022-03-14 03:21:20.086867] Master 78 OP: end_recv_SMP_0x03
[2022-03-14 03:21:20.088803] Master 79 OP: send_SMP_0x04
[2022-03-14 03:21:20.090814] Master 80 OP: end_send_SMP_0x04
[2022-03-14 03:21:20.159640] Slave 83 OP: recv_SMP_0x03
[2022-03-14 03:21:20.168694] Slave 84 OP: end_recv_SMP_0x03
[2022-03-14 03:21:20.170660] Slave 85 OP: send_SMP_0x03
[2022-03-14 03:21:20.184595] Slave 86 OP: end_send_SMP_0x03
[2022-03-14 03:21:20.192568] Master 81 OP: recv_SMP_0x04
[2022-03-14 03:21:20.290851] Master 82 OP: end_recv_SMP_0x04
[2022-03-14 03:21:20.292785] Master 83 OP: send_SMP_0x03
[2022-03-14 03:21:20.298810] Master 84 OP: end_send_SMP_0x03
[2022-03-14 03:21:20.319659] Slave 87 OP: recv_SMP_0x04
[2022-03-14 03:21:20.339690] Slave 88 OP: end_recv_SMP_0x04
[2022-03-14 03:21:20.341702] Slave 89 OP: send_SMP_0x04
[2022-03-14 03:21:20.343718] Slave 90 OP: end_send_SMP_0x04
[2022-03-14 03:21:20.355830] Master 85 OP: recv_SMP_0x03
[2022-03-14 03:21:20.439079] Master 86 OP: end_recv_SMP_0x03
[2022-03-14 03:21:20.439880] Master 87 OP: send_SMP_0x04
[2022-03-14 03:21:20.441315] Master 88 OP: end_send_SMP_0x04
[2022-03-14 03:21:20.509703] Slave 91 OP: recv_SMP_0x03
[2022-03-14 03:21:20.518629] Slave 92 OP: end_recv_SMP_0x03
[2022-03-14 03:21:20.521769] Slave 93 OP: send_SMP_0x03
[2022-03-14 03:21:20.533939] Slave 94 OP: end_send_SMP_0x03
[2022-03-14 03:21:20.540846] Master 89 OP: recv_SMP_0x04
[2022-03-14 03:21:20.640857] Master 90 OP: end_recv_SMP_0x04
[2022-03-14 03:21:20.642794] Master 91 OP: send_SMP_0x03
[2022-03-14 03:21:20.648827] Master 92 OP: end_send_SMP_0x03
[2022-03-14 03:21:20.670632] Slave 95 OP: recv_SMP_0x04
[2022-03-14 03:21:20.689678] Slave 96 OP: end_recv_SMP_0x04
[2022-03-14 03:21:20.692004] Slave 97 OP: send_SMP_0x04
[2022-03-14 03:21:20.694236] Slave 98 OP: end_send_SMP_0x04
[2022-03-14 03:21:20.706342] Master 93 OP: recv_SMP_0x03
[2022-03-14 03:21:20.786939] Master 94 OP: end_recv_SMP_0x03
[2022-03-14 03:21:20.788989] Master 95 OP: send_SMP_0x04
[2022-03-14 03:21:20.790875] Master 96 OP: end_send_SMP_0x04
[2022-03-14 03:21:20.911660] Slave 99 OP: recv_SMP_0x0D
[2022-03-14 03:21:20.955845] Master 97 OP: recv_SMP_0x04
[2022-03-14 03:21:20.988605] Slave 100 OP: end_recv_SMP_0x0D
[2022-03-14 03:21:20.992684] Slave 101 OP: send_SMP_0x0D
[2022-03-14 03:21:20.994753] Slave 102 OP: end_send_SMP_0x0D
[2022-03-14 03:21:21.005087] Master 98 OP: end_recv_SMP_0x04
[2022-03-14 03:21:21.008870] Master 99 OP: send_SMP_0x0D
[2022-03-14 03:21:21.017913] Master 100 OP: end_send_SMP_0x0D
[2022-03-14 03:21:21.584926] Master 101 OP: recv_SMP_0x0D
[2022-03-14 03:21:21.671860] Master 102 OP: end_recv_SMP_0x0D
[2022-03-14 03:21:21.843717] Slave 103 OP: send_SMP_0x0F
[2022-03-14 03:21:21.845753] Slave 104 OP: end_send_SMP_0x0F
[2022-03-14 03:21:21.848708] Slave 105 OP: send_SMP_0x08
[2022-03-14 03:21:21.850762] Slave 106 OP: end_send_SMP_0x08
[2022-03-14 03:21:21.852716] Slave 107 OP: send_SMP_0x09
[2022-03-14 03:21:21.855686] Slave 108 OP: end_send_SMP_0x09
[2022-03-14 03:21:21.857736] Slave 109 OP: send_SMP_0x0A
[2022-03-14 03:21:21.944122] Slave 110 OP: end_send_SMP_0x0A
[2022-03-14 03:21:22.035658] Master 103 OP: recv_SMP_0x0F
[2022-03-14 03:21:22.039682] Master 104 OP: end_recv_SMP_0x0F
[2022-03-14 03:21:22.065712] Master 105 OP: recv_SMP_0x08
[2022-03-14 03:21:22.071748] Master 106 OP: end_recv_SMP_0x08
[2022-03-14 03:21:22.093806] Master 107 OP: recv_SMP_0x09
[2022-03-14 03:21:22.384916] Slave 111 OP: recv_SMP_0x0F
[2022-03-14 03:21:22.387711] Slave 112 OP: end_recv_SMP_0x0F
[2022-03-14 03:21:22.414735] Slave 113 OP: recv_SMP_0x08
[2022-03-14 03:21:22.420732] Slave 114 OP: end_recv_SMP_0x08
[2022-03-14 03:21:22.458958] Slave 115 OP: recv_SMP_0x09
[2022-03-14 03:21:22.480284] Master 108 OP: end_recv_SMP_0x09
[2022-03-14 03:21:22.515475] Master 109 OP: recv_SMP_0x0A
[2022-03-14 03:21:22.522667] Master 110 OP: end_recv_SMP_0x0A
[2022-03-14 03:21:22.536043] Master 111 OP: send_SMP_0x0F
[2022-03-14 03:21:22.540226] Master 112 OP: end_send_SMP_0x0F
[2022-03-14 03:21:22.544913] Master 113 OP: send_SMP_0x08
[2022-03-14 03:21:22.549421] Master 114 OP: end_send_SMP_0x08
[2022-03-14 03:21:22.554691] Master 115 OP: send_SMP_0x09
[2022-03-14 03:21:22.558840] Master 116 OP: end_send_SMP_0x09
[2022-03-14 03:21:22.563523] Master 117 OP: send_SMP_0x0A
[2022-03-14 03:21:22.604315] Master 118 OP: end_send_SMP_0x0A
[2022-03-14 03:21:22.613736] Slave 116 OP: end_recv_SMP_0x09
[2022-03-14 03:21:22.636704] Slave 117 OP: recv_SMP_0x0A
[2022-03-14 03:21:22.643124] Slave 118 OP: end_recv_SMP_0x0A
