[2022-03-14 03:45:26.884042] Slave 1 OP: send_SMP_0x0B
[2022-03-14 03:45:27.181337] Master 1 OP: recv_SMP_0x0B
[2022-03-14 03:45:27.184380] Master 2 OP: end_recv_SMP_0x0B
[2022-03-14 03:45:27.188754] Master 3 OP: send_SMP_0x01
[2022-03-14 03:45:27.209718] Slave 2 OP: recv_SMP_0x01
[2022-03-14 03:45:27.221073] Slave 3 OP: end_recv_SMP_0x01
[2022-03-14 03:45:27.222963] Slave 4 OP: send_SMP_0x02
[2022-03-14 03:45:27.225924] Slave 5 OP: end_send_SMP_0x02
[2022-03-14 03:45:27.381145] Master 4 OP: recv_SMP_0x02
[2022-03-14 03:45:27.397208] Master 5 OP: end_recv_SMP_0x02
[2022-03-14 03:45:27.397507] Master 6 OP: send_SMP_0x0C
[2022-03-14 03:45:27.397771] Master 7 OP: end_send_SMP_0x0C
[2022-03-14 03:45:27.465928] Slave 6 OP: recv_SMP_0x0C
[2022-03-14 03:45:27.480966] Slave 7 OP: end_recv_SMP_0x0C
[2022-03-14 03:45:27.482915] Slave 8 OP: send_SMP_0x0C
[2022-03-14 03:45:27.484985] Slave 9 OP: end_send_SMP_0x0C
[2022-03-14 03:45:27.749185] Slave 10 OP: recv_SMP_0x03
[2022-03-14 03:45:27.758119] Slave 11 OP: end_recv_SMP_0x03
[2022-03-14 03:45:27.762608] Slave 12 OP: send_SMP_0x03
[2022-03-14 03:45:27.768041] Slave 13 OP: end_send_SMP_0x03
[2022-03-14 03:45:27.887058] Master 8 OP: recv_SMP_0x0C
[2022-03-14 03:45:27.894097] Master 9 OP: end_recv_SMP_0x0C
[2022-03-14 03:45:27.898370] Master 10 OP: send_SMP_0x03
[2022-03-14 03:45:27.906040] Master 11 OP: end_send_SMP_0x03
[2022-03-14 03:45:27.908959] Slave 14 OP: recv_SMP_0x04
[2022-03-14 03:45:27.923990] Slave 15 OP: end_recv_SMP_0x04
[2022-03-14 03:45:27.925972] Slave 16 OP: send_SMP_0x04
[2022-03-14 03:45:27.928099] Slave 17 OP: end_send_SMP_0x04
[2022-03-14 03:45:28.199116] Slave 18 OP: recv_SMP_0x03
[2022-03-14 03:45:28.199641] Master 12 OP: recv_SMP_0x03
[2022-03-14 03:45:28.209241] Slave 19 OP: end_recv_SMP_0x03
[2022-03-14 03:45:28.209781] Master 13 OP: end_recv_SMP_0x03
[2022-03-14 03:45:28.210186] Slave 20 OP: send_SMP_0x03
[2022-03-14 03:45:28.210731] Master 14 OP: send_SMP_0x04
[2022-03-14 03:45:28.216729] Master 15 OP: end_send_SMP_0x04
[2022-03-14 03:45:28.219993] Slave 21 OP: end_send_SMP_0x03
[2022-03-14 03:45:28.357835] Master 16 OP: recv_SMP_0x04
[2022-03-14 03:45:28.359499] Slave 22 OP: recv_SMP_0x04
[2022-03-14 03:45:28.375952] Slave 23 OP: end_recv_SMP_0x04
[2022-03-14 03:45:28.379590] Master 17 OP: end_recv_SMP_0x04
[2022-03-14 03:45:28.381887] Slave 24 OP: send_SMP_0x04
[2022-03-14 03:45:28.384320] Master 18 OP: send_SMP_0x03
[2022-03-14 03:45:28.386414] Slave 25 OP: end_send_SMP_0x04
[2022-03-14 03:45:28.388250] Master 19 OP: end_send_SMP_0x03
[2022-03-14 03:45:28.549129] Slave 26 OP: recv_SMP_0x03
[2022-03-14 03:45:28.558088] Slave 27 OP: end_recv_SMP_0x03
[2022-03-14 03:45:28.562215] Slave 28 OP: send_SMP_0x03
[2022-03-14 03:45:28.566206] Master 20 OP: recv_SMP_0x03
[2022-03-14 03:45:28.568312] Slave 29 OP: end_send_SMP_0x03
[2022-03-14 03:45:28.571051] Master 21 OP: end_recv_SMP_0x03
[2022-03-14 03:45:28.572246] Master 22 OP: send_SMP_0x04
[2022-03-14 03:45:28.573511] Master 23 OP: end_send_SMP_0x04
[2022-03-14 03:45:28.708969] Slave 30 OP: recv_SMP_0x04
[2022-03-14 03:45:28.723971] Slave 31 OP: end_recv_SMP_0x04
[2022-03-14 03:45:28.724199] Master 24 OP: recv_SMP_0x04
[2022-03-14 03:45:28.725970] Slave 32 OP: send_SMP_0x04
[2022-03-14 03:45:28.728911] Slave 33 OP: end_send_SMP_0x04
[2022-03-14 03:45:28.732033] Master 25 OP: end_recv_SMP_0x04
[2022-03-14 03:45:28.733191] Master 26 OP: send_SMP_0x03
[2022-03-14 03:45:28.737294] Master 27 OP: end_send_SMP_0x03
[2022-03-14 03:45:28.899073] Slave 34 OP: recv_SMP_0x03
[2022-03-14 03:45:28.907945] Slave 35 OP: end_recv_SMP_0x03
[2022-03-14 03:45:28.910004] Slave 36 OP: send_SMP_0x03
[2022-03-14 03:45:28.916543] Master 28 OP: recv_SMP_0x03
[2022-03-14 03:45:28.918142] Slave 37 OP: end_send_SMP_0x03
[2022-03-14 03:45:28.921229] Master 29 OP: end_recv_SMP_0x03
[2022-03-14 03:45:28.922966] Master 30 OP: send_SMP_0x04
[2022-03-14 03:45:28.925382] Master 31 OP: end_send_SMP_0x04
[2022-03-14 03:45:29.059145] Slave 38 OP: recv_SMP_0x04
[2022-03-14 03:45:29.074577] Slave 39 OP: end_recv_SMP_0x04
[2022-03-14 03:45:29.077543] Master 32 OP: recv_SMP_0x04
[2022-03-14 03:45:29.079648] Slave 40 OP: send_SMP_0x04
[2022-03-14 03:45:29.081699] Slave 41 OP: end_send_SMP_0x04
[2022-03-14 03:45:29.084072] Master 33 OP: end_recv_SMP_0x04
[2022-03-14 03:45:29.084598] Master 34 OP: send_SMP_0x03
[2022-03-14 03:45:29.088647] Master 35 OP: end_send_SMP_0x03
[2022-03-14 03:45:29.249179] Slave 42 OP: recv_SMP_0x03
[2022-03-14 03:45:29.258662] Slave 43 OP: end_recv_SMP_0x03
[2022-03-14 03:45:29.260044] Slave 44 OP: send_SMP_0x03
[2022-03-14 03:45:29.266277] Master 36 OP: recv_SMP_0x03
[2022-03-14 03:45:29.268005] Slave 45 OP: end_send_SMP_0x03
[2022-03-14 03:45:29.270840] Master 37 OP: end_recv_SMP_0x03
[2022-03-14 03:45:29.276270] Master 38 OP: send_SMP_0x04
[2022-03-14 03:45:29.276901] Master 39 OP: end_send_SMP_0x04
[2022-03-14 03:45:29.409021] Slave 46 OP: recv_SMP_0x04
[2022-03-14 03:45:29.424026] Slave 47 OP: end_recv_SMP_0x04
[2022-03-14 03:45:29.424262] Master 40 OP: recv_SMP_0x04
[2022-03-14 03:45:29.426047] Slave 48 OP: send_SMP_0x04
[2022-03-14 03:45:29.428900] Slave 49 OP: end_send_SMP_0x04
[2022-03-14 03:45:29.432130] Master 41 OP: end_recv_SMP_0x04
[2022-03-14 03:45:29.433718] Master 42 OP: send_SMP_0x03
[2022-03-14 03:45:29.437493] Master 43 OP: end_send_SMP_0x03
[2022-03-14 03:45:29.599121] Slave 50 OP: recv_SMP_0x03
[2022-03-14 03:45:29.610161] Slave 51 OP: end_recv_SMP_0x03
[2022-03-14 03:45:29.614400] Slave 52 OP: send_SMP_0x03
[2022-03-14 03:45:29.617868] Master 44 OP: recv_SMP_0x03
[2022-03-14 03:45:29.618347] Slave 53 OP: end_send_SMP_0x03
[2022-03-14 03:45:29.625033] Master 45 OP: end_recv_SMP_0x03
[2022-03-14 03:45:29.629356] Master 46 OP: send_SMP_0x04
[2022-03-14 03:45:29.630228] Master 47 OP: end_send_SMP_0x04
[2022-03-14 03:45:29.761215] Slave 54 OP: recv_SMP_0x04
[2022-03-14 03:45:29.774050] Slave 55 OP: end_recv_SMP_0x04
[2022-03-14 03:45:29.774295] Master 48 OP: recv_SMP_0x04
[2022-03-14 03:45:29.776028] Slave 56 OP: send_SMP_0x04
[2022-03-14 03:45:29.778005] Slave 57 OP: end_send_SMP_0x04
[2022-03-14 03:45:29.782152] Master 49 OP: end_recv_SMP_0x04
[2022-03-14 03:45:29.783435] Master 50 OP: send_SMP_0x03
[2022-03-14 03:45:29.794894] Master 51 OP: end_send_SMP_0x03
[2022-03-14 03:45:29.948980] Slave 58 OP: recv_SMP_0x03
[2022-03-14 03:45:29.958008] Slave 59 OP: end_recv_SMP_0x03
[2022-03-14 03:45:29.959999] Slave 60 OP: send_SMP_0x03
[2022-03-14 03:45:29.966104] Master 52 OP: recv_SMP_0x03
[2022-03-14 03:45:29.968031] Slave 61 OP: end_send_SMP_0x03
[2022-03-14 03:45:29.970212] Master 53 OP: end_recv_SMP_0x03
[2022-03-14 03:45:29.972105] Master 54 OP: send_SMP_0x04
[2022-03-14 03:45:29.973413] Master 55 OP: end_send_SMP_0x04
[2022-03-14 03:45:30.108989] Slave 62 OP: recv_SMP_0x04
[2022-03-14 03:45:30.124002] Slave 63 OP: end_recv_SMP_0x04
[2022-03-14 03:45:30.124264] Master 56 OP: recv_SMP_0x04
[2022-03-14 03:45:30.126016] Slave 64 OP: send_SMP_0x04
[2022-03-14 03:45:30.128053] Slave 65 OP: end_send_SMP_0x04
[2022-03-14 03:45:30.132180] Master 57 OP: end_recv_SMP_0x04
[2022-03-14 03:45:30.133146] Master 58 OP: send_SMP_0x03
[2022-03-14 03:45:30.144262] Master 59 OP: end_send_SMP_0x03
[2022-03-14 03:45:30.299091] Slave 66 OP: recv_SMP_0x03
[2022-03-14 03:45:30.308038] Slave 67 OP: end_recv_SMP_0x03
[2022-03-14 03:45:30.310039] Slave 68 OP: send_SMP_0x03
[2022-03-14 03:45:30.317951] Master 60 OP: recv_SMP_0x03
[2022-03-14 03:45:30.318310] Slave 69 OP: end_send_SMP_0x03
[2022-03-14 03:45:30.320971] Master 61 OP: end_recv_SMP_0x03
[2022-03-14 03:45:30.325385] Master 62 OP: send_SMP_0x04
[2022-03-14 03:45:30.327451] Master 63 OP: end_send_SMP_0x04
[2022-03-14 03:45:30.459138] Slave 70 OP: recv_SMP_0x04
[2022-03-14 03:45:30.474185] Slave 71 OP: end_recv_SMP_0x04
[2022-03-14 03:45:30.474676] Master 64 OP: recv_SMP_0x04
[2022-03-14 03:45:30.476323] Slave 72 OP: send_SMP_0x04
[2022-03-14 03:45:30.478420] Slave 73 OP: end_send_SMP_0x04
[2022-03-14 03:45:30.482532] Master 65 OP: end_recv_SMP_0x04
[2022-03-14 03:45:30.484559] Master 66 OP: send_SMP_0x03
[2022-03-14 03:45:30.489420] Master 67 OP: end_send_SMP_0x03
[2022-03-14 03:45:30.649229] Slave 74 OP: recv_SMP_0x03
[2022-03-14 03:45:30.658163] Slave 75 OP: end_recv_SMP_0x03
[2022-03-14 03:45:30.660446] Slave 76 OP: send_SMP_0x03
[2022-03-14 03:45:30.666350] Master 68 OP: recv_SMP_0x03
[2022-03-14 03:45:30.672335] Slave 77 OP: end_send_SMP_0x03
[2022-03-14 03:45:30.674607] Master 69 OP: end_recv_SMP_0x03
[2022-03-14 03:45:30.675263] Master 70 OP: send_SMP_0x04
[2022-03-14 03:45:30.676045] Master 71 OP: end_send_SMP_0x04
[2022-03-14 03:45:30.809014] Slave 78 OP: recv_SMP_0x04
[2022-03-14 03:45:30.829917] Slave 79 OP: end_recv_SMP_0x04
[2022-03-14 03:45:30.831124] Master 72 OP: recv_SMP_0x04
[2022-03-14 03:45:30.831322] Slave 80 OP: send_SMP_0x04
[2022-03-14 03:45:30.832947] Slave 81 OP: end_send_SMP_0x04
[2022-03-14 03:45:30.834978] Master 73 OP: end_recv_SMP_0x04
[2022-03-14 03:45:30.835256] Master 74 OP: send_SMP_0x03
[2022-03-14 03:45:30.838171] Master 75 OP: end_send_SMP_0x03
[2022-03-14 03:45:30.999137] Slave 82 OP: recv_SMP_0x03
[2022-03-14 03:45:31.008254] Slave 83 OP: end_recv_SMP_0x03
[2022-03-14 03:45:31.010177] Slave 84 OP: send_SMP_0x03
[2022-03-14 03:45:31.016870] Master 76 OP: recv_SMP_0x03
[2022-03-14 03:45:31.018235] Slave 85 OP: end_send_SMP_0x03
[2022-03-14 03:45:31.020504] Master 77 OP: end_recv_SMP_0x03
[2022-03-14 03:45:31.022496] Master 78 OP: send_SMP_0x04
[2022-03-14 03:45:31.023979] Master 79 OP: end_send_SMP_0x04
[2022-03-14 03:45:31.159038] Slave 86 OP: recv_SMP_0x04
[2022-03-14 03:45:31.176832] Slave 87 OP: end_recv_SMP_0x04
[2022-03-14 03:45:31.177339] Master 80 OP: recv_SMP_0x04
[2022-03-14 03:45:31.177717] Slave 88 OP: send_SMP_0x04
[2022-03-14 03:45:31.180684] Slave 89 OP: end_send_SMP_0x04
[2022-03-14 03:45:31.182866] Master 81 OP: end_recv_SMP_0x04
[2022-03-14 03:45:31.184710] Master 82 OP: send_SMP_0x03
[2022-03-14 03:45:31.188560] Master 83 OP: end_send_SMP_0x03
[2022-03-14 03:45:31.349174] Slave 90 OP: recv_SMP_0x03
[2022-03-14 03:45:31.359042] Slave 91 OP: end_recv_SMP_0x03
[2022-03-14 03:45:31.363663] Slave 92 OP: send_SMP_0x03
[2022-03-14 03:45:31.367962] Master 84 OP: recv_SMP_0x03
[2022-03-14 03:45:31.369053] Slave 93 OP: end_send_SMP_0x03
[2022-03-14 03:45:31.372209] Master 85 OP: end_recv_SMP_0x03
[2022-03-14 03:45:31.372841] Master 86 OP: send_SMP_0x04
[2022-03-14 03:45:31.374148] Master 87 OP: end_send_SMP_0x04
[2022-03-14 03:45:31.509028] Slave 94 OP: recv_SMP_0x04
[2022-03-14 03:45:31.525429] Slave 95 OP: end_recv_SMP_0x04
[2022-03-14 03:45:31.526223] Master 88 OP: recv_SMP_0x04
[2022-03-14 03:45:31.527447] Slave 96 OP: send_SMP_0x04
[2022-03-14 03:45:31.529240] Slave 97 OP: end_send_SMP_0x04
[2022-03-14 03:45:31.532194] Master 89 OP: end_recv_SMP_0x04
[2022-03-14 03:45:31.533256] Master 90 OP: send_SMP_0x03
[2022-03-14 03:45:31.538120] Master 91 OP: end_send_SMP_0x03
[2022-03-14 03:45:31.699146] Slave 98 OP: recv_SMP_0x03
[2022-03-14 03:45:31.710552] Slave 99 OP: end_recv_SMP_0x03
[2022-03-14 03:45:31.711646] Slave 100 OP: send_SMP_0x03
[2022-03-14 03:45:31.716597] Master 92 OP: recv_SMP_0x03
[2022-03-14 03:45:31.718195] Slave 101 OP: end_send_SMP_0x03
[2022-03-14 03:45:31.720530] Master 93 OP: end_recv_SMP_0x03
[2022-03-14 03:45:31.722708] Master 94 OP: send_SMP_0x04
[2022-03-14 03:45:31.724857] Master 95 OP: end_send_SMP_0x04
[2022-03-14 03:45:31.859136] Slave 102 OP: recv_SMP_0x04
[2022-03-14 03:45:31.874043] Slave 103 OP: end_recv_SMP_0x04
[2022-03-14 03:45:31.877513] Master 96 OP: recv_SMP_0x04
[2022-03-14 03:45:31.879224] Slave 104 OP: send_SMP_0x04
[2022-03-14 03:45:31.880159] Slave 105 OP: end_send_SMP_0x04
[2022-03-14 03:45:31.882275] Master 97 OP: end_recv_SMP_0x04
[2022-03-14 03:45:31.884172] Master 98 OP: send_SMP_0x03
[2022-03-14 03:45:31.888246] Master 99 OP: end_send_SMP_0x03
[2022-03-14 03:45:31.939217] Master 100 OP: recv_SMP_0x03
[2022-03-14 03:45:31.981124] Master 101 OP: end_recv_SMP_0x03
[2022-03-14 03:45:31.983097] Master 102 OP: send_SMP_0x04
[2022-03-14 03:45:31.984211] Master 103 OP: end_send_SMP_0x04
[2022-03-14 03:45:32.100122] Slave 106 OP: recv_SMP_0x03
[2022-03-14 03:45:32.109032] Slave 107 OP: end_recv_SMP_0x03
[2022-03-14 03:45:32.110960] Slave 108 OP: send_SMP_0x03
[2022-03-14 03:45:32.118107] Slave 109 OP: end_send_SMP_0x03
[2022-03-14 03:45:32.312274] Slave 110 OP: recv_SMP_0x04
[2022-03-14 03:45:32.327628] Slave 111 OP: end_recv_SMP_0x04
[2022-03-14 03:45:32.329173] Slave 112 OP: send_SMP_0x04
[2022-03-14 03:45:32.330664] Slave 113 OP: end_send_SMP_0x04
[2022-03-14 03:45:32.335399] Master 104 OP: recv_SMP_0x04
[2022-03-14 03:45:32.344587] Master 105 OP: end_recv_SMP_0x04
[2022-03-14 03:45:32.375404] Master 106 OP: send_SMP_0x03
[2022-03-14 03:45:32.378515] Master 107 OP: end_send_SMP_0x03
[2022-03-14 03:45:32.548991] Slave 114 OP: recv_SMP_0x03
[2022-03-14 03:45:32.563957] Slave 115 OP: end_recv_SMP_0x03
[2022-03-14 03:45:32.564389] Slave 116 OP: send_SMP_0x03
[2022-03-14 03:45:32.564676] Master 108 OP: recv_SMP_0x03
[2022-03-14 03:45:32.568133] Slave 117 OP: end_send_SMP_0x03
[2022-03-14 03:45:32.569120] Master 109 OP: end_recv_SMP_0x03
[2022-03-14 03:45:32.570240] Master 110 OP: send_SMP_0x04
[2022-03-14 03:45:32.572133] Master 111 OP: end_send_SMP_0x04
[2022-03-14 03:45:32.709330] Slave 118 OP: recv_SMP_0x04
[2022-03-14 03:45:32.724406] Slave 119 OP: end_recv_SMP_0x04
[2022-03-14 03:45:32.732473] Slave 120 OP: send_SMP_0x04
[2022-03-14 03:45:32.733341] Slave 121 OP: end_send_SMP_0x04
[2022-03-14 03:45:32.741380] Master 112 OP: recv_SMP_0x04
[2022-03-14 03:45:32.831663] Master 113 OP: end_recv_SMP_0x04
[2022-03-14 03:45:32.832367] Master 114 OP: send_SMP_0x03
[2022-03-14 03:45:32.835441] Master 115 OP: end_send_SMP_0x03
[2022-03-14 03:45:32.899057] Slave 122 OP: recv_SMP_0x03
[2022-03-14 03:45:32.908325] Slave 123 OP: end_recv_SMP_0x03
[2022-03-14 03:45:32.910152] Slave 124 OP: send_SMP_0x03
[2022-03-14 03:45:32.918028] Slave 125 OP: end_send_SMP_0x03
[2022-03-14 03:45:32.931353] Master 116 OP: recv_SMP_0x03
[2022-03-14 03:45:33.029138] Master 117 OP: end_recv_SMP_0x03
[2022-03-14 03:45:33.031142] Master 118 OP: send_SMP_0x04
[2022-03-14 03:45:33.033117] Master 119 OP: end_send_SMP_0x04
[2022-03-14 03:45:33.059062] Slave 126 OP: recv_SMP_0x04
[2022-03-14 03:45:33.074042] Slave 127 OP: end_recv_SMP_0x04
[2022-03-14 03:45:33.076062] Slave 128 OP: send_SMP_0x04
[2022-03-14 03:45:33.079062] Slave 129 OP: end_send_SMP_0x04
[2022-03-14 03:45:33.089128] Master 120 OP: recv_SMP_0x04
[2022-03-14 03:45:33.179195] Master 121 OP: end_recv_SMP_0x04
[2022-03-14 03:45:33.181170] Master 122 OP: send_SMP_0x03
[2022-03-14 03:45:33.184128] Master 123 OP: end_send_SMP_0x03
[2022-03-14 03:45:33.249055] Slave 130 OP: recv_SMP_0x03
[2022-03-14 03:45:33.258067] Slave 131 OP: end_recv_SMP_0x03
[2022-03-14 03:45:33.260145] Slave 132 OP: send_SMP_0x03
[2022-03-14 03:45:33.268010] Slave 133 OP: end_send_SMP_0x03
[2022-03-14 03:45:33.281210] Master 124 OP: recv_SMP_0x03
[2022-03-14 03:45:33.379203] Master 125 OP: end_recv_SMP_0x03
[2022-03-14 03:45:33.381139] Master 126 OP: send_SMP_0x04
[2022-03-14 03:45:33.383154] Master 127 OP: end_send_SMP_0x04
[2022-03-14 03:45:33.409093] Slave 134 OP: recv_SMP_0x04
[2022-03-14 03:45:33.424103] Slave 135 OP: end_recv_SMP_0x04
[2022-03-14 03:45:33.426112] Slave 136 OP: send_SMP_0x04
[2022-03-14 03:45:33.428225] Slave 137 OP: end_send_SMP_0x04
[2022-03-14 03:45:33.438477] Master 128 OP: recv_SMP_0x04
[2022-03-14 03:45:33.529397] Master 129 OP: end_recv_SMP_0x04
[2022-03-14 03:45:33.531169] Master 130 OP: send_SMP_0x03
[2022-03-14 03:45:33.534219] Master 131 OP: end_send_SMP_0x03
[2022-03-14 03:45:33.599165] Slave 138 OP: recv_SMP_0x03
[2022-03-14 03:45:33.608167] Slave 139 OP: end_recv_SMP_0x03
[2022-03-14 03:45:33.612624] Slave 140 OP: send_SMP_0x03
[2022-03-14 03:45:33.619983] Slave 141 OP: end_send_SMP_0x03
[2022-03-14 03:45:33.632061] Master 132 OP: recv_SMP_0x03
[2022-03-14 03:45:33.779138] Master 133 OP: end_recv_SMP_0x03
[2022-03-14 03:45:33.781139] Master 134 OP: send_SMP_0x04
[2022-03-14 03:45:33.783147] Master 135 OP: end_send_SMP_0x04
[2022-03-14 03:45:33.809327] Slave 142 OP: recv_SMP_0x04
[2022-03-14 03:45:33.824170] Slave 143 OP: end_recv_SMP_0x04
[2022-03-14 03:45:33.827064] Slave 144 OP: send_SMP_0x04
[2022-03-14 03:45:33.829386] Slave 145 OP: end_send_SMP_0x04
[2022-03-14 03:45:33.840307] Master 136 OP: recv_SMP_0x04
[2022-03-14 03:45:33.929253] Master 137 OP: end_recv_SMP_0x04
[2022-03-14 03:45:33.931188] Master 138 OP: send_SMP_0x03
[2022-03-14 03:45:33.934280] Master 139 OP: end_send_SMP_0x03
[2022-03-14 03:45:33.999082] Slave 146 OP: recv_SMP_0x03
[2022-03-14 03:45:34.009480] Slave 147 OP: end_recv_SMP_0x03
[2022-03-14 03:45:34.011399] Slave 148 OP: send_SMP_0x03
[2022-03-14 03:45:34.023158] Slave 149 OP: end_send_SMP_0x03
[2022-03-14 03:45:34.031216] Master 140 OP: recv_SMP_0x03
[2022-03-14 03:45:34.129259] Master 141 OP: end_recv_SMP_0x03
[2022-03-14 03:45:34.131096] Master 142 OP: send_SMP_0x04
[2022-03-14 03:45:34.133212] Master 143 OP: end_send_SMP_0x04
[2022-03-14 03:45:34.161237] Slave 150 OP: recv_SMP_0x04
[2022-03-14 03:45:34.174072] Slave 151 OP: end_recv_SMP_0x04
[2022-03-14 03:45:34.176860] Slave 152 OP: send_SMP_0x04
[2022-03-14 03:45:34.179078] Slave 153 OP: end_send_SMP_0x04
[2022-03-14 03:45:34.189159] Master 144 OP: recv_SMP_0x04
[2022-03-14 03:45:34.329448] Master 145 OP: end_recv_SMP_0x04
[2022-03-14 03:45:34.331585] Master 146 OP: send_SMP_0x03
[2022-03-14 03:45:34.334661] Master 147 OP: end_send_SMP_0x03
[2022-03-14 03:45:34.357223] Slave 154 OP: recv_SMP_0x03
[2022-03-14 03:45:34.368932] Slave 155 OP: end_recv_SMP_0x03
[2022-03-14 03:45:34.371495] Slave 156 OP: send_SMP_0x03
[2022-03-14 03:45:34.378646] Slave 157 OP: end_send_SMP_0x03
[2022-03-14 03:45:34.390225] Master 148 OP: recv_SMP_0x03
[2022-03-14 03:45:34.479254] Master 149 OP: end_recv_SMP_0x03
[2022-03-14 03:45:34.481320] Master 150 OP: send_SMP_0x04
[2022-03-14 03:45:34.483307] Master 151 OP: end_send_SMP_0x04
[2022-03-14 03:45:34.512729] Slave 158 OP: recv_SMP_0x04
[2022-03-14 03:45:34.524128] Slave 159 OP: end_recv_SMP_0x04
[2022-03-14 03:45:34.530650] Slave 160 OP: send_SMP_0x04
[2022-03-14 03:45:34.532399] Slave 161 OP: end_send_SMP_0x04
[2022-03-14 03:45:34.539972] Master 152 OP: recv_SMP_0x04
[2022-03-14 03:45:34.629207] Master 153 OP: end_recv_SMP_0x04
[2022-03-14 03:45:34.631249] Master 154 OP: send_SMP_0x03
[2022-03-14 03:45:34.634179] Master 155 OP: end_send_SMP_0x03
[2022-03-14 03:45:34.699109] Slave 162 OP: recv_SMP_0x03
[2022-03-14 03:45:34.708191] Slave 163 OP: end_recv_SMP_0x03
[2022-03-14 03:45:34.710147] Slave 164 OP: send_SMP_0x03
[2022-03-14 03:45:34.718153] Slave 165 OP: end_send_SMP_0x03
[2022-03-14 03:45:34.731117] Master 156 OP: recv_SMP_0x03
[2022-03-14 03:45:34.829514] Master 157 OP: end_recv_SMP_0x03
[2022-03-14 03:45:34.831438] Master 158 OP: send_SMP_0x04
[2022-03-14 03:45:34.833410] Master 159 OP: end_send_SMP_0x04
[2022-03-14 03:45:34.859220] Slave 166 OP: recv_SMP_0x04
[2022-03-14 03:45:34.874678] Slave 167 OP: end_recv_SMP_0x04
[2022-03-14 03:45:34.876451] Slave 168 OP: send_SMP_0x04
[2022-03-14 03:45:34.879017] Slave 169 OP: end_send_SMP_0x04
[2022-03-14 03:45:34.889367] Master 160 OP: recv_SMP_0x04
[2022-03-14 03:45:34.979275] Master 161 OP: end_recv_SMP_0x04
[2022-03-14 03:45:34.981157] Master 162 OP: send_SMP_0x03
[2022-03-14 03:45:34.984161] Master 163 OP: end_send_SMP_0x03
[2022-03-14 03:45:35.101277] Slave 170 OP: recv_SMP_0x0D
[2022-03-14 03:45:35.152143] Master 164 OP: recv_SMP_0x03
[2022-03-14 03:45:35.158555] Master 165 OP: end_recv_SMP_0x03
[2022-03-14 03:45:35.161779] Master 166 OP: send_SMP_0x04
[2022-03-14 03:45:35.167440] Master 167 OP: end_send_SMP_0x04
[2022-03-14 03:45:35.177838] Slave 171 OP: end_recv_SMP_0x0D
[2022-03-14 03:45:35.181177] Slave 172 OP: send_SMP_0x0D
[2022-03-14 03:45:35.183207] Slave 173 OP: end_send_SMP_0x0D
[2022-03-14 03:45:35.376562] Master 168 OP: recv_SMP_0x04
[2022-03-14 03:45:35.427391] Master 169 OP: end_recv_SMP_0x04
[2022-03-14 03:45:35.431383] Master 170 OP: send_SMP_0x0D
[2022-03-14 03:45:35.432129] Master 171 OP: end_send_SMP_0x0D
[2022-03-14 03:45:35.626837] Master 172 OP: recv_SMP_0x0D
[2022-03-14 03:45:35.638423] Slave 174 OP: send_SMP_0x0F
[2022-03-14 03:45:35.639159] Slave 175 OP: end_send_SMP_0x0F
[2022-03-14 03:45:35.641810] Slave 176 OP: send_SMP_0x08
[2022-03-14 03:45:35.644623] Slave 177 OP: end_send_SMP_0x08
[2022-03-14 03:45:35.646268] Slave 178 OP: send_SMP_0x09
[2022-03-14 03:45:35.648567] Slave 179 OP: end_send_SMP_0x09
[2022-03-14 03:45:35.652669] Slave 180 OP: send_SMP_0x0A
[2022-03-14 03:45:35.669898] Master 173 OP: end_recv_SMP_0x0D
[2022-03-14 03:45:35.688351] Slave 181 OP: end_send_SMP_0x0A
[2022-03-14 03:45:35.851913] Master 174 OP: recv_SMP_0x0F
[2022-03-14 03:45:35.854454] Master 175 OP: end_recv_SMP_0x0F
[2022-03-14 03:45:35.887537] Master 176 OP: recv_SMP_0x08
[2022-03-14 03:45:35.890665] Master 177 OP: end_recv_SMP_0x08
[2022-03-14 03:45:36.142483] Master 178 OP: recv_SMP_0x09
[2022-03-14 03:45:36.184726] Slave 182 OP: recv_SMP_0x0F
[2022-03-14 03:45:36.188112] Slave 183 OP: end_recv_SMP_0x0F
[2022-03-14 03:45:36.205190] Slave 184 OP: recv_SMP_0x08
[2022-03-14 03:45:36.211127] Slave 185 OP: end_recv_SMP_0x08
[2022-03-14 03:45:36.234068] Slave 186 OP: recv_SMP_0x09
[2022-03-14 03:45:36.298197] Master 179 OP: end_recv_SMP_0x09
[2022-03-14 03:45:36.322240] Master 180 OP: recv_SMP_0x0A
[2022-03-14 03:45:36.331249] Master 181 OP: end_recv_SMP_0x0A
[2022-03-14 03:45:36.351530] Master 182 OP: send_SMP_0x0F
[2022-03-14 03:45:36.353411] Master 183 OP: end_send_SMP_0x0F
[2022-03-14 03:45:36.355330] Master 184 OP: send_SMP_0x08
[2022-03-14 03:45:36.357868] Master 185 OP: end_send_SMP_0x08
[2022-03-14 03:45:36.363838] Master 186 OP: send_SMP_0x09
[2022-03-14 03:45:36.365598] Master 187 OP: end_send_SMP_0x09
[2022-03-14 03:45:36.367692] Master 188 OP: send_SMP_0x0A
[2022-03-14 03:45:36.402051] Slave 187 OP: end_recv_SMP_0x09
[2022-03-14 03:45:36.424308] Slave 188 OP: recv_SMP_0x0A
[2022-03-14 03:45:36.430090] Slave 189 OP: end_recv_SMP_0x0A
[2022-03-14 03:45:36.435416] Master 189 OP: end_send_SMP_0x0A
