[2022-03-13 07:26:21.315248] Slave 1 OP: send_SMP_0x0B
[2022-03-13 07:26:21.327763] Slave 2 OP: end_send_SMP_0x0B
[2022-03-13 07:26:21.624512] Master 1 OP: recv_SMP_0x0B
[2022-03-13 07:26:21.625097] Master 2 OP: end_recv_SMP_0x0B
[2022-03-13 07:26:21.625819] Master 3 OP: send_SMP_0x01
[2022-03-13 07:26:21.633885] Master 4 OP: end_send_SMP_0x01
[2022-03-13 07:26:21.639575] Slave 3 OP: recv_SMP_0x01
[2022-03-13 07:26:21.657667] Slave 4 OP: end_recv_SMP_0x01
[2022-03-13 07:26:21.659223] Slave 5 OP: send_SMP_0x02
[2022-03-13 07:26:21.660469] Slave 6 OP: end_send_SMP_0x02
[2022-03-13 07:26:21.811191] Master 5 OP: recv_SMP_0x02
[2022-03-13 07:26:21.824244] Master 6 OP: end_recv_SMP_0x02
[2022-03-13 07:26:21.825198] Master 7 OP: send_SMP_0x0C
[2022-03-13 07:26:21.826264] Master 8 OP: end_send_SMP_0x0C
[2022-03-13 07:26:21.895059] Slave 7 OP: recv_SMP_0x0C
[2022-03-13 07:26:21.911121] Slave 8 OP: end_recv_SMP_0x0C
[2022-03-13 07:26:21.913122] Slave 9 OP: send_SMP_0x0C
[2022-03-13 07:26:21.916497] Slave 10 OP: end_send_SMP_0x0C
[2022-03-13 07:26:22.229039] Slave 11 OP: recv_SMP_0x03
[2022-03-13 07:26:22.238509] Slave 12 OP: end_recv_SMP_0x03
[2022-03-13 07:26:22.240164] Slave 13 OP: send_SMP_0x03
[2022-03-13 07:26:22.254056] Slave 14 OP: end_send_SMP_0x03
[2022-03-13 07:26:22.359158] Master 9 OP: recv_SMP_0x0C
[2022-03-13 07:26:22.365270] Master 10 OP: end_recv_SMP_0x0C
[2022-03-13 07:26:22.373149] Master 11 OP: send_SMP_0x03
[2022-03-13 07:26:22.376193] Master 12 OP: end_send_SMP_0x03
[2022-03-13 07:26:22.391964] Slave 15 OP: recv_SMP_0x04
[2022-03-13 07:26:22.410736] Slave 16 OP: end_recv_SMP_0x04
[2022-03-13 07:26:22.412428] Slave 17 OP: send_SMP_0x04
[2022-03-13 07:26:22.415361] Slave 18 OP: end_send_SMP_0x04
[2022-03-13 07:26:22.574306] Master 13 OP: recv_SMP_0x03
[2022-03-13 07:26:22.579081] Slave 19 OP: recv_SMP_0x03
[2022-03-13 07:26:22.581247] Master 14 OP: end_recv_SMP_0x03
[2022-03-13 07:26:22.589581] Master 15 OP: send_SMP_0x04
[2022-03-13 07:26:22.589863] Slave 20 OP: end_recv_SMP_0x03
[2022-03-13 07:26:22.592338] Master 16 OP: end_send_SMP_0x04
[2022-03-13 07:26:22.592622] Slave 21 OP: send_SMP_0x03
[2022-03-13 07:26:22.603214] Slave 22 OP: end_send_SMP_0x03
[2022-03-13 07:26:22.727522] Master 17 OP: recv_SMP_0x04
[2022-03-13 07:26:22.740128] Slave 23 OP: recv_SMP_0x04
[2022-03-13 07:26:22.745292] Master 18 OP: end_recv_SMP_0x04
[2022-03-13 07:26:22.752971] Master 19 OP: send_SMP_0x03
[2022-03-13 07:26:22.760254] Slave 24 OP: end_recv_SMP_0x04
[2022-03-13 07:26:22.762408] Slave 25 OP: send_SMP_0x04
[2022-03-13 07:26:22.763852] Master 20 OP: end_send_SMP_0x03
[2022-03-13 07:26:22.766275] Slave 26 OP: end_send_SMP_0x04
[2022-03-13 07:26:22.929099] Slave 27 OP: recv_SMP_0x03
[2022-03-13 07:26:22.938697] Slave 28 OP: end_recv_SMP_0x03
[2022-03-13 07:26:22.938951] Master 21 OP: recv_SMP_0x03
[2022-03-13 07:26:22.941455] Slave 29 OP: send_SMP_0x03
[2022-03-13 07:26:22.945246] Master 22 OP: end_recv_SMP_0x03
[2022-03-13 07:26:22.951833] Master 23 OP: send_SMP_0x04
[2022-03-13 07:26:22.953115] Slave 30 OP: end_send_SMP_0x03
[2022-03-13 07:26:22.953391] Master 24 OP: end_send_SMP_0x04
[2022-03-13 07:26:23.089112] Slave 31 OP: recv_SMP_0x04
[2022-03-13 07:26:23.089854] Master 25 OP: recv_SMP_0x04
[2022-03-13 07:26:23.110118] Slave 32 OP: end_recv_SMP_0x04
[2022-03-13 07:26:23.112149] Slave 33 OP: send_SMP_0x04
[2022-03-13 07:26:23.112419] Master 26 OP: end_recv_SMP_0x04
[2022-03-13 07:26:23.118293] Slave 34 OP: end_send_SMP_0x04
[2022-03-13 07:26:23.118576] Master 27 OP: send_SMP_0x03
[2022-03-13 07:26:23.119954] Master 28 OP: end_send_SMP_0x03
[2022-03-13 07:26:23.329066] Slave 35 OP: recv_SMP_0x03
[2022-03-13 07:26:23.338191] Slave 36 OP: end_recv_SMP_0x03
[2022-03-13 07:26:23.338488] Master 29 OP: recv_SMP_0x03
[2022-03-13 07:26:23.340232] Slave 37 OP: send_SMP_0x03
[2022-03-13 07:26:23.345308] Master 30 OP: end_recv_SMP_0x03
[2022-03-13 07:26:23.351276] Master 31 OP: send_SMP_0x04
[2022-03-13 07:26:23.353222] Slave 38 OP: end_send_SMP_0x03
[2022-03-13 07:26:23.353513] Master 32 OP: end_send_SMP_0x04
[2022-03-13 07:26:23.489118] Slave 39 OP: recv_SMP_0x04
[2022-03-13 07:26:23.489389] Master 33 OP: recv_SMP_0x04
[2022-03-13 07:26:23.512237] Slave 40 OP: end_recv_SMP_0x04
[2022-03-13 07:26:23.512578] Slave 41 OP: send_SMP_0x04
[2022-03-13 07:26:23.512788] Master 34 OP: end_recv_SMP_0x04
[2022-03-13 07:26:23.514474] Slave 42 OP: end_send_SMP_0x04
[2022-03-13 07:26:23.514701] Master 35 OP: send_SMP_0x03
[2022-03-13 07:26:23.519271] Master 36 OP: end_send_SMP_0x03
[2022-03-13 07:26:23.679116] Slave 43 OP: recv_SMP_0x03
[2022-03-13 07:26:23.688182] Slave 44 OP: end_recv_SMP_0x03
[2022-03-13 07:26:23.689082] Master 37 OP: recv_SMP_0x03
[2022-03-13 07:26:23.690134] Slave 45 OP: send_SMP_0x03
[2022-03-13 07:26:23.695287] Master 38 OP: end_recv_SMP_0x03
[2022-03-13 07:26:23.701268] Master 39 OP: send_SMP_0x04
[2022-03-13 07:26:23.703142] Slave 46 OP: end_send_SMP_0x03
[2022-03-13 07:26:23.704013] Master 40 OP: end_send_SMP_0x04
[2022-03-13 07:26:23.839114] Slave 47 OP: recv_SMP_0x04
[2022-03-13 07:26:23.839363] Master 41 OP: recv_SMP_0x04
[2022-03-13 07:26:23.860135] Slave 48 OP: end_recv_SMP_0x04
[2022-03-13 07:26:23.862141] Slave 49 OP: send_SMP_0x04
[2022-03-13 07:26:23.862538] Master 42 OP: end_recv_SMP_0x04
[2022-03-13 07:26:23.864160] Slave 50 OP: end_send_SMP_0x04
[2022-03-13 07:26:23.864577] Master 43 OP: send_SMP_0x03
[2022-03-13 07:26:23.873690] Master 44 OP: end_send_SMP_0x03
[2022-03-13 07:26:24.029133] Slave 51 OP: recv_SMP_0x03
[2022-03-13 07:26:24.038153] Slave 52 OP: end_recv_SMP_0x03
[2022-03-13 07:26:24.040086] Master 45 OP: recv_SMP_0x03
[2022-03-13 07:26:24.042682] Slave 53 OP: send_SMP_0x03
[2022-03-13 07:26:24.045332] Master 46 OP: end_recv_SMP_0x03
[2022-03-13 07:26:24.051294] Master 47 OP: send_SMP_0x04
[2022-03-13 07:26:24.053095] Slave 54 OP: end_send_SMP_0x03
[2022-03-13 07:26:24.053375] Master 48 OP: end_send_SMP_0x04
[2022-03-13 07:26:24.189181] Slave 55 OP: recv_SMP_0x04
[2022-03-13 07:26:24.190373] Master 49 OP: recv_SMP_0x04
[2022-03-13 07:26:24.210151] Slave 56 OP: end_recv_SMP_0x04
[2022-03-13 07:26:24.212962] Slave 57 OP: send_SMP_0x04
[2022-03-13 07:26:24.214871] Master 50 OP: end_recv_SMP_0x04
[2022-03-13 07:26:24.217275] Slave 58 OP: end_send_SMP_0x04
[2022-03-13 07:26:24.220397] Master 51 OP: send_SMP_0x03
[2022-03-13 07:26:24.224223] Master 52 OP: end_send_SMP_0x03
[2022-03-13 07:26:24.379128] Slave 59 OP: recv_SMP_0x03
[2022-03-13 07:26:24.388177] Slave 60 OP: end_recv_SMP_0x03
[2022-03-13 07:26:24.388424] Master 53 OP: recv_SMP_0x03
[2022-03-13 07:26:24.390144] Slave 61 OP: send_SMP_0x03
[2022-03-13 07:26:24.395334] Master 54 OP: end_recv_SMP_0x03
[2022-03-13 07:26:24.401263] Master 55 OP: send_SMP_0x04
[2022-03-13 07:26:24.413003] Slave 62 OP: end_send_SMP_0x03
[2022-03-13 07:26:24.414642] Master 56 OP: end_send_SMP_0x04
[2022-03-13 07:26:24.539168] Slave 63 OP: recv_SMP_0x04
[2022-03-13 07:26:24.542762] Master 57 OP: recv_SMP_0x04
[2022-03-13 07:26:24.560571] Slave 64 OP: end_recv_SMP_0x04
[2022-03-13 07:26:24.562252] Slave 65 OP: send_SMP_0x04
[2022-03-13 07:26:24.562835] Master 58 OP: end_recv_SMP_0x04
[2022-03-13 07:26:24.564138] Slave 66 OP: end_send_SMP_0x04
[2022-03-13 07:26:24.564437] Master 59 OP: send_SMP_0x03
[2022-03-13 07:26:24.570431] Master 60 OP: end_send_SMP_0x03
[2022-03-13 07:26:24.729071] Slave 67 OP: recv_SMP_0x03
[2022-03-13 07:26:24.738151] Slave 68 OP: end_recv_SMP_0x03
[2022-03-13 07:26:24.739051] Master 61 OP: recv_SMP_0x03
[2022-03-13 07:26:24.740138] Slave 69 OP: send_SMP_0x03
[2022-03-13 07:26:24.745347] Master 62 OP: end_recv_SMP_0x03
[2022-03-13 07:26:24.750536] Master 63 OP: send_SMP_0x04
[2022-03-13 07:26:24.757564] Slave 70 OP: end_send_SMP_0x03
[2022-03-13 07:26:24.758777] Master 64 OP: end_send_SMP_0x04
[2022-03-13 07:26:24.889190] Slave 71 OP: recv_SMP_0x04
[2022-03-13 07:26:24.889474] Master 65 OP: recv_SMP_0x04
[2022-03-13 07:26:24.910148] Slave 72 OP: end_recv_SMP_0x04
[2022-03-13 07:26:24.911296] Slave 73 OP: send_SMP_0x04
[2022-03-13 07:26:24.911598] Master 66 OP: end_recv_SMP_0x04
[2022-03-13 07:26:24.914135] Slave 74 OP: end_send_SMP_0x04
[2022-03-13 07:26:24.914384] Master 67 OP: send_SMP_0x03
[2022-03-13 07:26:24.919319] Master 68 OP: end_send_SMP_0x03
[2022-03-13 07:26:25.079111] Slave 75 OP: recv_SMP_0x03
[2022-03-13 07:26:25.088816] Slave 76 OP: end_recv_SMP_0x03
[2022-03-13 07:26:25.089556] Master 69 OP: recv_SMP_0x03
[2022-03-13 07:26:25.090162] Slave 77 OP: send_SMP_0x03
[2022-03-13 07:26:25.095292] Master 70 OP: end_recv_SMP_0x03
[2022-03-13 07:26:25.100355] Master 71 OP: send_SMP_0x04
[2022-03-13 07:26:25.103107] Slave 78 OP: end_send_SMP_0x03
[2022-03-13 07:26:25.104275] Master 72 OP: end_send_SMP_0x04
[2022-03-13 07:26:25.239222] Slave 79 OP: recv_SMP_0x04
[2022-03-13 07:26:25.240653] Master 73 OP: recv_SMP_0x04
[2022-03-13 07:26:25.259336] Slave 80 OP: end_recv_SMP_0x04
[2022-03-13 07:26:25.261191] Slave 81 OP: send_SMP_0x04
[2022-03-13 07:26:25.262109] Master 74 OP: end_recv_SMP_0x04
[2022-03-13 07:26:25.264156] Slave 82 OP: end_send_SMP_0x04
[2022-03-13 07:26:25.264416] Master 75 OP: send_SMP_0x03
[2022-03-13 07:26:25.269327] Master 76 OP: end_send_SMP_0x03
[2022-03-13 07:26:25.429247] Slave 83 OP: recv_SMP_0x03
[2022-03-13 07:26:25.438739] Slave 84 OP: end_recv_SMP_0x03
[2022-03-13 07:26:25.439937] Master 77 OP: recv_SMP_0x03
[2022-03-13 07:26:25.441176] Slave 85 OP: send_SMP_0x03
[2022-03-13 07:26:25.444656] Master 78 OP: end_recv_SMP_0x03
[2022-03-13 07:26:25.450346] Master 79 OP: send_SMP_0x04
[2022-03-13 07:26:25.453193] Slave 86 OP: end_send_SMP_0x03
[2022-03-13 07:26:25.454479] Master 80 OP: end_send_SMP_0x04
[2022-03-13 07:26:25.589167] Slave 87 OP: recv_SMP_0x04
[2022-03-13 07:26:25.589645] Master 81 OP: recv_SMP_0x04
[2022-03-13 07:26:25.609296] Slave 88 OP: end_recv_SMP_0x04
[2022-03-13 07:26:25.611153] Slave 89 OP: send_SMP_0x04
[2022-03-13 07:26:25.611434] Master 82 OP: end_recv_SMP_0x04
[2022-03-13 07:26:25.613176] Slave 90 OP: end_send_SMP_0x04
[2022-03-13 07:26:25.614128] Master 83 OP: send_SMP_0x03
[2022-03-13 07:26:25.620194] Master 84 OP: end_send_SMP_0x03
[2022-03-13 07:26:25.779304] Slave 91 OP: recv_SMP_0x03
[2022-03-13 07:26:25.788200] Slave 92 OP: end_recv_SMP_0x03
[2022-03-13 07:26:25.789730] Master 85 OP: recv_SMP_0x03
[2022-03-13 07:26:25.791111] Slave 93 OP: send_SMP_0x03
[2022-03-13 07:26:25.794334] Master 86 OP: end_recv_SMP_0x03
[2022-03-13 07:26:25.800863] Master 87 OP: send_SMP_0x04
[2022-03-13 07:26:25.802398] Slave 94 OP: end_send_SMP_0x03
[2022-03-13 07:26:25.803911] Master 88 OP: end_send_SMP_0x04
[2022-03-13 07:26:25.939174] Slave 95 OP: recv_SMP_0x04
[2022-03-13 07:26:25.941023] Master 89 OP: recv_SMP_0x04
[2022-03-13 07:26:25.959186] Slave 96 OP: end_recv_SMP_0x04
[2022-03-13 07:26:25.961130] Slave 97 OP: send_SMP_0x04
[2022-03-13 07:26:25.961404] Master 90 OP: end_recv_SMP_0x04
[2022-03-13 07:26:25.963600] Slave 98 OP: end_send_SMP_0x04
[2022-03-13 07:26:25.964170] Master 91 OP: send_SMP_0x03
[2022-03-13 07:26:25.968368] Master 92 OP: end_send_SMP_0x03
[2022-03-13 07:26:26.181812] Slave 99 OP: recv_SMP_0x0D
[2022-03-13 07:26:26.190419] Master 93 OP: recv_SMP_0x03
[2022-03-13 07:26:26.203301] Master 94 OP: end_recv_SMP_0x03
[2022-03-13 07:26:26.209219] Master 95 OP: send_SMP_0x04
[2022-03-13 07:26:26.211348] Master 96 OP: end_send_SMP_0x04
[2022-03-13 07:26:26.258131] Slave 100 OP: end_recv_SMP_0x0D
[2022-03-13 07:26:26.262210] Slave 101 OP: send_SMP_0x0D
[2022-03-13 07:26:26.264217] Slave 102 OP: end_send_SMP_0x0D
[2022-03-13 07:26:26.274318] Master 97 OP: recv_SMP_0x04
[2022-03-13 07:26:26.328613] Master 98 OP: end_recv_SMP_0x04
[2022-03-13 07:26:26.358405] Master 99 OP: send_SMP_0x0D
[2022-03-13 07:26:26.360322] Master 100 OP: end_send_SMP_0x0D
[2022-03-13 07:26:26.919292] Master 101 OP: recv_SMP_0x0D
[2022-03-13 07:26:27.068319] Master 102 OP: end_recv_SMP_0x0D
[2022-03-13 07:26:27.114460] Slave 103 OP: send_SMP_0x0F
[2022-03-13 07:26:27.116163] Slave 104 OP: end_send_SMP_0x0F
[2022-03-13 07:26:27.118238] Slave 105 OP: send_SMP_0x08
[2022-03-13 07:26:27.121722] Slave 106 OP: end_send_SMP_0x08
[2022-03-13 07:26:27.123700] Slave 107 OP: send_SMP_0x09
[2022-03-13 07:26:27.125281] Slave 108 OP: end_send_SMP_0x09
[2022-03-13 07:26:27.129510] Slave 109 OP: send_SMP_0x0A
[2022-03-13 07:26:27.171169] Slave 110 OP: end_send_SMP_0x0A
[2022-03-13 07:26:27.336656] Master 103 OP: recv_SMP_0x0F
[2022-03-13 07:26:27.341173] Master 104 OP: end_recv_SMP_0x0F
[2022-03-13 07:26:27.363369] Master 105 OP: recv_SMP_0x08
[2022-03-13 07:26:27.367347] Master 106 OP: end_recv_SMP_0x08
[2022-03-13 07:26:27.621342] Master 107 OP: recv_SMP_0x09
[2022-03-13 07:26:27.653232] Slave 111 OP: recv_SMP_0x0F
[2022-03-13 07:26:27.664159] Slave 112 OP: end_recv_SMP_0x0F
[2022-03-13 07:26:27.686447] Slave 113 OP: recv_SMP_0x08
[2022-03-13 07:26:27.692386] Slave 114 OP: end_recv_SMP_0x08
[2022-03-13 07:26:27.713165] Slave 115 OP: recv_SMP_0x09
[2022-03-13 07:26:27.778461] Master 108 OP: end_recv_SMP_0x09
[2022-03-13 07:26:27.803616] Master 109 OP: recv_SMP_0x0A
[2022-03-13 07:26:27.811353] Master 110 OP: end_recv_SMP_0x0A
[2022-03-13 07:26:27.826298] Master 111 OP: send_SMP_0x0F
[2022-03-13 07:26:27.827866] Master 112 OP: end_send_SMP_0x0F
[2022-03-13 07:26:27.831323] Master 113 OP: send_SMP_0x08
[2022-03-13 07:26:27.835350] Master 114 OP: end_send_SMP_0x08
[2022-03-13 07:26:27.837265] Master 115 OP: send_SMP_0x09
[2022-03-13 07:26:27.840217] Master 116 OP: end_send_SMP_0x09
[2022-03-13 07:26:27.844293] Master 117 OP: send_SMP_0x0A
[2022-03-13 07:26:27.884194] Slave 116 OP: end_recv_SMP_0x09
[2022-03-13 07:26:27.906338] Slave 117 OP: recv_SMP_0x0A
[2022-03-13 07:26:27.912432] Slave 118 OP: end_recv_SMP_0x0A
[2022-03-13 07:26:27.921469] Master 118 OP: end_send_SMP_0x0A
