[2022-03-14 15:59:21.197803] Slave 1 OP: send_SMP_0x0B
[2022-03-14 15:59:21.208849] Slave 2 OP: end_send_SMP_0x0B
[2022-03-14 15:59:21.521859] Slave 3 OP: recv_SMP_0x01
[2022-03-14 15:59:21.536793] Slave 4 OP: end_recv_SMP_0x01
[2022-03-14 15:59:21.539100] Slave 5 OP: send_SMP_0x02
[2022-03-14 15:59:21.540848] Slave 6 OP: end_send_SMP_0x02
[2022-03-14 15:59:21.696921] Master 1 OP: recv_SMP_0x0B
[2022-03-14 15:59:21.700921] Master 2 OP: end_recv_SMP_0x0B
[2022-03-14 15:59:21.703961] Master 3 OP: send_SMP_0x01
[2022-03-14 15:59:21.706467] Master 4 OP: end_send_SMP_0x01
[2022-03-14 15:59:21.777817] Slave 7 OP: recv_SMP_0x0C
[2022-03-14 15:59:21.794810] Slave 8 OP: end_recv_SMP_0x0C
[2022-03-14 15:59:21.796896] Slave 9 OP: send_SMP_0x0C
[2022-03-14 15:59:21.798832] Slave 10 OP: end_send_SMP_0x0C
[2022-03-14 15:59:21.806954] Master 5 OP: recv_SMP_0x02
[2022-03-14 15:59:21.821036] Master 6 OP: end_recv_SMP_0x02
[2022-03-14 15:59:21.825936] Master 7 OP: send_SMP_0x0C
[2022-03-14 15:59:21.828957] Master 8 OP: end_send_SMP_0x0C
[2022-03-14 15:59:22.111894] Slave 11 OP: recv_SMP_0x03
[2022-03-14 15:59:22.120863] Slave 12 OP: end_recv_SMP_0x03
[2022-03-14 15:59:22.122862] Slave 13 OP: send_SMP_0x03
[2022-03-14 15:59:22.136853] Slave 14 OP: end_send_SMP_0x03
[2022-03-14 15:59:22.272821] Slave 15 OP: recv_SMP_0x04
[2022-03-14 15:59:22.293817] Slave 16 OP: end_recv_SMP_0x04
[2022-03-14 15:59:22.295821] Slave 17 OP: send_SMP_0x04
[2022-03-14 15:59:22.297807] Slave 18 OP: end_send_SMP_0x04
[2022-03-14 15:59:22.443930] Master 9 OP: recv_SMP_0x0C
[2022-03-14 15:59:22.453624] Master 10 OP: end_recv_SMP_0x0C
[2022-03-14 15:59:22.459983] Master 11 OP: send_SMP_0x03
[2022-03-14 15:59:22.461858] Slave 19 OP: recv_SMP_0x03
[2022-03-14 15:59:22.471083] Slave 20 OP: end_recv_SMP_0x03
[2022-03-14 15:59:22.472115] Master 12 OP: end_send_SMP_0x03
[2022-03-14 15:59:22.473458] Slave 21 OP: send_SMP_0x03
[2022-03-14 15:59:22.487375] Slave 22 OP: end_send_SMP_0x03
[2022-03-14 15:59:22.622881] Slave 23 OP: recv_SMP_0x04
[2022-03-14 15:59:22.643849] Slave 24 OP: end_recv_SMP_0x04
[2022-03-14 15:59:22.646134] Slave 25 OP: send_SMP_0x04
[2022-03-14 15:59:22.647821] Slave 26 OP: end_send_SMP_0x04
[2022-03-14 15:59:22.648057] Master 13 OP: recv_SMP_0x03
[2022-03-14 15:59:22.651024] Master 14 OP: end_recv_SMP_0x03
[2022-03-14 15:59:22.652957] Master 15 OP: send_SMP_0x04
[2022-03-14 15:59:22.654007] Master 16 OP: end_send_SMP_0x04
[2022-03-14 15:59:22.811859] Slave 27 OP: recv_SMP_0x03
[2022-03-14 15:59:22.820913] Slave 28 OP: end_recv_SMP_0x03
[2022-03-14 15:59:22.824155] Slave 29 OP: send_SMP_0x03
[2022-03-14 15:59:22.826011] Master 17 OP: recv_SMP_0x04
[2022-03-14 15:59:22.836860] Slave 30 OP: end_send_SMP_0x03
[2022-03-14 15:59:22.842013] Master 18 OP: end_recv_SMP_0x04
[2022-03-14 15:59:22.845022] Master 19 OP: send_SMP_0x03
[2022-03-14 15:59:22.852955] Master 20 OP: end_send_SMP_0x03
[2022-03-14 15:59:22.972830] Slave 31 OP: recv_SMP_0x04
[2022-03-14 15:59:22.993167] Slave 32 OP: end_recv_SMP_0x04
[2022-03-14 15:59:22.994865] Slave 33 OP: send_SMP_0x04
[2022-03-14 15:59:22.997808] Slave 34 OP: end_send_SMP_0x04
[2022-03-14 15:59:23.003996] Master 21 OP: recv_SMP_0x03
[2022-03-14 15:59:23.008996] Master 22 OP: end_recv_SMP_0x03
[2022-03-14 15:59:23.012005] Master 23 OP: send_SMP_0x04
[2022-03-14 15:59:23.013021] Master 24 OP: end_send_SMP_0x04
[2022-03-14 15:59:23.161858] Slave 35 OP: recv_SMP_0x03
[2022-03-14 15:59:23.170920] Slave 36 OP: end_recv_SMP_0x03
[2022-03-14 15:59:23.172889] Slave 37 OP: send_SMP_0x03
[2022-03-14 15:59:23.187017] Slave 38 OP: end_send_SMP_0x03
[2022-03-14 15:59:23.189331] Master 25 OP: recv_SMP_0x04
[2022-03-14 15:59:23.200990] Master 26 OP: end_recv_SMP_0x04
[2022-03-14 15:59:23.289984] Master 27 OP: send_SMP_0x03
[2022-03-14 15:59:23.297046] Master 28 OP: end_send_SMP_0x03
[2022-03-14 15:59:23.322902] Slave 39 OP: recv_SMP_0x04
[2022-03-14 15:59:23.342900] Slave 40 OP: end_recv_SMP_0x04
[2022-03-14 15:59:23.344881] Slave 41 OP: send_SMP_0x04
[2022-03-14 15:59:23.347810] Slave 42 OP: end_send_SMP_0x04
[2022-03-14 15:59:23.354100] Master 29 OP: recv_SMP_0x03
[2022-03-14 15:59:23.359002] Master 30 OP: end_recv_SMP_0x03
[2022-03-14 15:59:23.361972] Master 31 OP: send_SMP_0x04
[2022-03-14 15:59:23.363005] Master 32 OP: end_send_SMP_0x04
[2022-03-14 15:59:23.511838] Slave 43 OP: recv_SMP_0x03
[2022-03-14 15:59:23.520901] Slave 44 OP: end_recv_SMP_0x03
[2022-03-14 15:59:23.522870] Slave 45 OP: send_SMP_0x03
[2022-03-14 15:59:23.536847] Slave 46 OP: end_send_SMP_0x03
[2022-03-14 15:59:23.540172] Master 33 OP: recv_SMP_0x04
[2022-03-14 15:59:23.550987] Master 34 OP: end_recv_SMP_0x04
[2022-03-14 15:59:23.640008] Master 35 OP: send_SMP_0x03
[2022-03-14 15:59:23.647049] Master 36 OP: end_send_SMP_0x03
[2022-03-14 15:59:23.672804] Slave 47 OP: recv_SMP_0x04
[2022-03-14 15:59:23.692914] Slave 48 OP: end_recv_SMP_0x04
[2022-03-14 15:59:23.694894] Slave 49 OP: send_SMP_0x04
[2022-03-14 15:59:23.698306] Slave 50 OP: end_send_SMP_0x04
[2022-03-14 15:59:23.703982] Master 37 OP: recv_SMP_0x03
[2022-03-14 15:59:23.709045] Master 38 OP: end_recv_SMP_0x03
[2022-03-14 15:59:23.711962] Master 39 OP: send_SMP_0x04
[2022-03-14 15:59:23.713282] Master 40 OP: end_send_SMP_0x04
[2022-03-14 15:59:23.861883] Slave 51 OP: recv_SMP_0x03
[2022-03-14 15:59:23.870953] Slave 52 OP: end_recv_SMP_0x03
[2022-03-14 15:59:23.872913] Slave 53 OP: send_SMP_0x03
[2022-03-14 15:59:23.885865] Slave 54 OP: end_send_SMP_0x03
[2022-03-14 15:59:23.889243] Master 41 OP: recv_SMP_0x04
[2022-03-14 15:59:23.900120] Master 42 OP: end_recv_SMP_0x04
[2022-03-14 15:59:23.989975] Master 43 OP: send_SMP_0x03
[2022-03-14 15:59:23.997078] Master 44 OP: end_send_SMP_0x03
[2022-03-14 15:59:24.022845] Slave 55 OP: recv_SMP_0x04
[2022-03-14 15:59:24.042883] Slave 56 OP: end_recv_SMP_0x04
[2022-03-14 15:59:24.044866] Slave 57 OP: send_SMP_0x04
[2022-03-14 15:59:24.046886] Slave 58 OP: end_send_SMP_0x04
[2022-03-14 15:59:24.053982] Master 45 OP: recv_SMP_0x03
[2022-03-14 15:59:24.058064] Master 46 OP: end_recv_SMP_0x03
[2022-03-14 15:59:24.061041] Master 47 OP: send_SMP_0x04
[2022-03-14 15:59:24.063005] Master 48 OP: end_send_SMP_0x04
[2022-03-14 15:59:24.211864] Slave 59 OP: recv_SMP_0x03
[2022-03-14 15:59:24.221077] Slave 60 OP: end_recv_SMP_0x03
[2022-03-14 15:59:24.223749] Slave 61 OP: send_SMP_0x03
[2022-03-14 15:59:24.235908] Slave 62 OP: end_send_SMP_0x03
[2022-03-14 15:59:24.239037] Master 49 OP: recv_SMP_0x04
[2022-03-14 15:59:24.250022] Master 50 OP: end_recv_SMP_0x04
[2022-03-14 15:59:24.340120] Master 51 OP: send_SMP_0x03
[2022-03-14 15:59:24.347100] Master 52 OP: end_send_SMP_0x03
[2022-03-14 15:59:24.372884] Slave 63 OP: recv_SMP_0x04
[2022-03-14 15:59:24.393660] Slave 64 OP: end_recv_SMP_0x04
[2022-03-14 15:59:24.394889] Slave 65 OP: send_SMP_0x04
[2022-03-14 15:59:24.397148] Slave 66 OP: end_send_SMP_0x04
[2022-03-14 15:59:24.403976] Master 53 OP: recv_SMP_0x03
[2022-03-14 15:59:24.408076] Master 54 OP: end_recv_SMP_0x03
[2022-03-14 15:59:24.411034] Master 55 OP: send_SMP_0x04
[2022-03-14 15:59:24.413167] Master 56 OP: end_send_SMP_0x04
[2022-03-14 15:59:24.561931] Slave 67 OP: recv_SMP_0x03
[2022-03-14 15:59:24.571377] Slave 68 OP: end_recv_SMP_0x03
[2022-03-14 15:59:24.572869] Slave 69 OP: send_SMP_0x03
[2022-03-14 15:59:24.585820] Slave 70 OP: end_send_SMP_0x03
[2022-03-14 15:59:24.588967] Master 57 OP: recv_SMP_0x04
[2022-03-14 15:59:24.600065] Master 58 OP: end_recv_SMP_0x04
[2022-03-14 15:59:24.689937] Master 59 OP: send_SMP_0x03
[2022-03-14 15:59:24.696998] Master 60 OP: end_send_SMP_0x03
[2022-03-14 15:59:24.722822] Slave 71 OP: recv_SMP_0x04
[2022-03-14 15:59:24.742919] Slave 72 OP: end_recv_SMP_0x04
[2022-03-14 15:59:24.746064] Slave 73 OP: send_SMP_0x04
[2022-03-14 15:59:24.746977] Slave 74 OP: end_send_SMP_0x04
[2022-03-14 15:59:24.753969] Master 61 OP: recv_SMP_0x03
[2022-03-14 15:59:24.758065] Master 62 OP: end_recv_SMP_0x03
[2022-03-14 15:59:24.761036] Master 63 OP: send_SMP_0x04
[2022-03-14 15:59:24.763028] Master 64 OP: end_send_SMP_0x04
[2022-03-14 15:59:24.911850] Slave 75 OP: recv_SMP_0x03
[2022-03-14 15:59:24.920885] Slave 76 OP: end_recv_SMP_0x03
[2022-03-14 15:59:24.923415] Slave 77 OP: send_SMP_0x03
[2022-03-14 15:59:24.935840] Slave 78 OP: end_send_SMP_0x03
[2022-03-14 15:59:24.940163] Master 65 OP: recv_SMP_0x04
[2022-03-14 15:59:24.950120] Master 66 OP: end_recv_SMP_0x04
[2022-03-14 15:59:25.040022] Master 67 OP: send_SMP_0x03
[2022-03-14 15:59:25.047029] Master 68 OP: end_send_SMP_0x03
[2022-03-14 15:59:25.072855] Slave 79 OP: recv_SMP_0x04
[2022-03-14 15:59:25.092880] Slave 80 OP: end_recv_SMP_0x04
[2022-03-14 15:59:25.094889] Slave 81 OP: send_SMP_0x04
[2022-03-14 15:59:25.096996] Slave 82 OP: end_send_SMP_0x04
[2022-03-14 15:59:25.103065] Master 69 OP: recv_SMP_0x03
[2022-03-14 15:59:25.108024] Master 70 OP: end_recv_SMP_0x03
[2022-03-14 15:59:25.111004] Master 71 OP: send_SMP_0x04
[2022-03-14 15:59:25.112994] Master 72 OP: end_send_SMP_0x04
[2022-03-14 15:59:25.262854] Slave 83 OP: recv_SMP_0x03
[2022-03-14 15:59:25.271887] Slave 84 OP: end_recv_SMP_0x03
[2022-03-14 15:59:25.275440] Slave 85 OP: send_SMP_0x03
[2022-03-14 15:59:25.285888] Slave 86 OP: end_send_SMP_0x03
[2022-03-14 15:59:25.289401] Master 73 OP: recv_SMP_0x04
[2022-03-14 15:59:25.300093] Master 74 OP: end_recv_SMP_0x04
[2022-03-14 15:59:25.389993] Master 75 OP: send_SMP_0x03
[2022-03-14 15:59:25.397034] Master 76 OP: end_send_SMP_0x03
[2022-03-14 15:59:25.422849] Slave 87 OP: recv_SMP_0x04
[2022-03-14 15:59:25.442892] Slave 88 OP: end_recv_SMP_0x04
[2022-03-14 15:59:25.444862] Slave 89 OP: send_SMP_0x04
[2022-03-14 15:59:25.446853] Slave 90 OP: end_send_SMP_0x04
[2022-03-14 15:59:25.453033] Master 77 OP: recv_SMP_0x03
[2022-03-14 15:59:25.458025] Master 78 OP: end_recv_SMP_0x03
[2022-03-14 15:59:25.461040] Master 79 OP: send_SMP_0x04
[2022-03-14 15:59:25.462811] Master 80 OP: end_send_SMP_0x04
[2022-03-14 15:59:25.611933] Slave 91 OP: recv_SMP_0x03
[2022-03-14 15:59:25.620894] Slave 92 OP: end_recv_SMP_0x03
[2022-03-14 15:59:25.622913] Slave 93 OP: send_SMP_0x03
[2022-03-14 15:59:25.635852] Slave 94 OP: end_send_SMP_0x03
[2022-03-14 15:59:25.638561] Master 81 OP: recv_SMP_0x04
[2022-03-14 15:59:25.650047] Master 82 OP: end_recv_SMP_0x04
[2022-03-14 15:59:25.741199] Master 83 OP: send_SMP_0x03
[2022-03-14 15:59:25.747160] Master 84 OP: end_send_SMP_0x03
[2022-03-14 15:59:25.772878] Slave 95 OP: recv_SMP_0x04
[2022-03-14 15:59:25.792894] Slave 96 OP: end_recv_SMP_0x04
[2022-03-14 15:59:25.795272] Slave 97 OP: send_SMP_0x04
[2022-03-14 15:59:25.797524] Slave 98 OP: end_send_SMP_0x04
[2022-03-14 15:59:25.803152] Master 85 OP: recv_SMP_0x03
[2022-03-14 15:59:25.808180] Master 86 OP: end_recv_SMP_0x03
[2022-03-14 15:59:25.811054] Master 87 OP: send_SMP_0x04
[2022-03-14 15:59:25.812046] Master 88 OP: end_send_SMP_0x04
[2022-03-14 15:59:26.013875] Slave 99 OP: recv_SMP_0x0D
[2022-03-14 15:59:26.051032] Master 89 OP: recv_SMP_0x04
[2022-03-14 15:59:26.073886] Master 90 OP: end_recv_SMP_0x04
[2022-03-14 15:59:26.076630] Master 91 OP: send_SMP_0x03
[2022-03-14 15:59:26.084068] Master 92 OP: end_send_SMP_0x03
[2022-03-14 15:59:26.090921] Slave 100 OP: end_recv_SMP_0x0D
[2022-03-14 15:59:26.095108] Slave 101 OP: send_SMP_0x0D
[2022-03-14 15:59:26.097987] Slave 102 OP: end_send_SMP_0x0D
[2022-03-14 15:59:26.193048] Master 93 OP: recv_SMP_0x03
[2022-03-14 15:59:26.201127] Master 94 OP: end_recv_SMP_0x03
[2022-03-14 15:59:26.203042] Master 95 OP: send_SMP_0x04
[2022-03-14 15:59:26.204733] Master 96 OP: end_send_SMP_0x04
[2022-03-14 15:59:26.312091] Master 97 OP: recv_SMP_0x04
[2022-03-14 15:59:26.441116] Master 98 OP: end_recv_SMP_0x04
[2022-03-14 15:59:26.444061] Master 99 OP: send_SMP_0x0D
[2022-03-14 15:59:26.445085] Master 100 OP: end_send_SMP_0x0D
[2022-03-14 15:59:26.496894] Slave 103 OP: send_SMP_0x0F
[2022-03-14 15:59:26.499008] Slave 104 OP: end_send_SMP_0x0F
[2022-03-14 15:59:26.501002] Slave 105 OP: send_SMP_0x08
[2022-03-14 15:59:26.503998] Slave 106 OP: end_send_SMP_0x08
[2022-03-14 15:59:26.505978] Slave 107 OP: send_SMP_0x09
[2022-03-14 15:59:26.507894] Slave 108 OP: end_send_SMP_0x09
[2022-03-14 15:59:26.510946] Slave 109 OP: send_SMP_0x0A
[2022-03-14 15:59:26.512022] Master 101 OP: recv_SMP_0x0D
[2022-03-14 15:59:26.552967] Slave 110 OP: end_send_SMP_0x0A
[2022-03-14 15:59:26.564820] Master 102 OP: end_recv_SMP_0x0D
[2022-03-14 15:59:27.081899] Slave 111 OP: recv_SMP_0x0F
[2022-03-14 15:59:27.082132] Master 103 OP: recv_SMP_0x0F
[2022-03-14 15:59:27.085882] Slave 112 OP: end_recv_SMP_0x0F
[2022-03-14 15:59:27.086127] Master 104 OP: end_recv_SMP_0x0F
[2022-03-14 15:59:27.108065] Master 105 OP: recv_SMP_0x08
[2022-03-14 15:59:27.111077] Master 106 OP: end_recv_SMP_0x08
[2022-03-14 15:59:27.134873] Slave 113 OP: recv_SMP_0x08
[2022-03-14 15:59:27.140903] Slave 114 OP: end_recv_SMP_0x08
[2022-03-14 15:59:27.141146] Master 107 OP: recv_SMP_0x09
[2022-03-14 15:59:27.167933] Slave 115 OP: recv_SMP_0x09
[2022-03-14 15:59:27.308047] Master 108 OP: end_recv_SMP_0x09
[2022-03-14 15:59:27.328027] Master 109 OP: recv_SMP_0x0A
[2022-03-14 15:59:27.332934] Slave 116 OP: end_recv_SMP_0x09
[2022-03-14 15:59:27.333197] Master 110 OP: end_recv_SMP_0x0A
[2022-03-14 15:59:27.349039] Master 111 OP: send_SMP_0x0F
[2022-03-14 15:59:27.352091] Master 112 OP: end_send_SMP_0x0F
[2022-03-14 15:59:27.355924] Slave 117 OP: recv_SMP_0x0A
[2022-03-14 15:59:27.356173] Master 113 OP: send_SMP_0x08
[2022-03-14 15:59:27.360442] Master 114 OP: end_send_SMP_0x08
[2022-03-14 15:59:27.361905] Slave 118 OP: end_recv_SMP_0x0A
[2022-03-14 15:59:27.362146] Master 115 OP: send_SMP_0x09
[2022-03-14 15:59:27.364046] Master 116 OP: end_send_SMP_0x09
[2022-03-14 15:59:27.367100] Master 117 OP: send_SMP_0x0A
