[2022-03-14 15:24:37.347761] Slave 1 OP: send_SMP_0x0B
[2022-03-14 15:24:37.639007] Master 1 OP: recv_SMP_0x0B
[2022-03-14 15:24:37.641872] Master 2 OP: end_recv_SMP_0x0B
[2022-03-14 15:24:37.644854] Master 3 OP: send_SMP_0x01
[2022-03-14 15:24:37.645993] Master 4 OP: end_send_SMP_0x01
[2022-03-14 15:24:37.670797] Slave 2 OP: recv_SMP_0x01
[2022-03-14 15:24:37.684796] Slave 3 OP: end_recv_SMP_0x01
[2022-03-14 15:24:37.686837] Slave 4 OP: send_SMP_0x02
[2022-03-14 15:24:37.688774] Slave 5 OP: end_send_SMP_0x02
[2022-03-14 15:24:37.844887] Master 5 OP: recv_SMP_0x02
[2022-03-14 15:24:37.857907] Master 6 OP: end_recv_SMP_0x02
[2022-03-14 15:24:37.859181] Master 7 OP: send_SMP_0x0C
[2022-03-14 15:24:37.860870] Master 8 OP: end_send_SMP_0x0C
[2022-03-14 15:24:37.928775] Slave 6 OP: recv_SMP_0x0C
[2022-03-14 15:24:37.944755] Slave 7 OP: end_recv_SMP_0x0C
[2022-03-14 15:24:37.946773] Slave 8 OP: send_SMP_0x0C
[2022-03-14 15:24:37.948794] Slave 9 OP: end_send_SMP_0x0C
[2022-03-14 15:24:38.212861] Slave 10 OP: recv_SMP_0x03
[2022-03-14 15:24:38.221807] Slave 11 OP: end_recv_SMP_0x03
[2022-03-14 15:24:38.223742] Slave 12 OP: send_SMP_0x03
[2022-03-14 15:24:38.231768] Slave 13 OP: end_send_SMP_0x03
[2022-03-14 15:24:38.349948] Master 9 OP: recv_SMP_0x0C
[2022-03-14 15:24:38.357903] Master 10 OP: end_recv_SMP_0x0C
[2022-03-14 15:24:38.361864] Master 11 OP: send_SMP_0x03
[2022-03-14 15:24:38.369317] Master 12 OP: end_send_SMP_0x03
[2022-03-14 15:24:38.372921] Slave 14 OP: recv_SMP_0x04
[2022-03-14 15:24:38.387803] Slave 15 OP: end_recv_SMP_0x04
[2022-03-14 15:24:38.389772] Slave 16 OP: send_SMP_0x04
[2022-03-14 15:24:38.391812] Slave 17 OP: end_send_SMP_0x04
[2022-03-14 15:24:38.562790] Slave 18 OP: recv_SMP_0x03
[2022-03-14 15:24:38.562995] Master 13 OP: recv_SMP_0x03
[2022-03-14 15:24:38.571810] Slave 19 OP: end_recv_SMP_0x03
[2022-03-14 15:24:38.572027] Master 14 OP: end_recv_SMP_0x03
[2022-03-14 15:24:38.573796] Slave 20 OP: send_SMP_0x03
[2022-03-14 15:24:38.573975] Master 15 OP: send_SMP_0x04
[2022-03-14 15:24:38.578982] Master 16 OP: end_send_SMP_0x04
[2022-03-14 15:24:38.581754] Slave 21 OP: end_send_SMP_0x03
[2022-03-14 15:24:38.720941] Master 17 OP: recv_SMP_0x04
[2022-03-14 15:24:38.722800] Slave 22 OP: recv_SMP_0x04
[2022-03-14 15:24:38.737831] Slave 23 OP: end_recv_SMP_0x04
[2022-03-14 15:24:38.738048] Master 18 OP: end_recv_SMP_0x04
[2022-03-14 15:24:38.739808] Slave 24 OP: send_SMP_0x04
[2022-03-14 15:24:38.739997] Master 19 OP: send_SMP_0x03
[2022-03-14 15:24:38.741891] Slave 25 OP: end_send_SMP_0x04
[2022-03-14 15:24:38.743074] Master 20 OP: end_send_SMP_0x03
[2022-03-14 15:24:38.912811] Slave 26 OP: recv_SMP_0x03
[2022-03-14 15:24:38.921806] Slave 27 OP: end_recv_SMP_0x03
[2022-03-14 15:24:38.923833] Slave 28 OP: send_SMP_0x03
[2022-03-14 15:24:38.928916] Master 21 OP: recv_SMP_0x03
[2022-03-14 15:24:38.931812] Slave 29 OP: end_send_SMP_0x03
[2022-03-14 15:24:38.934458] Master 22 OP: end_recv_SMP_0x03
[2022-03-14 15:24:38.935032] Master 23 OP: send_SMP_0x04
[2022-03-14 15:24:38.936898] Master 24 OP: end_send_SMP_0x04
[2022-03-14 15:24:39.072824] Slave 30 OP: recv_SMP_0x04
[2022-03-14 15:24:39.087832] Slave 31 OP: end_recv_SMP_0x04
[2022-03-14 15:24:39.088041] Master 25 OP: recv_SMP_0x04
[2022-03-14 15:24:39.089824] Slave 32 OP: send_SMP_0x04
[2022-03-14 15:24:39.091791] Slave 33 OP: end_send_SMP_0x04
[2022-03-14 15:24:39.095897] Master 26 OP: end_recv_SMP_0x04
[2022-03-14 15:24:39.097365] Master 27 OP: send_SMP_0x03
[2022-03-14 15:24:39.100949] Master 28 OP: end_send_SMP_0x03
[2022-03-14 15:24:39.262811] Slave 34 OP: recv_SMP_0x03
[2022-03-14 15:24:39.271956] Slave 35 OP: end_recv_SMP_0x03
[2022-03-14 15:24:39.273787] Slave 36 OP: send_SMP_0x03
[2022-03-14 15:24:39.278936] Master 29 OP: recv_SMP_0x03
[2022-03-14 15:24:39.281778] Slave 37 OP: end_send_SMP_0x03
[2022-03-14 15:24:39.283971] Master 30 OP: end_recv_SMP_0x03
[2022-03-14 15:24:39.284924] Master 31 OP: send_SMP_0x04
[2022-03-14 15:24:39.286905] Master 32 OP: end_send_SMP_0x04
[2022-03-14 15:24:39.422822] Slave 38 OP: recv_SMP_0x04
[2022-03-14 15:24:39.437831] Slave 39 OP: end_recv_SMP_0x04
[2022-03-14 15:24:39.438037] Master 33 OP: recv_SMP_0x04
[2022-03-14 15:24:39.439821] Slave 40 OP: send_SMP_0x04
[2022-03-14 15:24:39.441814] Slave 41 OP: end_send_SMP_0x04
[2022-03-14 15:24:39.445931] Master 34 OP: end_recv_SMP_0x04
[2022-03-14 15:24:39.446920] Master 35 OP: send_SMP_0x03
[2022-03-14 15:24:39.450955] Master 36 OP: end_send_SMP_0x03
[2022-03-14 15:24:39.612860] Slave 42 OP: recv_SMP_0x03
[2022-03-14 15:24:39.621850] Slave 43 OP: end_recv_SMP_0x03
[2022-03-14 15:24:39.623945] Slave 44 OP: send_SMP_0x03
[2022-03-14 15:24:39.629008] Master 37 OP: recv_SMP_0x03
[2022-03-14 15:24:39.631770] Slave 45 OP: end_send_SMP_0x03
[2022-03-14 15:24:39.633949] Master 38 OP: end_recv_SMP_0x03
[2022-03-14 15:24:39.634960] Master 39 OP: send_SMP_0x04
[2022-03-14 15:24:39.637661] Master 40 OP: end_send_SMP_0x04
[2022-03-14 15:24:39.772848] Slave 46 OP: recv_SMP_0x04
[2022-03-14 15:24:39.787942] Slave 47 OP: end_recv_SMP_0x04
[2022-03-14 15:24:39.788137] Master 41 OP: recv_SMP_0x04
[2022-03-14 15:24:39.789860] Slave 48 OP: send_SMP_0x04
[2022-03-14 15:24:39.791832] Slave 49 OP: end_send_SMP_0x04
[2022-03-14 15:24:39.795260] Master 42 OP: end_recv_SMP_0x04
[2022-03-14 15:24:39.796940] Master 43 OP: send_SMP_0x03
[2022-03-14 15:24:39.802757] Master 44 OP: end_send_SMP_0x03
[2022-03-14 15:24:39.962786] Slave 50 OP: recv_SMP_0x03
[2022-03-14 15:24:39.971833] Slave 51 OP: end_recv_SMP_0x03
[2022-03-14 15:24:39.973843] Slave 52 OP: send_SMP_0x03
[2022-03-14 15:24:39.978972] Master 45 OP: recv_SMP_0x03
[2022-03-14 15:24:39.981787] Slave 53 OP: end_send_SMP_0x03
[2022-03-14 15:24:39.983945] Master 46 OP: end_recv_SMP_0x03
[2022-03-14 15:24:39.984989] Master 47 OP: send_SMP_0x04
[2022-03-14 15:24:39.986958] Master 48 OP: end_send_SMP_0x04
[2022-03-14 15:24:40.122850] Slave 54 OP: recv_SMP_0x04
[2022-03-14 15:24:40.137809] Slave 55 OP: end_recv_SMP_0x04
[2022-03-14 15:24:40.138002] Master 49 OP: recv_SMP_0x04
[2022-03-14 15:24:40.139831] Slave 56 OP: send_SMP_0x04
[2022-03-14 15:24:40.141838] Slave 57 OP: end_send_SMP_0x04
[2022-03-14 15:24:40.145902] Master 50 OP: end_recv_SMP_0x04
[2022-03-14 15:24:40.146926] Master 51 OP: send_SMP_0x03
[2022-03-14 15:24:40.150931] Master 52 OP: end_send_SMP_0x03
[2022-03-14 15:24:40.312803] Slave 58 OP: recv_SMP_0x03
[2022-03-14 15:24:40.321811] Slave 59 OP: end_recv_SMP_0x03
[2022-03-14 15:24:40.323837] Slave 60 OP: send_SMP_0x03
[2022-03-14 15:24:40.328950] Master 53 OP: recv_SMP_0x03
[2022-03-14 15:24:40.331826] Slave 61 OP: end_send_SMP_0x03
[2022-03-14 15:24:40.333899] Master 54 OP: end_recv_SMP_0x03
[2022-03-14 15:24:40.335994] Master 55 OP: send_SMP_0x04
[2022-03-14 15:24:40.337387] Master 56 OP: end_send_SMP_0x04
[2022-03-14 15:24:40.473844] Slave 62 OP: recv_SMP_0x04
[2022-03-14 15:24:40.487868] Slave 63 OP: end_recv_SMP_0x04
[2022-03-14 15:24:40.488075] Master 57 OP: recv_SMP_0x04
[2022-03-14 15:24:40.489976] Slave 64 OP: send_SMP_0x04
[2022-03-14 15:24:40.491846] Slave 65 OP: end_send_SMP_0x04
[2022-03-14 15:24:40.495920] Master 58 OP: end_recv_SMP_0x04
[2022-03-14 15:24:40.497210] Master 59 OP: send_SMP_0x03
[2022-03-14 15:24:40.502281] Master 60 OP: end_send_SMP_0x03
[2022-03-14 15:24:40.662848] Slave 66 OP: recv_SMP_0x03
[2022-03-14 15:24:40.671998] Slave 67 OP: end_recv_SMP_0x03
[2022-03-14 15:24:40.673932] Slave 68 OP: send_SMP_0x03
[2022-03-14 15:24:40.678937] Master 61 OP: recv_SMP_0x03
[2022-03-14 15:24:40.681809] Slave 69 OP: end_send_SMP_0x03
[2022-03-14 15:24:40.683976] Master 62 OP: end_recv_SMP_0x03
[2022-03-14 15:24:40.684969] Master 63 OP: send_SMP_0x04
[2022-03-14 15:24:40.686974] Master 64 OP: end_send_SMP_0x04
[2022-03-14 15:24:40.822866] Slave 70 OP: recv_SMP_0x04
[2022-03-14 15:24:40.837830] Slave 71 OP: end_recv_SMP_0x04
[2022-03-14 15:24:40.838029] Master 65 OP: recv_SMP_0x04
[2022-03-14 15:24:40.839870] Slave 72 OP: send_SMP_0x04
[2022-03-14 15:24:40.841820] Slave 73 OP: end_send_SMP_0x04
[2022-03-14 15:24:40.845926] Master 66 OP: end_recv_SMP_0x04
[2022-03-14 15:24:40.846964] Master 67 OP: send_SMP_0x03
[2022-03-14 15:24:40.851419] Master 68 OP: end_send_SMP_0x03
[2022-03-14 15:24:41.012864] Slave 74 OP: recv_SMP_0x03
[2022-03-14 15:24:41.021913] Slave 75 OP: end_recv_SMP_0x03
[2022-03-14 15:24:41.023831] Slave 76 OP: send_SMP_0x03
[2022-03-14 15:24:41.028951] Master 69 OP: recv_SMP_0x03
[2022-03-14 15:24:41.031816] Slave 77 OP: end_send_SMP_0x03
[2022-03-14 15:24:41.033970] Master 70 OP: end_recv_SMP_0x03
[2022-03-14 15:24:41.035011] Master 71 OP: send_SMP_0x04
[2022-03-14 15:24:41.037015] Master 72 OP: end_send_SMP_0x04
[2022-03-14 15:24:41.172900] Slave 78 OP: recv_SMP_0x04
[2022-03-14 15:24:41.192164] Slave 79 OP: end_recv_SMP_0x04
[2022-03-14 15:24:41.192356] Master 73 OP: recv_SMP_0x04
[2022-03-14 15:24:41.192510] Slave 80 OP: send_SMP_0x04
[2022-03-14 15:24:41.192888] Slave 81 OP: end_send_SMP_0x04
[2022-03-14 15:24:41.196437] Master 74 OP: end_recv_SMP_0x04
[2022-03-14 15:24:41.197369] Master 75 OP: send_SMP_0x03
[2022-03-14 15:24:41.200987] Master 76 OP: end_send_SMP_0x03
[2022-03-14 15:24:41.362871] Slave 82 OP: recv_SMP_0x03
[2022-03-14 15:24:41.371828] Slave 83 OP: end_recv_SMP_0x03
[2022-03-14 15:24:41.374596] Slave 84 OP: send_SMP_0x03
[2022-03-14 15:24:41.379006] Master 77 OP: recv_SMP_0x03
[2022-03-14 15:24:41.381843] Slave 85 OP: end_send_SMP_0x03
[2022-03-14 15:24:41.383974] Master 78 OP: end_recv_SMP_0x03
[2022-03-14 15:24:41.385020] Master 79 OP: send_SMP_0x04
[2022-03-14 15:24:41.387368] Master 80 OP: end_send_SMP_0x04
[2022-03-14 15:24:41.522936] Slave 86 OP: recv_SMP_0x04
[2022-03-14 15:24:41.537834] Slave 87 OP: end_recv_SMP_0x04
[2022-03-14 15:24:41.538035] Master 81 OP: recv_SMP_0x04
[2022-03-14 15:24:41.539878] Slave 88 OP: send_SMP_0x04
[2022-03-14 15:24:41.541858] Slave 89 OP: end_send_SMP_0x04
[2022-03-14 15:24:41.545978] Master 82 OP: end_recv_SMP_0x04
[2022-03-14 15:24:41.546973] Master 83 OP: send_SMP_0x03
[2022-03-14 15:24:41.550996] Master 84 OP: end_send_SMP_0x03
[2022-03-14 15:24:41.712869] Slave 90 OP: recv_SMP_0x03
[2022-03-14 15:24:41.721873] Slave 91 OP: end_recv_SMP_0x03
[2022-03-14 15:24:41.723882] Slave 92 OP: send_SMP_0x03
[2022-03-14 15:24:41.729008] Master 85 OP: recv_SMP_0x03
[2022-03-14 15:24:41.731856] Slave 93 OP: end_send_SMP_0x03
[2022-03-14 15:24:41.733959] Master 86 OP: end_recv_SMP_0x03
[2022-03-14 15:24:41.735007] Master 87 OP: send_SMP_0x04
[2022-03-14 15:24:41.736953] Master 88 OP: end_send_SMP_0x04
[2022-03-14 15:24:41.872902] Slave 94 OP: recv_SMP_0x04
[2022-03-14 15:24:41.887869] Slave 95 OP: end_recv_SMP_0x04
[2022-03-14 15:24:41.888064] Master 89 OP: recv_SMP_0x04
[2022-03-14 15:24:41.889882] Slave 96 OP: send_SMP_0x04
[2022-03-14 15:24:41.891855] Slave 97 OP: end_send_SMP_0x04
[2022-03-14 15:24:41.895962] Master 90 OP: end_recv_SMP_0x04
[2022-03-14 15:24:41.897132] Master 91 OP: send_SMP_0x03
[2022-03-14 15:24:41.900986] Master 92 OP: end_send_SMP_0x03
[2022-03-14 15:24:42.062858] Slave 98 OP: recv_SMP_0x03
[2022-03-14 15:24:42.071859] Slave 99 OP: end_recv_SMP_0x03
[2022-03-14 15:24:42.073945] Slave 100 OP: send_SMP_0x03
[2022-03-14 15:24:42.078976] Master 93 OP: recv_SMP_0x03
[2022-03-14 15:24:42.081839] Slave 101 OP: end_send_SMP_0x03
[2022-03-14 15:24:42.084665] Master 94 OP: end_recv_SMP_0x03
[2022-03-14 15:24:42.085067] Master 95 OP: send_SMP_0x04
[2022-03-14 15:24:42.086978] Master 96 OP: end_send_SMP_0x04
[2022-03-14 15:24:42.222856] Slave 102 OP: recv_SMP_0x04
[2022-03-14 15:24:42.237860] Slave 103 OP: end_recv_SMP_0x04
[2022-03-14 15:24:42.238064] Master 97 OP: recv_SMP_0x04
[2022-03-14 15:24:42.239883] Slave 104 OP: send_SMP_0x04
[2022-03-14 15:24:42.242066] Slave 105 OP: end_send_SMP_0x04
[2022-03-14 15:24:42.245966] Master 98 OP: end_recv_SMP_0x04
[2022-03-14 15:24:42.246963] Master 99 OP: send_SMP_0x03
[2022-03-14 15:24:42.251008] Master 100 OP: end_send_SMP_0x03
[2022-03-14 15:24:42.361938] Master 101 OP: recv_SMP_0x03
[2022-03-14 15:24:42.369986] Master 102 OP: end_recv_SMP_0x03
[2022-03-14 15:24:42.390969] Master 103 OP: send_SMP_0x04
[2022-03-14 15:24:42.391989] Master 104 OP: end_send_SMP_0x04
[2022-03-14 15:24:42.412901] Slave 106 OP: recv_SMP_0x03
[2022-03-14 15:24:42.421817] Slave 107 OP: end_recv_SMP_0x03
[2022-03-14 15:24:42.423871] Slave 108 OP: send_SMP_0x03
[2022-03-14 15:24:42.431826] Slave 109 OP: end_send_SMP_0x03
[2022-03-14 15:24:42.448042] Master 105 OP: recv_SMP_0x04
[2022-03-14 15:24:42.547972] Master 106 OP: end_recv_SMP_0x04
[2022-03-14 15:24:42.548994] Master 107 OP: send_SMP_0x03
[2022-03-14 15:24:42.552224] Master 108 OP: end_send_SMP_0x03
[2022-03-14 15:24:42.572896] Slave 110 OP: recv_SMP_0x04
[2022-03-14 15:24:42.587882] Slave 111 OP: end_recv_SMP_0x04
[2022-03-14 15:24:42.589873] Slave 112 OP: send_SMP_0x04
[2022-03-14 15:24:42.591892] Slave 113 OP: end_send_SMP_0x04
[2022-03-14 15:24:42.762880] Slave 114 OP: recv_SMP_0x03
[2022-03-14 15:24:42.771883] Slave 115 OP: end_recv_SMP_0x03
[2022-03-14 15:24:42.773838] Slave 116 OP: send_SMP_0x03
[2022-03-14 15:24:42.781868] Slave 117 OP: end_send_SMP_0x03
[2022-03-14 15:24:42.790948] Master 109 OP: recv_SMP_0x03
[2022-03-14 15:24:42.795291] Master 110 OP: end_recv_SMP_0x03
[2022-03-14 15:24:42.839007] Master 111 OP: send_SMP_0x04
[2022-03-14 15:24:42.840305] Master 112 OP: end_send_SMP_0x04
[2022-03-14 15:24:42.964924] Slave 118 OP: recv_SMP_0x04
[2022-03-14 15:24:42.977975] Master 113 OP: recv_SMP_0x04
[2022-03-14 15:24:42.979873] Slave 119 OP: end_recv_SMP_0x04
[2022-03-14 15:24:42.981838] Slave 120 OP: send_SMP_0x04
[2022-03-14 15:24:42.983858] Slave 121 OP: end_send_SMP_0x04
[2022-03-14 15:24:42.986067] Master 114 OP: end_recv_SMP_0x04
[2022-03-14 15:24:42.987956] Master 115 OP: send_SMP_0x03
[2022-03-14 15:24:42.990176] Master 116 OP: end_send_SMP_0x03
[2022-03-14 15:24:43.162851] Slave 122 OP: recv_SMP_0x03
[2022-03-14 15:24:43.171850] Slave 123 OP: end_recv_SMP_0x03
[2022-03-14 15:24:43.173859] Slave 124 OP: send_SMP_0x03
[2022-03-14 15:24:43.181896] Slave 125 OP: end_send_SMP_0x03
[2022-03-14 15:24:43.194040] Master 117 OP: recv_SMP_0x03
[2022-03-14 15:24:43.293002] Master 118 OP: end_recv_SMP_0x03
[2022-03-14 15:24:43.293989] Master 119 OP: send_SMP_0x04
[2022-03-14 15:24:43.296016] Master 120 OP: end_send_SMP_0x04
[2022-03-14 15:24:43.322888] Slave 126 OP: recv_SMP_0x04
[2022-03-14 15:24:43.337883] Slave 127 OP: end_recv_SMP_0x04
[2022-03-14 15:24:43.339944] Slave 128 OP: send_SMP_0x04
[2022-03-14 15:24:43.341859] Slave 129 OP: end_send_SMP_0x04
[2022-03-14 15:24:43.353087] Master 121 OP: recv_SMP_0x04
[2022-03-14 15:24:43.443005] Master 122 OP: end_recv_SMP_0x04
[2022-03-14 15:24:43.443991] Master 123 OP: send_SMP_0x03
[2022-03-14 15:24:43.447950] Master 124 OP: end_send_SMP_0x03
[2022-03-14 15:24:43.512871] Slave 130 OP: recv_SMP_0x03
[2022-03-14 15:24:43.521887] Slave 131 OP: end_recv_SMP_0x03
[2022-03-14 15:24:43.523927] Slave 132 OP: send_SMP_0x03
[2022-03-14 15:24:43.531884] Slave 133 OP: end_send_SMP_0x03
[2022-03-14 15:24:43.544053] Master 125 OP: recv_SMP_0x03
[2022-03-14 15:24:43.643028] Master 126 OP: end_recv_SMP_0x03
[2022-03-14 15:24:43.644021] Master 127 OP: send_SMP_0x04
[2022-03-14 15:24:43.646004] Master 128 OP: end_send_SMP_0x04
[2022-03-14 15:24:43.672885] Slave 134 OP: recv_SMP_0x04
[2022-03-14 15:24:43.687907] Slave 135 OP: end_recv_SMP_0x04
[2022-03-14 15:24:43.689887] Slave 136 OP: send_SMP_0x04
[2022-03-14 15:24:43.691868] Slave 137 OP: end_send_SMP_0x04
[2022-03-14 15:24:43.701967] Master 129 OP: recv_SMP_0x04
[2022-03-14 15:24:43.793010] Master 130 OP: end_recv_SMP_0x04
[2022-03-14 15:24:43.794030] Master 131 OP: send_SMP_0x03
[2022-03-14 15:24:43.797979] Master 132 OP: end_send_SMP_0x03
[2022-03-14 15:24:43.863971] Slave 138 OP: recv_SMP_0x03
[2022-03-14 15:24:43.871957] Slave 139 OP: end_recv_SMP_0x03
[2022-03-14 15:24:43.873876] Slave 140 OP: send_SMP_0x03
[2022-03-14 15:24:43.881869] Slave 141 OP: end_send_SMP_0x03
[2022-03-14 15:24:43.894051] Master 133 OP: recv_SMP_0x03
[2022-03-14 15:24:43.993036] Master 134 OP: end_recv_SMP_0x03
[2022-03-14 15:24:43.994986] Master 135 OP: send_SMP_0x04
[2022-03-14 15:24:43.996033] Master 136 OP: end_send_SMP_0x04
[2022-03-14 15:24:44.022967] Slave 142 OP: recv_SMP_0x04
[2022-03-14 15:24:44.037851] Slave 143 OP: end_recv_SMP_0x04
[2022-03-14 15:24:44.039893] Slave 144 OP: send_SMP_0x04
[2022-03-14 15:24:44.041898] Slave 145 OP: end_send_SMP_0x04
[2022-03-14 15:24:44.051994] Master 137 OP: recv_SMP_0x04
[2022-03-14 15:24:44.143037] Master 138 OP: end_recv_SMP_0x04
[2022-03-14 15:24:44.144024] Master 139 OP: send_SMP_0x03
[2022-03-14 15:24:44.147992] Master 140 OP: end_send_SMP_0x03
[2022-03-14 15:24:44.212882] Slave 146 OP: recv_SMP_0x03
[2022-03-14 15:24:44.221920] Slave 147 OP: end_recv_SMP_0x03
[2022-03-14 15:24:44.223989] Slave 148 OP: send_SMP_0x03
[2022-03-14 15:24:44.231900] Slave 149 OP: end_send_SMP_0x03
[2022-03-14 15:24:44.245020] Master 141 OP: recv_SMP_0x03
[2022-03-14 15:24:44.343128] Master 142 OP: end_recv_SMP_0x03
[2022-03-14 15:24:44.343996] Master 143 OP: send_SMP_0x04
[2022-03-14 15:24:44.346018] Master 144 OP: end_send_SMP_0x04
[2022-03-14 15:24:44.373249] Slave 150 OP: recv_SMP_0x04
[2022-03-14 15:24:44.387941] Slave 151 OP: end_recv_SMP_0x04
[2022-03-14 15:24:44.389932] Slave 152 OP: send_SMP_0x04
[2022-03-14 15:24:44.391877] Slave 153 OP: end_send_SMP_0x04
[2022-03-14 15:24:44.402943] Master 145 OP: recv_SMP_0x04
[2022-03-14 15:24:44.492996] Master 146 OP: end_recv_SMP_0x04
[2022-03-14 15:24:44.494032] Master 147 OP: send_SMP_0x03
[2022-03-14 15:24:44.497994] Master 148 OP: end_send_SMP_0x03
[2022-03-14 15:24:44.562919] Slave 154 OP: recv_SMP_0x03
[2022-03-14 15:24:44.572199] Slave 155 OP: end_recv_SMP_0x03
[2022-03-14 15:24:44.574199] Slave 156 OP: send_SMP_0x03
[2022-03-14 15:24:44.581888] Slave 157 OP: end_send_SMP_0x03
[2022-03-14 15:24:44.595037] Master 149 OP: recv_SMP_0x03
[2022-03-14 15:24:44.693045] Master 150 OP: end_recv_SMP_0x03
[2022-03-14 15:24:44.694038] Master 151 OP: send_SMP_0x04
[2022-03-14 15:24:44.696087] Master 152 OP: end_send_SMP_0x04
[2022-03-14 15:24:44.722892] Slave 158 OP: recv_SMP_0x04
[2022-03-14 15:24:44.737885] Slave 159 OP: end_recv_SMP_0x04
[2022-03-14 15:24:44.739901] Slave 160 OP: send_SMP_0x04
[2022-03-14 15:24:44.741927] Slave 161 OP: end_send_SMP_0x04
[2022-03-14 15:24:44.753046] Master 153 OP: recv_SMP_0x04
[2022-03-14 15:24:44.843088] Master 154 OP: end_recv_SMP_0x04
[2022-03-14 15:24:44.844257] Master 155 OP: send_SMP_0x03
[2022-03-14 15:24:44.847976] Master 156 OP: end_send_SMP_0x03
[2022-03-14 15:24:44.912939] Slave 162 OP: recv_SMP_0x03
[2022-03-14 15:24:44.921897] Slave 163 OP: end_recv_SMP_0x03
[2022-03-14 15:24:44.923897] Slave 164 OP: send_SMP_0x03
[2022-03-14 15:24:44.931908] Slave 165 OP: end_send_SMP_0x03
[2022-03-14 15:24:44.944053] Master 157 OP: recv_SMP_0x03
[2022-03-14 15:24:45.043321] Master 158 OP: end_recv_SMP_0x03
[2022-03-14 15:24:45.044029] Master 159 OP: send_SMP_0x04
[2022-03-14 15:24:45.046027] Master 160 OP: end_send_SMP_0x04
[2022-03-14 15:24:45.072893] Slave 166 OP: recv_SMP_0x04
[2022-03-14 15:24:45.087920] Slave 167 OP: end_recv_SMP_0x04
[2022-03-14 15:24:45.089929] Slave 168 OP: send_SMP_0x04
[2022-03-14 15:24:45.091913] Slave 169 OP: end_send_SMP_0x04
[2022-03-14 15:24:45.101979] Master 161 OP: recv_SMP_0x04
[2022-03-14 15:24:45.193045] Master 162 OP: end_recv_SMP_0x04
[2022-03-14 15:24:45.194045] Master 163 OP: send_SMP_0x03
[2022-03-14 15:24:45.197976] Master 164 OP: end_send_SMP_0x03
[2022-03-14 15:24:45.314869] Slave 170 OP: recv_SMP_0x0D
[2022-03-14 15:24:45.360043] Master 165 OP: recv_SMP_0x03
[2022-03-14 15:24:45.371055] Master 166 OP: end_recv_SMP_0x03
[2022-03-14 15:24:45.375783] Master 167 OP: send_SMP_0x04
[2022-03-14 15:24:45.378009] Master 168 OP: end_send_SMP_0x04
[2022-03-14 15:24:45.389909] Slave 171 OP: end_recv_SMP_0x0D
[2022-03-14 15:24:45.394907] Slave 172 OP: send_SMP_0x0D
[2022-03-14 15:24:45.396913] Slave 173 OP: end_send_SMP_0x0D
[2022-03-14 15:24:45.590036] Master 169 OP: recv_SMP_0x04
[2022-03-14 15:24:45.626148] Master 170 OP: end_recv_SMP_0x04
[2022-03-14 15:24:45.631023] Master 171 OP: send_SMP_0x0D
[2022-03-14 15:24:45.633049] Master 172 OP: end_send_SMP_0x0D
[2022-03-14 15:24:45.790559] Master 173 OP: recv_SMP_0x0D
[2022-03-14 15:24:45.796892] Slave 174 OP: send_SMP_0x0F
[2022-03-14 15:24:45.798938] Slave 175 OP: end_send_SMP_0x0F
[2022-03-14 15:24:45.801891] Slave 176 OP: send_SMP_0x08
[2022-03-14 15:24:45.803898] Slave 177 OP: end_send_SMP_0x08
[2022-03-14 15:24:45.805875] Slave 178 OP: send_SMP_0x09
[2022-03-14 15:24:45.807932] Slave 179 OP: end_send_SMP_0x09
[2022-03-14 15:24:45.810929] Slave 180 OP: send_SMP_0x0A
[2022-03-14 15:24:45.833055] Master 174 OP: end_recv_SMP_0x0D
[2022-03-14 15:24:45.851917] Slave 181 OP: end_send_SMP_0x0A
[2022-03-14 15:24:46.015010] Master 175 OP: recv_SMP_0x0F
[2022-03-14 15:24:46.017020] Master 176 OP: end_recv_SMP_0x0F
[2022-03-14 15:24:46.049047] Master 177 OP: recv_SMP_0x08
[2022-03-14 15:24:46.053403] Master 178 OP: end_recv_SMP_0x08
[2022-03-14 15:24:46.301014] Master 179 OP: recv_SMP_0x09
[2022-03-14 15:24:46.332881] Slave 182 OP: recv_SMP_0x0F
[2022-03-14 15:24:46.336908] Slave 183 OP: end_recv_SMP_0x0F
[2022-03-14 15:24:46.368930] Slave 184 OP: recv_SMP_0x08
[2022-03-14 15:24:46.374900] Slave 185 OP: end_recv_SMP_0x08
[2022-03-14 15:24:46.397005] Slave 186 OP: recv_SMP_0x09
[2022-03-14 15:24:46.462032] Master 180 OP: end_recv_SMP_0x09
[2022-03-14 15:24:46.486019] Master 181 OP: recv_SMP_0x0A
[2022-03-14 15:24:46.494027] Master 182 OP: end_recv_SMP_0x0A
[2022-03-14 15:24:46.508006] Master 183 OP: send_SMP_0x0F
[2022-03-14 15:24:46.509088] Master 184 OP: end_send_SMP_0x0F
[2022-03-14 15:24:46.513092] Master 185 OP: send_SMP_0x08
[2022-03-14 15:24:46.517225] Master 186 OP: end_send_SMP_0x08
[2022-03-14 15:24:46.518024] Master 187 OP: send_SMP_0x09
[2022-03-14 15:24:46.520069] Master 188 OP: end_send_SMP_0x09
[2022-03-14 15:24:46.525153] Master 189 OP: send_SMP_0x0A
[2022-03-14 15:24:46.564963] Slave 187 OP: end_recv_SMP_0x09
[2022-03-14 15:24:46.587922] Slave 188 OP: recv_SMP_0x0A
[2022-03-14 15:24:46.593982] Slave 189 OP: end_recv_SMP_0x0A
[2022-03-14 15:24:46.599037] Master 190 OP: end_send_SMP_0x0A
