[2022-03-14 03:48:34.465151] Slave 1 OP: send_SMP_0x0B
[2022-03-14 03:48:34.477150] Slave 2 OP: end_send_SMP_0x0B
[2022-03-14 03:48:34.779309] Master 1 OP: recv_SMP_0x0B
[2022-03-14 03:48:34.787379] Master 2 OP: end_recv_SMP_0x0B
[2022-03-14 03:48:34.789852] Slave 3 OP: recv_SMP_0x01
[2022-03-14 03:48:34.791960] Master 3 OP: send_SMP_0x01
[2022-03-14 03:48:34.795857] Master 4 OP: end_send_SMP_0x01
[2022-03-14 03:48:34.803170] Slave 4 OP: end_recv_SMP_0x01
[2022-03-14 03:48:34.805925] Slave 5 OP: send_SMP_0x02
[2022-03-14 03:48:34.808132] Slave 6 OP: end_send_SMP_0x02
[2022-03-14 03:48:34.977585] Master 5 OP: recv_SMP_0x02
[2022-03-14 03:48:34.987356] Master 6 OP: end_recv_SMP_0x02
[2022-03-14 03:48:34.996146] Master 7 OP: send_SMP_0x0C
[2022-03-14 03:48:35.006363] Master 8 OP: end_send_SMP_0x0C
[2022-03-14 03:48:35.048544] Slave 7 OP: recv_SMP_0x0C
[2022-03-14 03:48:35.063148] Slave 8 OP: end_recv_SMP_0x0C
[2022-03-14 03:48:35.065135] Slave 9 OP: send_SMP_0x0C
[2022-03-14 03:48:35.067106] Slave 10 OP: end_send_SMP_0x0C
[2022-03-14 03:48:35.381135] Slave 11 OP: recv_SMP_0x03
[2022-03-14 03:48:35.390148] Slave 12 OP: end_recv_SMP_0x03
[2022-03-14 03:48:35.392110] Slave 13 OP: send_SMP_0x03
[2022-03-14 03:48:35.399380] Slave 14 OP: end_send_SMP_0x03
[2022-03-14 03:48:35.520625] Master 9 OP: recv_SMP_0x0C
[2022-03-14 03:48:35.527313] Master 10 OP: end_recv_SMP_0x0C
[2022-03-14 03:48:35.534362] Master 11 OP: send_SMP_0x03
[2022-03-14 03:48:35.540273] Master 12 OP: end_send_SMP_0x03
[2022-03-14 03:48:35.541405] Slave 15 OP: recv_SMP_0x04
[2022-03-14 03:48:35.558704] Slave 16 OP: end_recv_SMP_0x04
[2022-03-14 03:48:35.559614] Slave 17 OP: send_SMP_0x04
[2022-03-14 03:48:35.561684] Slave 18 OP: end_send_SMP_0x04
[2022-03-14 03:48:35.731142] Slave 19 OP: recv_SMP_0x03
[2022-03-14 03:48:35.742209] Slave 20 OP: end_recv_SMP_0x03
[2022-03-14 03:48:35.742689] Slave 21 OP: send_SMP_0x03
[2022-03-14 03:48:35.749307] Slave 22 OP: end_send_SMP_0x03
[2022-03-14 03:48:35.751047] Master 13 OP: recv_SMP_0x03
[2022-03-14 03:48:35.758689] Master 14 OP: end_recv_SMP_0x03
[2022-03-14 03:48:35.759912] Master 15 OP: send_SMP_0x04
[2022-03-14 03:48:35.761132] Master 16 OP: end_send_SMP_0x04
[2022-03-14 03:48:35.892261] Slave 23 OP: recv_SMP_0x04
[2022-03-14 03:48:35.910441] Slave 24 OP: end_recv_SMP_0x04
[2022-03-14 03:48:35.912450] Slave 25 OP: send_SMP_0x04
[2022-03-14 03:48:35.914403] Master 17 OP: recv_SMP_0x04
[2022-03-14 03:48:35.917497] Slave 26 OP: end_send_SMP_0x04
[2022-03-14 03:48:35.927001] Master 18 OP: end_recv_SMP_0x04
[2022-03-14 03:48:35.933600] Master 19 OP: send_SMP_0x03
[2022-03-14 03:48:35.945458] Master 20 OP: end_send_SMP_0x03
[2022-03-14 03:48:36.081103] Slave 27 OP: recv_SMP_0x03
[2022-03-14 03:48:36.090112] Slave 28 OP: end_recv_SMP_0x03
[2022-03-14 03:48:36.092118] Slave 29 OP: send_SMP_0x03
[2022-03-14 03:48:36.099164] Slave 30 OP: end_send_SMP_0x03
[2022-03-14 03:48:36.108305] Master 21 OP: recv_SMP_0x03
[2022-03-14 03:48:36.112602] Master 22 OP: end_recv_SMP_0x03
[2022-03-14 03:48:36.114734] Master 23 OP: send_SMP_0x04
[2022-03-14 03:48:36.208447] Master 24 OP: end_send_SMP_0x04
[2022-03-14 03:48:36.241158] Slave 31 OP: recv_SMP_0x04
[2022-03-14 03:48:36.256203] Slave 32 OP: end_recv_SMP_0x04
[2022-03-14 03:48:36.258233] Slave 33 OP: send_SMP_0x04
[2022-03-14 03:48:36.260697] Slave 34 OP: end_send_SMP_0x04
[2022-03-14 03:48:36.266315] Master 25 OP: recv_SMP_0x04
[2022-03-14 03:48:36.274538] Master 26 OP: end_recv_SMP_0x04
[2022-03-14 03:48:36.275574] Master 27 OP: send_SMP_0x03
[2022-03-14 03:48:36.361333] Master 28 OP: end_send_SMP_0x03
[2022-03-14 03:48:36.430385] Slave 35 OP: recv_SMP_0x03
[2022-03-14 03:48:36.440785] Slave 36 OP: end_recv_SMP_0x03
[2022-03-14 03:48:36.442138] Slave 37 OP: send_SMP_0x03
[2022-03-14 03:48:36.449186] Slave 38 OP: end_send_SMP_0x03
[2022-03-14 03:48:36.459864] Master 29 OP: recv_SMP_0x03
[2022-03-14 03:48:36.466175] Master 30 OP: end_recv_SMP_0x03
[2022-03-14 03:48:36.468821] Master 31 OP: send_SMP_0x04
[2022-03-14 03:48:36.558375] Master 32 OP: end_send_SMP_0x04
[2022-03-14 03:48:36.591147] Slave 39 OP: recv_SMP_0x04
[2022-03-14 03:48:36.606162] Slave 40 OP: end_recv_SMP_0x04
[2022-03-14 03:48:36.608149] Slave 41 OP: send_SMP_0x04
[2022-03-14 03:48:36.610179] Slave 42 OP: end_send_SMP_0x04
[2022-03-14 03:48:36.615392] Master 33 OP: recv_SMP_0x04
[2022-03-14 03:48:36.624378] Master 34 OP: end_recv_SMP_0x04
[2022-03-14 03:48:36.626561] Master 35 OP: send_SMP_0x03
[2022-03-14 03:48:36.711375] Master 36 OP: end_send_SMP_0x03
[2022-03-14 03:48:36.782813] Slave 43 OP: recv_SMP_0x03
[2022-03-14 03:48:36.790117] Slave 44 OP: end_recv_SMP_0x03
[2022-03-14 03:48:36.792157] Slave 45 OP: send_SMP_0x03
[2022-03-14 03:48:36.799151] Slave 46 OP: end_send_SMP_0x03
[2022-03-14 03:48:36.807376] Master 37 OP: recv_SMP_0x03
[2022-03-14 03:48:36.812334] Master 38 OP: end_recv_SMP_0x03
[2022-03-14 03:48:36.814038] Master 39 OP: send_SMP_0x04
[2022-03-14 03:48:36.908620] Master 40 OP: end_send_SMP_0x04
[2022-03-14 03:48:36.941149] Slave 47 OP: recv_SMP_0x04
[2022-03-14 03:48:36.957117] Slave 48 OP: end_recv_SMP_0x04
[2022-03-14 03:48:36.958444] Slave 49 OP: send_SMP_0x04
[2022-03-14 03:48:36.960158] Slave 50 OP: end_send_SMP_0x04
[2022-03-14 03:48:36.965382] Master 41 OP: recv_SMP_0x04
[2022-03-14 03:48:36.974536] Master 42 OP: end_recv_SMP_0x04
[2022-03-14 03:48:36.976383] Master 43 OP: send_SMP_0x03
[2022-03-14 03:48:37.061350] Master 44 OP: end_send_SMP_0x03
[2022-03-14 03:48:37.131108] Slave 51 OP: recv_SMP_0x03
[2022-03-14 03:48:37.140335] Slave 52 OP: end_recv_SMP_0x03
[2022-03-14 03:48:37.142135] Slave 53 OP: send_SMP_0x03
[2022-03-14 03:48:37.149181] Slave 54 OP: end_send_SMP_0x03
[2022-03-14 03:48:37.157396] Master 45 OP: recv_SMP_0x03
[2022-03-14 03:48:37.162414] Master 46 OP: end_recv_SMP_0x03
[2022-03-14 03:48:37.163342] Master 47 OP: send_SMP_0x04
[2022-03-14 03:48:37.258466] Master 48 OP: end_send_SMP_0x04
[2022-03-14 03:48:37.291179] Slave 55 OP: recv_SMP_0x04
[2022-03-14 03:48:37.306218] Slave 56 OP: end_recv_SMP_0x04
[2022-03-14 03:48:37.308230] Slave 57 OP: send_SMP_0x04
[2022-03-14 03:48:37.310201] Slave 58 OP: end_send_SMP_0x04
[2022-03-14 03:48:37.316246] Master 49 OP: recv_SMP_0x04
[2022-03-14 03:48:37.328439] Master 50 OP: end_recv_SMP_0x04
[2022-03-14 03:48:37.330103] Master 51 OP: send_SMP_0x03
[2022-03-14 03:48:37.411364] Master 52 OP: end_send_SMP_0x03
[2022-03-14 03:48:37.481119] Slave 59 OP: recv_SMP_0x03
[2022-03-14 03:48:37.490311] Slave 60 OP: end_recv_SMP_0x03
[2022-03-14 03:48:37.492153] Slave 61 OP: send_SMP_0x03
[2022-03-14 03:48:37.499237] Slave 62 OP: end_send_SMP_0x03
[2022-03-14 03:48:37.509701] Master 53 OP: recv_SMP_0x03
[2022-03-14 03:48:37.514149] Master 54 OP: end_recv_SMP_0x03
[2022-03-14 03:48:37.516755] Master 55 OP: send_SMP_0x04
[2022-03-14 03:48:37.608419] Master 56 OP: end_send_SMP_0x04
[2022-03-14 03:48:37.641158] Slave 63 OP: recv_SMP_0x04
[2022-03-14 03:48:37.656215] Slave 64 OP: end_recv_SMP_0x04
[2022-03-14 03:48:37.658192] Slave 65 OP: send_SMP_0x04
[2022-03-14 03:48:37.660208] Slave 66 OP: end_send_SMP_0x04
[2022-03-14 03:48:37.665419] Master 57 OP: recv_SMP_0x04
[2022-03-14 03:48:37.674412] Master 58 OP: end_recv_SMP_0x04
[2022-03-14 03:48:37.675351] Master 59 OP: send_SMP_0x03
[2022-03-14 03:48:37.761462] Master 60 OP: end_send_SMP_0x03
[2022-03-14 03:48:37.831177] Slave 67 OP: recv_SMP_0x03
[2022-03-14 03:48:37.840236] Slave 68 OP: end_recv_SMP_0x03
[2022-03-14 03:48:37.842262] Slave 69 OP: send_SMP_0x03
[2022-03-14 03:48:37.849263] Slave 70 OP: end_send_SMP_0x03
[2022-03-14 03:48:37.858408] Master 61 OP: recv_SMP_0x03
[2022-03-14 03:48:37.862519] Master 62 OP: end_recv_SMP_0x03
[2022-03-14 03:48:37.863575] Master 63 OP: send_SMP_0x04
[2022-03-14 03:48:37.958462] Master 64 OP: end_send_SMP_0x04
[2022-03-14 03:48:37.991173] Slave 71 OP: recv_SMP_0x04
[2022-03-14 03:48:38.006226] Slave 72 OP: end_recv_SMP_0x04
[2022-03-14 03:48:38.008210] Slave 73 OP: send_SMP_0x04
[2022-03-14 03:48:38.010827] Slave 74 OP: end_send_SMP_0x04
[2022-03-14 03:48:38.015336] Master 65 OP: recv_SMP_0x04
[2022-03-14 03:48:38.024406] Master 66 OP: end_recv_SMP_0x04
[2022-03-14 03:48:38.026159] Master 67 OP: send_SMP_0x03
[2022-03-14 03:48:38.111399] Master 68 OP: end_send_SMP_0x03
[2022-03-14 03:48:38.181175] Slave 75 OP: recv_SMP_0x03
[2022-03-14 03:48:38.193473] Slave 76 OP: end_recv_SMP_0x03
[2022-03-14 03:48:38.195136] Slave 77 OP: send_SMP_0x03
[2022-03-14 03:48:38.199194] Slave 78 OP: end_send_SMP_0x03
[2022-03-14 03:48:38.207888] Master 69 OP: recv_SMP_0x03
[2022-03-14 03:48:38.212710] Master 70 OP: end_recv_SMP_0x03
[2022-03-14 03:48:38.213364] Master 71 OP: send_SMP_0x04
[2022-03-14 03:48:38.308513] Master 72 OP: end_send_SMP_0x04
[2022-03-14 03:48:38.341163] Slave 79 OP: recv_SMP_0x04
[2022-03-14 03:48:38.356198] Slave 80 OP: end_recv_SMP_0x04
[2022-03-14 03:48:38.358267] Slave 81 OP: send_SMP_0x04
[2022-03-14 03:48:38.360534] Slave 82 OP: end_send_SMP_0x04
[2022-03-14 03:48:38.365356] Master 73 OP: recv_SMP_0x04
[2022-03-14 03:48:38.374464] Master 74 OP: end_recv_SMP_0x04
[2022-03-14 03:48:38.375360] Master 75 OP: send_SMP_0x03
[2022-03-14 03:48:38.461382] Master 76 OP: end_send_SMP_0x03
[2022-03-14 03:48:38.531159] Slave 83 OP: recv_SMP_0x03
[2022-03-14 03:48:38.540422] Slave 84 OP: end_recv_SMP_0x03
[2022-03-14 03:48:38.542965] Slave 85 OP: send_SMP_0x03
[2022-03-14 03:48:38.549224] Slave 86 OP: end_send_SMP_0x03
[2022-03-14 03:48:38.558482] Master 77 OP: recv_SMP_0x03
[2022-03-14 03:48:38.562467] Master 78 OP: end_recv_SMP_0x03
[2022-03-14 03:48:38.563446] Master 79 OP: send_SMP_0x04
[2022-03-14 03:48:38.658494] Master 80 OP: end_send_SMP_0x04
[2022-03-14 03:48:38.691320] Slave 87 OP: recv_SMP_0x04
[2022-03-14 03:48:38.706258] Slave 88 OP: end_recv_SMP_0x04
[2022-03-14 03:48:38.709029] Slave 89 OP: send_SMP_0x04
[2022-03-14 03:48:38.710492] Slave 90 OP: end_send_SMP_0x04
[2022-03-14 03:48:38.717341] Master 81 OP: recv_SMP_0x04
[2022-03-14 03:48:38.726155] Master 82 OP: end_recv_SMP_0x04
[2022-03-14 03:48:38.726667] Master 83 OP: send_SMP_0x03
[2022-03-14 03:48:38.811383] Master 84 OP: end_send_SMP_0x03
[2022-03-14 03:48:38.881175] Slave 91 OP: recv_SMP_0x03
[2022-03-14 03:48:38.890721] Slave 92 OP: end_recv_SMP_0x03
[2022-03-14 03:48:38.892165] Slave 93 OP: send_SMP_0x03
[2022-03-14 03:48:38.899268] Slave 94 OP: end_send_SMP_0x03
[2022-03-14 03:48:38.907418] Master 85 OP: recv_SMP_0x03
[2022-03-14 03:48:38.922518] Master 86 OP: end_recv_SMP_0x03
[2022-03-14 03:48:38.926089] Master 87 OP: send_SMP_0x04
[2022-03-14 03:48:39.009406] Master 88 OP: end_send_SMP_0x04
[2022-03-14 03:48:39.041360] Slave 95 OP: recv_SMP_0x04
[2022-03-14 03:48:39.056294] Slave 96 OP: end_recv_SMP_0x04
[2022-03-14 03:48:39.059123] Slave 97 OP: send_SMP_0x04
[2022-03-14 03:48:39.060605] Slave 98 OP: end_send_SMP_0x04
[2022-03-14 03:48:39.065373] Master 89 OP: recv_SMP_0x04
[2022-03-14 03:48:39.078730] Master 90 OP: end_recv_SMP_0x04
[2022-03-14 03:48:39.081445] Master 91 OP: send_SMP_0x03
[2022-03-14 03:48:39.161556] Master 92 OP: end_send_SMP_0x03
[2022-03-14 03:48:39.281187] Slave 99 OP: recv_SMP_0x03
[2022-03-14 03:48:39.290248] Slave 100 OP: end_recv_SMP_0x03
[2022-03-14 03:48:39.292254] Slave 101 OP: send_SMP_0x03
[2022-03-14 03:48:39.300838] Slave 102 OP: end_send_SMP_0x03
[2022-03-14 03:48:39.308388] Master 93 OP: recv_SMP_0x03
[2022-03-14 03:48:39.312429] Master 94 OP: end_recv_SMP_0x03
[2022-03-14 03:48:39.313420] Master 95 OP: send_SMP_0x04
[2022-03-14 03:48:39.408489] Master 96 OP: end_send_SMP_0x04
[2022-03-14 03:48:39.441196] Slave 103 OP: recv_SMP_0x04
[2022-03-14 03:48:39.456283] Slave 104 OP: end_recv_SMP_0x04
[2022-03-14 03:48:39.462621] Slave 105 OP: send_SMP_0x04
[2022-03-14 03:48:39.463941] Slave 106 OP: end_send_SMP_0x04
[2022-03-14 03:48:39.469021] Master 97 OP: recv_SMP_0x04
[2022-03-14 03:48:39.477966] Master 98 OP: end_recv_SMP_0x04
[2022-03-14 03:48:39.480149] Master 99 OP: send_SMP_0x03
[2022-03-14 03:48:39.482760] Master 100 OP: end_send_SMP_0x03
[2022-03-14 03:48:39.659394] Master 101 OP: recv_SMP_0x03
[2022-03-14 03:48:39.663362] Master 102 OP: end_recv_SMP_0x03
[2022-03-14 03:48:39.666853] Master 103 OP: send_SMP_0x04
[2022-03-14 03:48:39.668489] Master 104 OP: end_send_SMP_0x04
[2022-03-14 03:48:39.681174] Slave 107 OP: recv_SMP_0x03
[2022-03-14 03:48:39.690223] Slave 108 OP: end_recv_SMP_0x03
[2022-03-14 03:48:39.692231] Slave 109 OP: send_SMP_0x03
[2022-03-14 03:48:39.700205] Slave 110 OP: end_send_SMP_0x03
[2022-03-14 03:48:39.841157] Slave 111 OP: recv_SMP_0x04
[2022-03-14 03:48:39.856254] Slave 112 OP: end_recv_SMP_0x04
[2022-03-14 03:48:39.858310] Slave 113 OP: send_SMP_0x04
[2022-03-14 03:48:39.860257] Slave 114 OP: end_send_SMP_0x04
[2022-03-14 03:48:39.957849] Master 105 OP: recv_SMP_0x04
[2022-03-14 03:48:39.968189] Master 106 OP: end_recv_SMP_0x04
[2022-03-14 03:48:39.970357] Master 107 OP: send_SMP_0x03
[2022-03-14 03:48:39.975876] Master 108 OP: end_send_SMP_0x03
[2022-03-14 03:48:40.031173] Slave 115 OP: recv_SMP_0x03
[2022-03-14 03:48:40.040434] Slave 116 OP: end_recv_SMP_0x03
[2022-03-14 03:48:40.045496] Slave 117 OP: send_SMP_0x03
[2022-03-14 03:48:40.050255] Slave 118 OP: end_send_SMP_0x03
[2022-03-14 03:48:40.055374] Master 109 OP: recv_SMP_0x03
[2022-03-14 03:48:40.061267] Master 110 OP: end_recv_SMP_0x03
[2022-03-14 03:48:40.069768] Master 111 OP: send_SMP_0x04
[2022-03-14 03:48:40.071696] Master 112 OP: end_send_SMP_0x04
[2022-03-14 03:48:40.241206] Slave 119 OP: recv_SMP_0x04
[2022-03-14 03:48:40.256403] Slave 120 OP: end_recv_SMP_0x04
[2022-03-14 03:48:40.258777] Slave 121 OP: send_SMP_0x04
[2022-03-14 03:48:40.261171] Slave 122 OP: end_send_SMP_0x04
[2022-03-14 03:48:40.264697] Master 113 OP: recv_SMP_0x04
[2022-03-14 03:48:40.271423] Master 114 OP: end_recv_SMP_0x04
[2022-03-14 03:48:40.274878] Master 115 OP: send_SMP_0x03
[2022-03-14 03:48:40.358536] Master 116 OP: end_send_SMP_0x03
[2022-03-14 03:48:40.431243] Slave 123 OP: recv_SMP_0x03
[2022-03-14 03:48:40.440235] Slave 124 OP: end_recv_SMP_0x03
[2022-03-14 03:48:40.447167] Slave 125 OP: send_SMP_0x03
[2022-03-14 03:48:40.449422] Slave 126 OP: end_send_SMP_0x03
[2022-03-14 03:48:40.616384] Master 117 OP: recv_SMP_0x03
[2022-03-14 03:48:40.619842] Master 118 OP: end_recv_SMP_0x03
[2022-03-14 03:48:40.621399] Master 119 OP: send_SMP_0x04
[2022-03-14 03:48:40.623602] Master 120 OP: end_send_SMP_0x04
[2022-03-14 03:48:40.641239] Slave 127 OP: recv_SMP_0x04
[2022-03-14 03:48:40.656255] Slave 128 OP: end_recv_SMP_0x04
[2022-03-14 03:48:40.658250] Slave 129 OP: send_SMP_0x04
[2022-03-14 03:48:40.660285] Slave 130 OP: end_send_SMP_0x04
[2022-03-14 03:48:40.762417] Master 121 OP: recv_SMP_0x04
[2022-03-14 03:48:40.811531] Master 122 OP: end_recv_SMP_0x04
[2022-03-14 03:48:40.813390] Master 123 OP: send_SMP_0x03
[2022-03-14 03:48:40.817532] Master 124 OP: end_send_SMP_0x03
[2022-03-14 03:48:40.831273] Slave 131 OP: recv_SMP_0x03
[2022-03-14 03:48:40.840436] Slave 132 OP: end_recv_SMP_0x03
[2022-03-14 03:48:40.842197] Slave 133 OP: send_SMP_0x03
[2022-03-14 03:48:40.849352] Slave 134 OP: end_send_SMP_0x03
[2022-03-14 03:48:40.966411] Master 125 OP: recv_SMP_0x03
[2022-03-14 03:48:40.970406] Master 126 OP: end_recv_SMP_0x03
[2022-03-14 03:48:40.972148] Master 127 OP: send_SMP_0x04
[2022-03-14 03:48:40.977318] Master 128 OP: end_send_SMP_0x04
[2022-03-14 03:48:40.991237] Slave 135 OP: recv_SMP_0x04
[2022-03-14 03:48:41.006241] Slave 136 OP: end_recv_SMP_0x04
[2022-03-14 03:48:41.008237] Slave 137 OP: send_SMP_0x04
[2022-03-14 03:48:41.010301] Slave 138 OP: end_send_SMP_0x04
[2022-03-14 03:48:41.112455] Master 129 OP: recv_SMP_0x04
[2022-03-14 03:48:41.162415] Master 130 OP: end_recv_SMP_0x04
[2022-03-14 03:48:41.163729] Master 131 OP: send_SMP_0x03
[2022-03-14 03:48:41.167523] Master 132 OP: end_send_SMP_0x03
[2022-03-14 03:48:41.181257] Slave 139 OP: recv_SMP_0x03
[2022-03-14 03:48:41.190278] Slave 140 OP: end_recv_SMP_0x03
[2022-03-14 03:48:41.192436] Slave 141 OP: send_SMP_0x03
[2022-03-14 03:48:41.199286] Slave 142 OP: end_send_SMP_0x03
[2022-03-14 03:48:41.316402] Master 133 OP: recv_SMP_0x03
[2022-03-14 03:48:41.320431] Master 134 OP: end_recv_SMP_0x03
[2022-03-14 03:48:41.321478] Master 135 OP: send_SMP_0x04
[2022-03-14 03:48:41.323727] Master 136 OP: end_send_SMP_0x04
[2022-03-14 03:48:41.341252] Slave 143 OP: recv_SMP_0x04
[2022-03-14 03:48:41.356253] Slave 144 OP: end_recv_SMP_0x04
[2022-03-14 03:48:41.358693] Slave 145 OP: send_SMP_0x04
[2022-03-14 03:48:41.362156] Slave 146 OP: end_send_SMP_0x04
[2022-03-14 03:48:41.462523] Master 137 OP: recv_SMP_0x04
[2022-03-14 03:48:41.511562] Master 138 OP: end_recv_SMP_0x04
[2022-03-14 03:48:41.514612] Master 139 OP: send_SMP_0x03
[2022-03-14 03:48:41.517598] Master 140 OP: end_send_SMP_0x03
[2022-03-14 03:48:41.531352] Slave 147 OP: recv_SMP_0x03
[2022-03-14 03:48:41.540345] Slave 148 OP: end_recv_SMP_0x03
[2022-03-14 03:48:41.542256] Slave 149 OP: send_SMP_0x03
[2022-03-14 03:48:41.549278] Slave 150 OP: end_send_SMP_0x03
[2022-03-14 03:48:41.666447] Master 141 OP: recv_SMP_0x03
[2022-03-14 03:48:41.670485] Master 142 OP: end_recv_SMP_0x03
[2022-03-14 03:48:41.671418] Master 143 OP: send_SMP_0x04
[2022-03-14 03:48:41.673966] Master 144 OP: end_send_SMP_0x04
[2022-03-14 03:48:41.691226] Slave 151 OP: recv_SMP_0x04
[2022-03-14 03:48:41.706521] Slave 152 OP: end_recv_SMP_0x04
[2022-03-14 03:48:41.708257] Slave 153 OP: send_SMP_0x04
[2022-03-14 03:48:41.710267] Slave 154 OP: end_send_SMP_0x04
[2022-03-14 03:48:41.812461] Master 145 OP: recv_SMP_0x04
[2022-03-14 03:48:41.861623] Master 146 OP: end_recv_SMP_0x04
[2022-03-14 03:48:41.863538] Master 147 OP: send_SMP_0x03
[2022-03-14 03:48:41.867576] Master 148 OP: end_send_SMP_0x03
[2022-03-14 03:48:41.881229] Slave 155 OP: recv_SMP_0x03
[2022-03-14 03:48:41.890273] Slave 156 OP: end_recv_SMP_0x03
[2022-03-14 03:48:41.892959] Slave 157 OP: send_SMP_0x03
[2022-03-14 03:48:41.899307] Slave 158 OP: end_send_SMP_0x03
[2022-03-14 03:48:42.016420] Master 149 OP: recv_SMP_0x03
[2022-03-14 03:48:42.020432] Master 150 OP: end_recv_SMP_0x03
[2022-03-14 03:48:42.021620] Master 151 OP: send_SMP_0x04
[2022-03-14 03:48:42.024540] Master 152 OP: end_send_SMP_0x04
[2022-03-14 03:48:42.041224] Slave 159 OP: recv_SMP_0x04
[2022-03-14 03:48:42.056237] Slave 160 OP: end_recv_SMP_0x04
[2022-03-14 03:48:42.060653] Slave 161 OP: send_SMP_0x04
[2022-03-14 03:48:42.061686] Slave 162 OP: end_send_SMP_0x04
[2022-03-14 03:48:42.162503] Master 153 OP: recv_SMP_0x04
[2022-03-14 03:48:42.211563] Master 154 OP: end_recv_SMP_0x04
[2022-03-14 03:48:42.217003] Master 155 OP: send_SMP_0x03
[2022-03-14 03:48:42.219807] Master 156 OP: end_send_SMP_0x03
[2022-03-14 03:48:42.231224] Slave 163 OP: recv_SMP_0x03
[2022-03-14 03:48:42.240267] Slave 164 OP: end_recv_SMP_0x03
[2022-03-14 03:48:42.242815] Slave 165 OP: send_SMP_0x03
[2022-03-14 03:48:42.249323] Slave 166 OP: end_send_SMP_0x03
[2022-03-14 03:48:42.367204] Master 157 OP: recv_SMP_0x03
[2022-03-14 03:48:42.372242] Master 158 OP: end_recv_SMP_0x03
[2022-03-14 03:48:42.373943] Master 159 OP: send_SMP_0x04
[2022-03-14 03:48:42.374936] Master 160 OP: end_send_SMP_0x04
[2022-03-14 03:48:42.391315] Slave 167 OP: recv_SMP_0x04
[2022-03-14 03:48:42.406226] Slave 168 OP: end_recv_SMP_0x04
[2022-03-14 03:48:42.416048] Slave 169 OP: send_SMP_0x04
[2022-03-14 03:48:42.416601] Slave 170 OP: end_send_SMP_0x04
[2022-03-14 03:48:42.512468] Master 161 OP: recv_SMP_0x04
[2022-03-14 03:48:42.611633] Master 162 OP: end_recv_SMP_0x04
[2022-03-14 03:48:42.614275] Master 163 OP: send_SMP_0x03
[2022-03-14 03:48:42.617487] Master 164 OP: end_send_SMP_0x03
[2022-03-14 03:48:42.632356] Slave 171 OP: recv_SMP_0x0D
[2022-03-14 03:48:42.697480] Master 165 OP: recv_SMP_0x03
[2022-03-14 03:48:42.706484] Master 166 OP: end_recv_SMP_0x03
[2022-03-14 03:48:42.708319] Slave 172 OP: end_recv_SMP_0x0D
[2022-03-14 03:48:42.708632] Master 167 OP: send_SMP_0x04
[2022-03-14 03:48:42.710537] Master 168 OP: end_send_SMP_0x04
[2022-03-14 03:48:42.712412] Slave 173 OP: send_SMP_0x0D
[2022-03-14 03:48:42.715238] Slave 174 OP: end_send_SMP_0x0D
[2022-03-14 03:48:42.918428] Master 169 OP: recv_SMP_0x04
[2022-03-14 03:48:42.959338] Master 170 OP: end_recv_SMP_0x04
[2022-03-14 03:48:42.970072] Master 171 OP: send_SMP_0x0D
[2022-03-14 03:48:42.973602] Master 172 OP: end_send_SMP_0x0D
[2022-03-14 03:48:43.115217] Slave 175 OP: send_SMP_0x0F
[2022-03-14 03:48:43.117273] Slave 176 OP: end_send_SMP_0x0F
[2022-03-14 03:48:43.118264] Master 173 OP: recv_SMP_0x0D
[2022-03-14 03:48:43.119493] Slave 177 OP: send_SMP_0x08
[2022-03-14 03:48:43.122331] Slave 178 OP: end_send_SMP_0x08
[2022-03-14 03:48:43.128001] Slave 179 OP: send_SMP_0x09
[2022-03-14 03:48:43.132158] Slave 180 OP: end_send_SMP_0x09
[2022-03-14 03:48:43.133639] Slave 181 OP: send_SMP_0x0A
[2022-03-14 03:48:43.173378] Master 174 OP: end_recv_SMP_0x0D
[2022-03-14 03:48:43.178410] Slave 182 OP: end_send_SMP_0x0A
[2022-03-14 03:48:43.340510] Master 175 OP: recv_SMP_0x0F
[2022-03-14 03:48:43.348701] Master 176 OP: end_recv_SMP_0x0F
[2022-03-14 03:48:43.608571] Master 177 OP: recv_SMP_0x08
[2022-03-14 03:48:43.612606] Master 178 OP: end_recv_SMP_0x08
[2022-03-14 03:48:43.638792] Master 179 OP: recv_SMP_0x09
[2022-03-14 03:48:43.650311] Slave 183 OP: recv_SMP_0x0F
[2022-03-14 03:48:43.654691] Slave 184 OP: end_recv_SMP_0x0F
[2022-03-14 03:48:43.737284] Slave 185 OP: recv_SMP_0x08
[2022-03-14 03:48:43.747085] Slave 186 OP: end_recv_SMP_0x08
[2022-03-14 03:48:43.765310] Slave 187 OP: recv_SMP_0x09
[2022-03-14 03:48:43.847708] Master 180 OP: end_recv_SMP_0x09
[2022-03-14 03:48:43.869447] Master 181 OP: recv_SMP_0x0A
[2022-03-14 03:48:43.874576] Master 182 OP: end_recv_SMP_0x0A
[2022-03-14 03:48:43.888617] Master 183 OP: send_SMP_0x0F
[2022-03-14 03:48:43.890498] Master 184 OP: end_send_SMP_0x0F
[2022-03-14 03:48:43.894934] Master 185 OP: send_SMP_0x08
[2022-03-14 03:48:43.896431] Master 186 OP: end_send_SMP_0x08
[2022-03-14 03:48:43.899901] Master 187 OP: send_SMP_0x09
[2022-03-14 03:48:43.906389] Master 188 OP: end_send_SMP_0x09
[2022-03-14 03:48:43.918048] Master 189 OP: send_SMP_0x0A
[2022-03-14 03:48:43.932299] Slave 188 OP: end_recv_SMP_0x09
[2022-03-14 03:48:43.954309] Slave 189 OP: recv_SMP_0x0A
[2022-03-14 03:48:43.961858] Slave 190 OP: end_recv_SMP_0x0A
[2022-03-14 03:48:43.976077] Master 190 OP: end_send_SMP_0x0A
